# JRE version: Java(TM) SE Runtime Environment (8.0_144-b01) (build 1.8.0_144-b01)
# Java VM: Java HotSpot(TM) 64-Bit Server VM (25.144-b01 mixed mode bsd-amd64 compressed oops)
Heap:
 PSYoungGen      total 230912K, used 31489K [0x00000007aab00000, 0x00000007bf880000, 0x00000007c0000000)
  eden space 116736K, 23% used [0x00000007aab00000,0x00000007ac6083e8,0x00000007b1d00000)
  from space 114176K, 3% used [0x00000007b1d00000,0x00000007b20b8050,0x00000007b8c80000)
  to   space 110080K, 0% used [0x00000007b8d00000,0x00000007b8d00000,0x00000007bf880000)
 ParOldGen       total 699392K, used 128648K [0x0000000780000000, 0x00000007aab00000, 0x00000007aab00000)
  object space 699392K, 18% used [0x0000000780000000,0x0000000787da2118,0x00000007aab00000)
 Metaspace       used 122998K, capacity 127808K, committed 128088K, reserved 1157120K
  class space    used 20181K, capacity 20725K, committed 20824K, reserved 1048576K
GC Heap History (10 events):
Event: 260.714 GC heap before
{Heap before GC invocations=139 (full 20):
 PSYoungGen      total 232960K, used 116736K [0x00000007aab00000, 0x00000007c0000000, 0x00000007c0000000)
  eden space 116736K, 100% used [0x00000007aab00000,0x00000007b1d00000,0x00000007b1d00000)
  from space 116224K, 0% used [0x00000007b8e80000,0x00000007b8e80000,0x00000007c0000000)
  to   space 116224K, 0% used [0x00000007b1d00000,0x00000007b1d00000,0x00000007b8e80000)
 ParOldGen       total 699392K, used 123729K [0x0000000780000000, 0x00000007aab00000, 0x00000007aab00000)
  object space 699392K, 17% used [0x0000000780000000,0x00000007878d4680,0x00000007aab00000)
 Metaspace       used 119678K, capacity 123940K, committed 124120K, reserved 1153024K
  class space    used 19642K, capacity 20157K, committed 20184K, reserved 1048576K
Event: 260.721 GC heap after
Heap after GC invocations=139 (full 20):
 PSYoungGen      total 232960K, used 8263K [0x00000007aab00000, 0x00000007c0000000, 0x00000007c0000000)
  eden space 116736K, 0% used [0x00000007aab00000,0x00000007aab00000,0x00000007b1d00000)
  from space 116224K, 7% used [0x00000007b1d00000,0x00000007b2511e30,0x00000007b8e80000)
  to   space 116224K, 0% used [0x00000007b8e80000,0x00000007b8e80000,0x00000007c0000000)
 ParOldGen       total 699392K, used 123737K [0x0000000780000000, 0x00000007aab00000, 0x00000007aab00000)
  object space 699392K, 17% used [0x0000000780000000,0x00000007878d6680,0x00000007aab00000)
 Metaspace       used 119678K, capacity 123940K, committed 124120K, reserved 1153024K
  class space    used 19642K, capacity 20157K, committed 20184K, reserved 1048576K
}
Event: 329.904 GC heap before
{Heap before GC invocations=140 (full 20):
 PSYoungGen      total 232960K, used 124999K [0x00000007aab00000, 0x00000007c0000000, 0x00000007c0000000)
  eden space 116736K, 100% used [0x00000007aab00000,0x00000007b1d00000,0x00000007b1d00000)
  from space 116224K, 7% used [0x00000007b1d00000,0x00000007b2511e30,0x00000007b8e80000)
  to   space 116224K, 0% used [0x00000007b8e80000,0x00000007b8e80000,0x00000007c0000000)
 ParOldGen       total 699392K, used 123737K [0x0000000780000000, 0x00000007aab00000, 0x00000007aab00000)
  object space 699392K, 17% used [0x0000000780000000,0x00000007878d6680,0x00000007aab00000)
 Metaspace       used 122793K, capacity 127514K, committed 127832K, reserved 1157120K
  class space    used 20148K, capacity 20701K, committed 20824K, reserved 1048576K
Event: 329.912 GC heap after
Heap after GC invocations=140 (full 20):
 PSYoungGen      total 232960K, used 4123K [0x00000007aab00000, 0x00000007c0000000, 0x00000007c0000000)
  eden space 116736K, 0% used [0x00000007aab00000,0x00000007aab00000,0x00000007b1d00000)
  from space 116224K, 3% used [0x00000007b8e80000,0x00000007b9286fa8,0x00000007c0000000)
  to   space 116224K, 0% used [0x00000007b1d00000,0x00000007b1d00000,0x00000007b8e80000)
 ParOldGen       total 699392K, used 125624K [0x0000000780000000, 0x00000007aab00000, 0x00000007aab00000)
  object space 699392K, 17% used [0x0000000780000000,0x0000000787aae228,0x00000007aab00000)
 Metaspace       used 122793K, capacity 127514K, committed 127832K, reserved 1157120K
  class space    used 20148K, capacity 20701K, committed 20824K, reserved 1048576K
}
Event: 415.116 GC heap before
{Heap before GC invocations=141 (full 20):
 PSYoungGen      total 232960K, used 120859K [0x00000007aab00000, 0x00000007c0000000, 0x00000007c0000000)
  eden space 116736K, 100% used [0x00000007aab00000,0x00000007b1d00000,0x00000007b1d00000)
  from space 116224K, 3% used [0x00000007b8e80000,0x00000007b9286fa8,0x00000007c0000000)
  to   space 116224K, 0% used [0x00000007b1d00000,0x00000007b1d00000,0x00000007b8e80000)
 ParOldGen       total 699392K, used 125624K [0x0000000780000000, 0x00000007aab00000, 0x00000007aab00000)
  object space 699392K, 17% used [0x0000000780000000,0x0000000787aae228,0x00000007aab00000)
 Metaspace       used 122793K, capacity 127514K, committed 127832K, reserved 1157120K
  class space    used 20148K, capacity 20701K, committed 20824K, reserved 1048576K
Event: 415.122 GC heap after
Heap after GC invocations=141 (full 20):
 PSYoungGen      total 232960K, used 1728K [0x00000007aab00000, 0x00000007c0000000, 0x00000007c0000000)
  eden space 116736K, 0% used [0x00000007aab00000,0x00000007aab00000,0x00000007b1d00000)
  from space 116224K, 1% used [0x00000007b1d00000,0x00000007b1eb0000,0x00000007b8e80000)
  to   space 116224K, 0% used [0x00000007b8e80000,0x00000007b8e80000,0x00000007c0000000)
 ParOldGen       total 699392K, used 127424K [0x0000000780000000, 0x00000007aab00000, 0x00000007aab00000)
  object space 699392K, 18% used [0x0000000780000000,0x0000000787c70118,0x00000007aab00000)
 Metaspace       used 122793K, capacity 127514K, committed 127832K, reserved 1157120K
  class space    used 20148K, capacity 20701K, committed 20824K, reserved 1048576K
}
Event: 445.893 GC heap before
{Heap before GC invocations=142 (full 20):
 PSYoungGen      total 232960K, used 118464K [0x00000007aab00000, 0x00000007c0000000, 0x00000007c0000000)
  eden space 116736K, 100% used [0x00000007aab00000,0x00000007b1d00000,0x00000007b1d00000)
  from space 116224K, 1% used [0x00000007b1d00000,0x00000007b1eb0000,0x00000007b8e80000)
  to   space 116224K, 0% used [0x00000007b8e80000,0x00000007b8e80000,0x00000007c0000000)
 ParOldGen       total 699392K, used 127424K [0x0000000780000000, 0x00000007aab00000, 0x00000007aab00000)
  object space 699392K, 18% used [0x0000000780000000,0x0000000787c70118,0x00000007aab00000)
 Metaspace       used 122974K, capacity 127744K, committed 128088K, reserved 1157120K
  class space    used 20181K, capacity 20725K, committed 20824K, reserved 1048576K
Event: 445.904 GC heap after
Heap after GC invocations=142 (full 20):
 PSYoungGen      total 228864K, used 2016K [0x00000007aab00000, 0x00000007bfc00000, 0x00000007c0000000)
  eden space 116736K, 0% used [0x00000007aab00000,0x00000007aab00000,0x00000007b1d00000)
  from space 112128K, 1% used [0x00000007b8e80000,0x00000007b9078010,0x00000007bfc00000)
  to   space 114176K, 0% used [0x00000007b1d00000,0x00000007b1d00000,0x00000007b8c80000)
 ParOldGen       total 699392K, used 128648K [0x0000000780000000, 0x00000007aab00000, 0x00000007aab00000)
  object space 699392K, 18% used [0x0000000780000000,0x0000000787da2118,0x00000007aab00000)
 Metaspace       used 122974K, capacity 127744K, committed 128088K, reserved 1157120K
  class space    used 20181K, capacity 20725K, committed 20824K, reserved 1048576K
}
Event: 455.412 GC heap before
{Heap before GC invocations=143 (full 20):
 PSYoungGen      total 228864K, used 118752K [0x00000007aab00000, 0x00000007bfc00000, 0x00000007c0000000)
  eden space 116736K, 100% used [0x00000007aab00000,0x00000007b1d00000,0x00000007b1d00000)
  from space 112128K, 1% used [0x00000007b8e80000,0x00000007b9078010,0x00000007bfc00000)
  to   space 114176K, 0% used [0x00000007b1d00000,0x00000007b1d00000,0x00000007b8c80000)
 ParOldGen       total 699392K, used 128648K [0x0000000780000000, 0x00000007aab00000, 0x00000007aab00000)
  object space 699392K, 18% used [0x0000000780000000,0x0000000787da2118,0x00000007aab00000)
 Metaspace       used 122998K, capacity 127808K, committed 128088K, reserved 1157120K
  class space    used 20181K, capacity 20725K, committed 20824K, reserved 1048576K
Event: 455.417 GC heap after
Heap after GC invocations=143 (full 20):
 PSYoungGen      total 230912K, used 3808K [0x00000007aab00000, 0x00000007bf880000, 0x00000007c0000000)
  eden space 116736K, 0% used [0x00000007aab00000,0x00000007aab00000,0x00000007b1d00000)
  from space 114176K, 3% used [0x00000007b1d00000,0x00000007b20b8050,0x00000007b8c80000)
  to   space 110080K, 0% used [0x00000007b8d00000,0x00000007b8d00000,0x00000007bf880000)
 ParOldGen       total 699392K, used 128648K [0x0000000780000000, 0x00000007aab00000, 0x00000007aab00000)
  object space 699392K, 18% used [0x0000000780000000,0x0000000787da2118,0x00000007aab00000)
 Metaspace       used 122998K, capacity 127808K, committed 128088K, reserved 1157120K
  class space    used 20181K, capacity 20725K, committed 20824K, reserved 1048576K
}

