# JRE version: Java(TM) SE Runtime Environment (8.0_144-b01) (build 1.8.0_144-b01)
# Java VM: Java HotSpot(TM) 64-Bit Server VM (25.144-b01 mixed mode bsd-amd64 compressed oops)
Heap:
 PSYoungGen      total 223744K, used 34838K [0x00000007aab00000, 0x00000007bef00000, 0x00000007c0000000)
  eden space 126976K, 17% used [0x00000007aab00000,0x00000007ac0f3b10,0x00000007b2700000)
  from space 96768K, 12% used [0x00000007b9080000,0x00000007b9c92080,0x00000007bef00000)
  to   space 102400K, 0% used [0x00000007b2700000,0x00000007b2700000,0x00000007b8b00000)
 ParOldGen       total 699392K, used 104618K [0x0000000780000000, 0x00000007aab00000, 0x00000007aab00000)
  object space 699392K, 14% used [0x0000000780000000,0x000000078662aab0,0x00000007aab00000)
 Metaspace       used 116508K, capacity 121110K, committed 121304K, reserved 1150976K
  class space    used 19102K, capacity 19609K, committed 19672K, reserved 1048576K
GC Heap History (10 events):
Event: 306.338 GC heap before
{Heap before GC invocations=118 (full 18):
 PSYoungGen      total 232960K, used 116736K [0x00000007aab00000, 0x00000007c0000000, 0x00000007c0000000)
  eden space 116736K, 100% used [0x00000007aab00000,0x00000007b1d00000,0x00000007b1d00000)
  from space 116224K, 0% used [0x00000007b1d00000,0x00000007b1d00000,0x00000007b8e80000)
  to   space 116224K, 0% used [0x00000007b8e80000,0x00000007b8e80000,0x00000007c0000000)
 ParOldGen       total 699392K, used 104594K [0x0000000780000000, 0x00000007aab00000, 0x00000007aab00000)
  object space 699392K, 14% used [0x0000000780000000,0x0000000786624ab0,0x00000007aab00000)
 Metaspace       used 105118K, capacity 109604K, committed 109912K, reserved 1140736K
  class space    used 17489K, capacity 17999K, committed 18008K, reserved 1048576K
Event: 306.344 GC heap after
Heap after GC invocations=118 (full 18):
 PSYoungGen      total 230912K, used 8302K [0x00000007aab00000, 0x00000007bfe00000, 0x00000007c0000000)
  eden space 116736K, 0% used [0x00000007aab00000,0x00000007aab00000,0x00000007b1d00000)
  from space 114176K, 7% used [0x00000007b8e80000,0x00000007b969b8a8,0x00000007bfe00000)
  to   space 115200K, 0% used [0x00000007b1d00000,0x00000007b1d00000,0x00000007b8d80000)
 ParOldGen       total 699392K, used 104602K [0x0000000780000000, 0x00000007aab00000, 0x00000007aab00000)
  object space 699392K, 14% used [0x0000000780000000,0x0000000786626ab0,0x00000007aab00000)
 Metaspace       used 105118K, capacity 109604K, committed 109912K, reserved 1140736K
  class space    used 17489K, capacity 17999K, committed 18008K, reserved 1048576K
}
Event: 307.807 GC heap before
{Heap before GC invocations=119 (full 18):
 PSYoungGen      total 230912K, used 125038K [0x00000007aab00000, 0x00000007bfe00000, 0x00000007c0000000)
  eden space 116736K, 100% used [0x00000007aab00000,0x00000007b1d00000,0x00000007b1d00000)
  from space 114176K, 7% used [0x00000007b8e80000,0x00000007b969b8a8,0x00000007bfe00000)
  to   space 115200K, 0% used [0x00000007b1d00000,0x00000007b1d00000,0x00000007b8d80000)
 ParOldGen       total 699392K, used 104602K [0x0000000780000000, 0x00000007aab00000, 0x00000007aab00000)
  object space 699392K, 14% used [0x0000000780000000,0x0000000786626ab0,0x00000007aab00000)
 Metaspace       used 113319K, capacity 117794K, committed 118104K, reserved 1148928K
  class space    used 18674K, capacity 19188K, committed 19288K, reserved 1048576K
Event: 307.815 GC heap after
Heap after GC invocations=119 (full 18):
 PSYoungGen      total 231936K, used 13920K [0x00000007aab00000, 0x00000007bfc00000, 0x00000007c0000000)
  eden space 116736K, 0% used [0x00000007aab00000,0x00000007aab00000,0x00000007b1d00000)
  from space 115200K, 12% used [0x00000007b1d00000,0x00000007b2a98030,0x00000007b8d80000)
  to   space 112640K, 0% used [0x00000007b8e00000,0x00000007b8e00000,0x00000007bfc00000)
 ParOldGen       total 699392K, used 104610K [0x0000000780000000, 0x00000007aab00000, 0x00000007aab00000)
  object space 699392K, 14% used [0x0000000780000000,0x0000000786628ab0,0x00000007aab00000)
 Metaspace       used 113319K, capacity 117794K, committed 118104K, reserved 1148928K
  class space    used 18674K, capacity 19188K, committed 19288K, reserved 1048576K
}
Event: 368.073 GC heap before
{Heap before GC invocations=120 (full 18):
 PSYoungGen      total 231936K, used 130656K [0x00000007aab00000, 0x00000007bfc00000, 0x00000007c0000000)
  eden space 116736K, 100% used [0x00000007aab00000,0x00000007b1d00000,0x00000007b1d00000)
  from space 115200K, 12% used [0x00000007b1d00000,0x00000007b2a98030,0x00000007b8d80000)
  to   space 112640K, 0% used [0x00000007b8e00000,0x00000007b8e00000,0x00000007bfc00000)
 ParOldGen       total 699392K, used 104610K [0x0000000780000000, 0x00000007aab00000, 0x00000007aab00000)
  object space 699392K, 14% used [0x0000000780000000,0x0000000786628ab0,0x00000007aab00000)
 Metaspace       used 116286K, capacity 120862K, committed 121048K, reserved 1150976K
  class space    used 19069K, capacity 19583K, committed 19672K, reserved 1048576K
Event: 368.080 GC heap after
Heap after GC invocations=120 (full 18):
 PSYoungGen      total 229376K, used 11194K [0x00000007aab00000, 0x00000007bf780000, 0x00000007c0000000)
  eden space 121344K, 0% used [0x00000007aab00000,0x00000007aab00000,0x00000007b2180000)
  from space 108032K, 10% used [0x00000007b8e00000,0x00000007b98ee810,0x00000007bf780000)
  to   space 109568K, 0% used [0x00000007b2180000,0x00000007b2180000,0x00000007b8c80000)
 ParOldGen       total 699392K, used 104618K [0x0000000780000000, 0x00000007aab00000, 0x00000007aab00000)
  object space 699392K, 14% used [0x0000000780000000,0x000000078662aab0,0x00000007aab00000)
 Metaspace       used 116286K, capacity 120862K, committed 121048K, reserved 1150976K
  class space    used 19069K, capacity 19583K, committed 19672K, reserved 1048576K
}
Event: 400.387 GC heap before
{Heap before GC invocations=121 (full 18):
 PSYoungGen      total 229376K, used 132538K [0x00000007aab00000, 0x00000007bf780000, 0x00000007c0000000)
  eden space 121344K, 100% used [0x00000007aab00000,0x00000007b2180000,0x00000007b2180000)
  from space 108032K, 10% used [0x00000007b8e00000,0x00000007b98ee810,0x00000007bf780000)
  to   space 109568K, 0% used [0x00000007b2180000,0x00000007b2180000,0x00000007b8c80000)
 ParOldGen       total 699392K, used 104618K [0x0000000780000000, 0x00000007aab00000, 0x00000007aab00000)
  object space 699392K, 14% used [0x0000000780000000,0x000000078662aab0,0x00000007aab00000)
 Metaspace       used 116507K, capacity 121110K, committed 121304K, reserved 1150976K
  class space    used 19102K, capacity 19609K, committed 19672K, reserved 1048576K
Event: 400.395 GC heap after
Heap after GC invocations=121 (full 18):
 PSYoungGen      total 230912K, used 10216K [0x00000007aab00000, 0x00000007bf880000, 0x00000007c0000000)
  eden space 121344K, 0% used [0x00000007aab00000,0x00000007aab00000,0x00000007b2180000)
  from space 109568K, 9% used [0x00000007b2180000,0x00000007b2b7a080,0x00000007b8c80000)
  to   space 106496K, 0% used [0x00000007b9080000,0x00000007b9080000,0x00000007bf880000)
 ParOldGen       total 699392K, used 104618K [0x0000000780000000, 0x00000007aab00000, 0x00000007aab00000)
  object space 699392K, 14% used [0x0000000780000000,0x000000078662aab0,0x00000007aab00000)
 Metaspace       used 116507K, capacity 121110K, committed 121304K, reserved 1150976K
  class space    used 19102K, capacity 19609K, committed 19672K, reserved 1048576K
}
Event: 409.447 GC heap before
{Heap before GC invocations=122 (full 18):
 PSYoungGen      total 230912K, used 131560K [0x00000007aab00000, 0x00000007bf880000, 0x00000007c0000000)
  eden space 121344K, 100% used [0x00000007aab00000,0x00000007b2180000,0x00000007b2180000)
  from space 109568K, 9% used [0x00000007b2180000,0x00000007b2b7a080,0x00000007b8c80000)
  to   space 106496K, 0% used [0x00000007b9080000,0x00000007b9080000,0x00000007bf880000)
 ParOldGen       total 699392K, used 104618K [0x0000000780000000, 0x00000007aab00000, 0x00000007aab00000)
  object space 699392K, 14% used [0x0000000780000000,0x000000078662aab0,0x00000007aab00000)
 Metaspace       used 116507K, capacity 121110K, committed 121304K, reserved 1150976K
  class space    used 19102K, capacity 19609K, committed 19672K, reserved 1048576K
Event: 409.455 GC heap after
Heap after GC invocations=122 (full 18):
 PSYoungGen      total 223744K, used 12360K [0x00000007aab00000, 0x00000007bef00000, 0x00000007c0000000)
  eden space 126976K, 0% used [0x00000007aab00000,0x00000007aab00000,0x00000007b2700000)
  from space 96768K, 12% used [0x00000007b9080000,0x00000007b9c92080,0x00000007bef00000)
  to   space 102400K, 0% used [0x00000007b2700000,0x00000007b2700000,0x00000007b8b00000)
 ParOldGen       total 699392K, used 104618K [0x0000000780000000, 0x00000007aab00000, 0x00000007aab00000)
  object space 699392K, 14% used [0x0000000780000000,0x000000078662aab0,0x00000007aab00000)
 Metaspace       used 116507K, capacity 121110K, committed 121304K, reserved 1150976K
  class space    used 19102K, capacity 19609K, committed 19672K, reserved 1048576K
}

