# JRE version: Java(TM) SE Runtime Environment (8.0_144-b01) (build 1.8.0_144-b01)
# Java VM: Java HotSpot(TM) 64-Bit Server VM (25.144-b01 mixed mode bsd-amd64 compressed oops)
Heap:
 PSYoungGen      total 206336K, used 142584K [0x00000007aab00000, 0x00000007bc080000, 0x00000007c0000000)
  eden space 133632K, 82% used [0x00000007aab00000,0x00000007b16a60d8,0x00000007b2d80000)
  from space 72704K, 44% used [0x00000007b7980000,0x00000007b9918030,0x00000007bc080000)
  to   space 75264K, 0% used [0x00000007b2d80000,0x00000007b2d80000,0x00000007b7700000)
 ParOldGen       total 699392K, used 595256K [0x0000000780000000, 0x00000007aab00000, 0x00000007aab00000)
  object space 699392K, 85% used [0x0000000780000000,0x00000007a454e340,0x00000007aab00000)
 Metaspace       used 116653K, capacity 121250K, committed 121816K, reserved 1150976K
  class space    used 19060K, capacity 19560K, committed 19672K, reserved 1048576K
GC Heap History (10 events):
Event: 1843.267 GC heap before
{Heap before GC invocations=528 (full 96):
 PSYoungGen      total 139776K, used 139712K [0x00000007aab00000, 0x00000007bec80000, 0x00000007c0000000)
  eden space 122368K, 100% used [0x00000007aab00000,0x00000007b2280000,0x00000007b2280000)
  from space 17408K, 99% used [0x00000007b2280000,0x00000007b3370000,0x00000007b3380000)
  to   space 100864K, 0% used [0x00000007b8a00000,0x00000007b8a00000,0x00000007bec80000)
 ParOldGen       total 699392K, used 595256K [0x0000000780000000, 0x00000007aab00000, 0x00000007aab00000)
  object space 699392K, 85% used [0x0000000780000000,0x00000007a454e340,0x00000007aab00000)
 Metaspace       used 116653K, capacity 121250K, committed 121816K, reserved 1150976K
  class space    used 19060K, capacity 19560K, committed 19672K, reserved 1048576K
Event: 1843.312 GC heap after
Heap after GC invocations=528 (full 96):
 PSYoungGen      total 211968K, used 21408K [0x00000007aab00000, 0x00000007bdd80000, 0x00000007c0000000)
  eden space 126464K, 0% used [0x00000007aab00000,0x00000007aab00000,0x00000007b2680000)
  from space 85504K, 25% used [0x00000007b8a00000,0x00000007b9ee8030,0x00000007bdd80000)
  to   space 93696K, 0% used [0x00000007b2680000,0x00000007b2680000,0x00000007b8200000)
 ParOldGen       total 699392K, used 595256K [0x0000000780000000, 0x00000007aab00000, 0x00000007aab00000)
  object space 699392K, 85% used [0x0000000780000000,0x00000007a454e340,0x00000007aab00000)
 Metaspace       used 116653K, capacity 121250K, committed 121816K, reserved 1150976K
  class space    used 19060K, capacity 19560K, committed 19672K, reserved 1048576K
}
Event: 1847.893 GC heap before
{Heap before GC invocations=529 (full 96):
 PSYoungGen      total 211968K, used 147872K [0x00000007aab00000, 0x00000007bdd80000, 0x00000007c0000000)
  eden space 126464K, 100% used [0x00000007aab00000,0x00000007b2680000,0x00000007b2680000)
  from space 85504K, 25% used [0x00000007b8a00000,0x00000007b9ee8030,0x00000007bdd80000)
  to   space 93696K, 0% used [0x00000007b2680000,0x00000007b2680000,0x00000007b8200000)
 ParOldGen       total 699392K, used 595256K [0x0000000780000000, 0x00000007aab00000, 0x00000007aab00000)
  object space 699392K, 85% used [0x0000000780000000,0x00000007a454e340,0x00000007aab00000)
 Metaspace       used 116653K, capacity 121250K, committed 121816K, reserved 1150976K
  class space    used 19060K, capacity 19560K, committed 19672K, reserved 1048576K
Event: 1847.930 GC heap after
Heap after GC invocations=529 (full 96):
 PSYoungGen      total 151552K, used 24672K [0x00000007aab00000, 0x00000007bd480000, 0x00000007c0000000)
  eden space 126464K, 0% used [0x00000007aab00000,0x00000007aab00000,0x00000007b2680000)
  from space 25088K, 98% used [0x00000007b2680000,0x00000007b3e98030,0x00000007b3f00000)
  to   space 87040K, 0% used [0x00000007b7f80000,0x00000007b7f80000,0x00000007bd480000)
 ParOldGen       total 699392K, used 595256K [0x0000000780000000, 0x00000007aab00000, 0x00000007aab00000)
  object space 699392K, 85% used [0x0000000780000000,0x00000007a454e340,0x00000007aab00000)
 Metaspace       used 116653K, capacity 121250K, committed 121816K, reserved 1150976K
  class space    used 19060K, capacity 19560K, committed 19672K, reserved 1048576K
}
Event: 1854.861 GC heap before
{Heap before GC invocations=530 (full 96):
 PSYoungGen      total 151552K, used 151136K [0x00000007aab00000, 0x00000007bd480000, 0x00000007c0000000)
  eden space 126464K, 100% used [0x00000007aab00000,0x00000007b2680000,0x00000007b2680000)
  from space 25088K, 98% used [0x00000007b2680000,0x00000007b3e98030,0x00000007b3f00000)
  to   space 87040K, 0% used [0x00000007b7f80000,0x00000007b7f80000,0x00000007bd480000)
 ParOldGen       total 699392K, used 595256K [0x0000000780000000, 0x00000007aab00000, 0x00000007aab00000)
  object space 699392K, 85% used [0x0000000780000000,0x00000007a454e340,0x00000007aab00000)
 Metaspace       used 116653K, capacity 121250K, committed 121816K, reserved 1150976K
  class space    used 19060K, capacity 19560K, committed 19672K, reserved 1048576K
Event: 1854.910 GC heap after
Heap after GC invocations=530 (full 96):
 PSYoungGen      total 207360K, used 28640K [0x00000007aab00000, 0x00000007bcb00000, 0x00000007c0000000)
  eden space 130048K, 0% used [0x00000007aab00000,0x00000007aab00000,0x00000007b2a00000)
  from space 77312K, 37% used [0x00000007b7f80000,0x00000007b9b78030,0x00000007bcb00000)
  to   space 82432K, 0% used [0x00000007b2a00000,0x00000007b2a00000,0x00000007b7a80000)
 ParOldGen       total 699392K, used 595256K [0x0000000780000000, 0x00000007aab00000, 0x00000007aab00000)
  object space 699392K, 85% used [0x0000000780000000,0x00000007a454e340,0x00000007aab00000)
 Metaspace       used 116653K, capacity 121250K, committed 121816K, reserved 1150976K
  class space    used 19060K, capacity 19560K, committed 19672K, reserved 1048576K
}
Event: 1858.403 GC heap before
{Heap before GC invocations=531 (full 96):
 PSYoungGen      total 207360K, used 158688K [0x00000007aab00000, 0x00000007bcb00000, 0x00000007c0000000)
  eden space 130048K, 100% used [0x00000007aab00000,0x00000007b2a00000,0x00000007b2a00000)
  from space 77312K, 37% used [0x00000007b7f80000,0x00000007b9b78030,0x00000007bcb00000)
  to   space 82432K, 0% used [0x00000007b2a00000,0x00000007b2a00000,0x00000007b7a80000)
 ParOldGen       total 699392K, used 595256K [0x0000000780000000, 0x00000007aab00000, 0x00000007aab00000)
  object space 699392K, 85% used [0x0000000780000000,0x00000007a454e340,0x00000007aab00000)
 Metaspace       used 116653K, capacity 121250K, committed 121816K, reserved 1150976K
  class space    used 19060K, capacity 19560K, committed 19672K, reserved 1048576K
Event: 1858.430 GC heap after
Heap after GC invocations=531 (full 96):
 PSYoungGen      total 157184K, used 26880K [0x00000007aab00000, 0x00000007bc580000, 0x00000007c0000000)
  eden space 130048K, 0% used [0x00000007aab00000,0x00000007aab00000,0x00000007b2a00000)
  from space 27136K, 99% used [0x00000007b2a00000,0x00000007b4440030,0x00000007b4480000)
  to   space 77824K, 0% used [0x00000007b7980000,0x00000007b7980000,0x00000007bc580000)
 ParOldGen       total 699392K, used 595256K [0x0000000780000000, 0x00000007aab00000, 0x00000007aab00000)
  object space 699392K, 85% used [0x0000000780000000,0x00000007a454e340,0x00000007aab00000)
 Metaspace       used 116653K, capacity 121250K, committed 121816K, reserved 1150976K
  class space    used 19060K, capacity 19560K, committed 19672K, reserved 1048576K
}
Event: 1865.556 GC heap before
{Heap before GC invocations=532 (full 96):
 PSYoungGen      total 157184K, used 156928K [0x00000007aab00000, 0x00000007bc580000, 0x00000007c0000000)
  eden space 130048K, 100% used [0x00000007aab00000,0x00000007b2a00000,0x00000007b2a00000)
  from space 27136K, 99% used [0x00000007b2a00000,0x00000007b4440030,0x00000007b4480000)
  to   space 77824K, 0% used [0x00000007b7980000,0x00000007b7980000,0x00000007bc580000)
 ParOldGen       total 699392K, used 595256K [0x0000000780000000, 0x00000007aab00000, 0x00000007aab00000)
  object space 699392K, 85% used [0x0000000780000000,0x00000007a454e340,0x00000007aab00000)
 Metaspace       used 116653K, capacity 121250K, committed 121816K, reserved 1150976K
  class space    used 19060K, capacity 19560K, committed 19672K, reserved 1048576K
Event: 1865.606 GC heap after
Heap after GC invocations=532 (full 96):
 PSYoungGen      total 206336K, used 32352K [0x00000007aab00000, 0x00000007bc080000, 0x00000007c0000000)
  eden space 133632K, 0% used [0x00000007aab00000,0x00000007aab00000,0x00000007b2d80000)
  from space 72704K, 44% used [0x00000007b7980000,0x00000007b9918030,0x00000007bc080000)
  to   space 75264K, 0% used [0x00000007b2d80000,0x00000007b2d80000,0x00000007b7700000)
 ParOldGen       total 699392K, used 595256K [0x0000000780000000, 0x00000007aab00000, 0x00000007aab00000)
  object space 699392K, 85% used [0x0000000780000000,0x00000007a454e340,0x00000007aab00000)
 Metaspace       used 116653K, capacity 121250K, committed 121816K, reserved 1150976K
  class space    used 19060K, capacity 19560K, committed 19672K, reserved 1048576K
}

