# JRE version: Java(TM) SE Runtime Environment (8.0_144-b01) (build 1.8.0_144-b01)
# Java VM: Java HotSpot(TM) 64-Bit Server VM (25.144-b01 mixed mode bsd-amd64 compressed oops)
Heap:
 PSYoungGen      total 232960K, used 105125K [0x00000007aab00000, 0x00000007c0000000, 0x00000007c0000000)
  eden space 116736K, 90% used [0x00000007aab00000,0x00000007b11a94e0,0x00000007b1d00000)
  from space 116224K, 0% used [0x00000007b1d00000,0x00000007b1d00000,0x00000007b8e80000)
  to   space 116224K, 0% used [0x00000007b8e80000,0x00000007b8e80000,0x00000007c0000000)
 ParOldGen       total 699392K, used 285247K [0x0000000780000000, 0x00000007aab00000, 0x00000007aab00000)
  object space 699392K, 40% used [0x0000000780000000,0x000000079168fd60,0x00000007aab00000)
 Metaspace       used 160513K, capacity 169207K, committed 174296K, reserved 1198080K
  class space    used 25135K, capacity 25748K, committed 26584K, reserved 1048576K
GC Heap History (10 events):
Event: 6159.101 GC heap before
{Heap before GC invocations=613 (full 193):
 PSYoungGen      total 232960K, used 116736K [0x00000007aab00000, 0x00000007c0000000, 0x00000007c0000000)
  eden space 116736K, 100% used [0x00000007aab00000,0x00000007b1d00000,0x00000007b1d00000)
  from space 116224K, 0% used [0x00000007b8e80000,0x00000007b8e80000,0x00000007c0000000)
  to   space 116224K, 0% used [0x00000007b1d00000,0x00000007b1d00000,0x00000007b8e80000)
 ParOldGen       total 699392K, used 699208K [0x0000000780000000, 0x00000007aab00000, 0x00000007aab00000)
  object space 699392K, 99% used [0x0000000780000000,0x00000007aaad2218,0x00000007aab00000)
 Metaspace       used 160455K, capacity 169143K, committed 174296K, reserved 1198080K
  class space    used 25135K, capacity 25748K, committed 26584K, reserved 1048576K
Event: 6159.616 GC heap after
Heap after GC invocations=613 (full 193):
 PSYoungGen      total 232960K, used 36077K [0x00000007aab00000, 0x00000007c0000000, 0x00000007c0000000)
  eden space 116736K, 30% used [0x00000007aab00000,0x00000007ace3b500,0x00000007b1d00000)
  from space 116224K, 0% used [0x00000007b8e80000,0x00000007b8e80000,0x00000007c0000000)
  to   space 116224K, 0% used [0x00000007b1d00000,0x00000007b1d00000,0x00000007b8e80000)
 ParOldGen       total 699392K, used 699208K [0x0000000780000000, 0x00000007aab00000, 0x00000007aab00000)
  object space 699392K, 99% used [0x0000000780000000,0x00000007aaad21e8,0x00000007aab00000)
 Metaspace       used 160455K, capacity 169143K, committed 174296K, reserved 1198080K
  class space    used 25135K, capacity 25748K, committed 26584K, reserved 1048576K
}
Event: 6161.728 GC heap before
{Heap before GC invocations=614 (full 194):
 PSYoungGen      total 232960K, used 116736K [0x00000007aab00000, 0x00000007c0000000, 0x00000007c0000000)
  eden space 116736K, 100% used [0x00000007aab00000,0x00000007b1d00000,0x00000007b1d00000)
  from space 116224K, 0% used [0x00000007b8e80000,0x00000007b8e80000,0x00000007c0000000)
  to   space 116224K, 0% used [0x00000007b1d00000,0x00000007b1d00000,0x00000007b8e80000)
 ParOldGen       total 699392K, used 699208K [0x0000000780000000, 0x00000007aab00000, 0x00000007aab00000)
  object space 699392K, 99% used [0x0000000780000000,0x00000007aaad21e8,0x00000007aab00000)
 Metaspace       used 160455K, capacity 169143K, committed 174296K, reserved 1198080K
  class space    used 25135K, capacity 25748K, committed 26584K, reserved 1048576K
Event: 6162.124 GC heap after
Heap after GC invocations=614 (full 194):
 PSYoungGen      total 232960K, used 37992K [0x00000007aab00000, 0x00000007c0000000, 0x00000007c0000000)
  eden space 116736K, 32% used [0x00000007aab00000,0x00000007ad01a000,0x00000007b1d00000)
  from space 116224K, 0% used [0x00000007b8e80000,0x00000007b8e80000,0x00000007c0000000)
  to   space 116224K, 0% used [0x00000007b1d00000,0x00000007b1d00000,0x00000007b8e80000)
 ParOldGen       total 699392K, used 699208K [0x0000000780000000, 0x00000007aab00000, 0x00000007aab00000)
  object space 699392K, 99% used [0x0000000780000000,0x00000007aaad21d0,0x00000007aab00000)
 Metaspace       used 160455K, capacity 169143K, committed 174296K, reserved 1198080K
  class space    used 25135K, capacity 25748K, committed 26584K, reserved 1048576K
}
Event: 6166.027 GC heap before
{Heap before GC invocations=615 (full 195):
 PSYoungGen      total 232960K, used 107069K [0x00000007aab00000, 0x00000007c0000000, 0x00000007c0000000)
  eden space 116736K, 91% used [0x00000007aab00000,0x00000007b138f6e8,0x00000007b1d00000)
  from space 116224K, 0% used [0x00000007b8e80000,0x00000007b8e80000,0x00000007c0000000)
  to   space 116224K, 0% used [0x00000007b1d00000,0x00000007b1d00000,0x00000007b8e80000)
 ParOldGen       total 699392K, used 699208K [0x0000000780000000, 0x00000007aab00000, 0x00000007aab00000)
  object space 699392K, 99% used [0x0000000780000000,0x00000007aaad21d0,0x00000007aab00000)
 Metaspace       used 160456K, capacity 169143K, committed 174296K, reserved 1198080K
  class space    used 25135K, capacity 25748K, committed 26584K, reserved 1048576K
Event: 6166.348 GC heap after
Heap after GC invocations=615 (full 195):
 PSYoungGen      total 232960K, used 0K [0x00000007aab00000, 0x00000007c0000000, 0x00000007c0000000)
  eden space 116736K, 0% used [0x00000007aab00000,0x00000007aab00000,0x00000007b1d00000)
  from space 116224K, 0% used [0x00000007b8e80000,0x00000007b8e80000,0x00000007c0000000)
  to   space 116224K, 0% used [0x00000007b1d00000,0x00000007b1d00000,0x00000007b8e80000)
 ParOldGen       total 699392K, used 285248K [0x0000000780000000, 0x00000007aab00000, 0x00000007aab00000)
  object space 699392K, 40% used [0x0000000780000000,0x0000000791690048,0x00000007aab00000)
 Metaspace       used 160456K, capacity 169143K, committed 174296K, reserved 1198080K
  class space    used 25135K, capacity 25748K, committed 26584K, reserved 1048576K
}
Event: 6166.349 GC heap before
{Heap before GC invocations=616 (full 195):
 PSYoungGen      total 232960K, used 10K [0x00000007aab00000, 0x00000007c0000000, 0x00000007c0000000)
  eden space 116736K, 0% used [0x00000007aab00000,0x00000007aab02a78,0x00000007b1d00000)
  from space 116224K, 0% used [0x00000007b8e80000,0x00000007b8e80000,0x00000007c0000000)
  to   space 116224K, 0% used [0x00000007b1d00000,0x00000007b1d00000,0x00000007b8e80000)
 ParOldGen       total 699392K, used 285248K [0x0000000780000000, 0x00000007aab00000, 0x00000007aab00000)
  object space 699392K, 40% used [0x0000000780000000,0x0000000791690048,0x00000007aab00000)
 Metaspace       used 160456K, capacity 169143K, committed 174296K, reserved 1198080K
  class space    used 25135K, capacity 25748K, committed 26584K, reserved 1048576K
Event: 6166.352 GC heap after
Heap after GC invocations=616 (full 195):
 PSYoungGen      total 232960K, used 64K [0x00000007aab00000, 0x00000007c0000000, 0x00000007c0000000)
  eden space 116736K, 0% used [0x00000007aab00000,0x00000007aab00000,0x00000007b1d00000)
  from space 116224K, 0% used [0x00000007b1d00000,0x00000007b1d10000,0x00000007b8e80000)
  to   space 116224K, 0% used [0x00000007b8e80000,0x00000007b8e80000,0x00000007c0000000)
 ParOldGen       total 699392K, used 285248K [0x0000000780000000, 0x00000007aab00000, 0x00000007aab00000)
  object space 699392K, 40% used [0x0000000780000000,0x0000000791690048,0x00000007aab00000)
 Metaspace       used 160456K, capacity 169143K, committed 174296K, reserved 1198080K
  class space    used 25135K, capacity 25748K, committed 26584K, reserved 1048576K
}
Event: 6166.352 GC heap before
{Heap before GC invocations=617 (full 196):
 PSYoungGen      total 232960K, used 64K [0x00000007aab00000, 0x00000007c0000000, 0x00000007c0000000)
  eden space 116736K, 0% used [0x00000007aab00000,0x00000007aab00000,0x00000007b1d00000)
  from space 116224K, 0% used [0x00000007b1d00000,0x00000007b1d10000,0x00000007b8e80000)
  to   space 116224K, 0% used [0x00000007b8e80000,0x00000007b8e80000,0x00000007c0000000)
 ParOldGen       total 699392K, used 285248K [0x0000000780000000, 0x00000007aab00000, 0x00000007aab00000)
  object space 699392K, 40% used [0x0000000780000000,0x0000000791690048,0x00000007aab00000)
 Metaspace       used 160456K, capacity 169143K, committed 174296K, reserved 1198080K
  class space    used 25135K, capacity 25748K, committed 26584K, reserved 1048576K
Event: 6166.588 GC heap after
Heap after GC invocations=617 (full 196):
 PSYoungGen      total 232960K, used 0K [0x00000007aab00000, 0x00000007c0000000, 0x00000007c0000000)
  eden space 116736K, 0% used [0x00000007aab00000,0x00000007aab00000,0x00000007b1d00000)
  from space 116224K, 0% used [0x00000007b1d00000,0x00000007b1d00000,0x00000007b8e80000)
  to   space 116224K, 0% used [0x00000007b8e80000,0x00000007b8e80000,0x00000007c0000000)
 ParOldGen       total 699392K, used 285247K [0x0000000780000000, 0x00000007aab00000, 0x00000007aab00000)
  object space 699392K, 40% used [0x0000000780000000,0x000000079168fd60,0x00000007aab00000)
 Metaspace       used 160456K, capacity 169143K, committed 174296K, reserved 1198080K
  class space    used 25135K, capacity 25748K, committed 26584K, reserved 1048576K
}

