# JRE version: Java(TM) SE Runtime Environment (8.0_144-b01) (build 1.8.0_144-b01)
# Java VM: Java HotSpot(TM) 64-Bit Server VM (25.144-b01 mixed mode bsd-amd64 compressed oops)
Heap:
 PSYoungGen      total 222720K, used 127834K [0x00000007aab00000, 0x00000007be400000, 0x00000007c0000000)
  eden space 139776K, 53% used [0x00000007aab00000,0x00000007af378890,0x00000007b3380000)
  from space 82944K, 64% used [0x00000007b8980000,0x00000007bbdde170,0x00000007bda80000)
  to   space 88064K, 0% used [0x00000007b3380000,0x00000007b3380000,0x00000007b8980000)
 ParOldGen       total 699392K, used 545489K [0x0000000780000000, 0x00000007aab00000, 0x00000007aab00000)
  object space 699392K, 77% used [0x0000000780000000,0x00000007a14b4568,0x00000007aab00000)
 Metaspace       used 121590K, capacity 127974K, committed 128256K, reserved 1157120K
  class space    used 19845K, capacity 20452K, committed 20480K, reserved 1048576K
GC Heap History (10 events):
Event: 475.309 GC heap before
{Heap before GC invocations=110 (full 12):
 PSYoungGen      total 229888K, used 135968K [0x00000007aab00000, 0x00000007bed80000, 0x00000007c0000000)
  eden space 125952K, 100% used [0x00000007aab00000,0x00000007b2600000,0x00000007b2600000)
  from space 103936K, 9% used [0x00000007b2600000,0x00000007b2fc8000,0x00000007b8b80000)
  to   space 97792K, 0% used [0x00000007b8e00000,0x00000007b8e00000,0x00000007bed80000)
 ParOldGen       total 699392K, used 545457K [0x0000000780000000, 0x00000007aab00000, 0x00000007aab00000)
  object space 699392K, 77% used [0x0000000780000000,0x00000007a14ac568,0x00000007aab00000)
 Metaspace       used 108441K, capacity 114144K, committed 114432K, reserved 1144832K
  class space    used 17820K, capacity 18404K, committed 18432K, reserved 1048576K
Event: 475.327 GC heap after
Heap after GC invocations=110 (full 12):
 PSYoungGen      total 220160K, used 9812K [0x00000007aab00000, 0x00000007be280000, 0x00000007c0000000)
  eden space 133632K, 0% used [0x00000007aab00000,0x00000007aab00000,0x00000007b2d80000)
  from space 86528K, 11% used [0x00000007b8e00000,0x00000007b9795370,0x00000007be280000)
  to   space 92672K, 0% used [0x00000007b2d80000,0x00000007b2d80000,0x00000007b8800000)
 ParOldGen       total 699392K, used 545465K [0x0000000780000000, 0x00000007aab00000, 0x00000007aab00000)
  object space 699392K, 77% used [0x0000000780000000,0x00000007a14ae568,0x00000007aab00000)
 Metaspace       used 108441K, capacity 114144K, committed 114432K, reserved 1144832K
  class space    used 17820K, capacity 18404K, committed 18432K, reserved 1048576K
}
Event: 477.181 GC heap before
{Heap before GC invocations=111 (full 12):
 PSYoungGen      total 220160K, used 143444K [0x00000007aab00000, 0x00000007be280000, 0x00000007c0000000)
  eden space 133632K, 100% used [0x00000007aab00000,0x00000007b2d80000,0x00000007b2d80000)
  from space 86528K, 11% used [0x00000007b8e00000,0x00000007b9795370,0x00000007be280000)
  to   space 92672K, 0% used [0x00000007b2d80000,0x00000007b2d80000,0x00000007b8800000)
 ParOldGen       total 699392K, used 545465K [0x0000000780000000, 0x00000007aab00000, 0x00000007aab00000)
  object space 699392K, 77% used [0x0000000780000000,0x00000007a14ae568,0x00000007aab00000)
 Metaspace       used 118185K, capacity 123960K, committed 124160K, reserved 1153024K
  class space    used 19301K, capacity 19890K, committed 19968K, reserved 1048576K
Event: 477.194 GC heap after
Heap after GC invocations=111 (full 12):
 PSYoungGen      total 226304K, used 16796K [0x00000007aab00000, 0x00000007bdc80000, 0x00000007c0000000)
  eden space 133632K, 0% used [0x00000007aab00000,0x00000007aab00000,0x00000007b2d80000)
  from space 92672K, 18% used [0x00000007b2d80000,0x00000007b3de7120,0x00000007b8800000)
  to   space 86016K, 0% used [0x00000007b8880000,0x00000007b8880000,0x00000007bdc80000)
 ParOldGen       total 699392K, used 545473K [0x0000000780000000, 0x00000007aab00000, 0x00000007aab00000)
  object space 699392K, 77% used [0x0000000780000000,0x00000007a14b0568,0x00000007aab00000)
 Metaspace       used 118185K, capacity 123960K, committed 124160K, reserved 1153024K
  class space    used 19301K, capacity 19890K, committed 19968K, reserved 1048576K
}
Event: 547.100 GC heap before
{Heap before GC invocations=112 (full 12):
 PSYoungGen      total 226304K, used 150428K [0x00000007aab00000, 0x00000007bdc80000, 0x00000007c0000000)
  eden space 133632K, 100% used [0x00000007aab00000,0x00000007b2d80000,0x00000007b2d80000)
  from space 92672K, 18% used [0x00000007b2d80000,0x00000007b3de7120,0x00000007b8800000)
  to   space 86016K, 0% used [0x00000007b8880000,0x00000007b8880000,0x00000007bdc80000)
 ParOldGen       total 699392K, used 545473K [0x0000000780000000, 0x00000007aab00000, 0x00000007aab00000)
  object space 699392K, 77% used [0x0000000780000000,0x00000007a14b0568,0x00000007aab00000)
 Metaspace       used 121532K, capacity 127874K, committed 128000K, reserved 1157120K
  class space    used 19842K, capacity 20446K, committed 20480K, reserved 1048576K
Event: 547.120 GC heap after
Heap after GC invocations=112 (full 12):
 PSYoungGen      total 215552K, used 24796K [0x00000007aab00000, 0x00000007bd280000, 0x00000007c0000000)
  eden space 139776K, 0% used [0x00000007aab00000,0x00000007aab00000,0x00000007b3380000)
  from space 75776K, 32% used [0x00000007b8880000,0x00000007ba0b73d8,0x00000007bd280000)
  to   space 81408K, 0% used [0x00000007b3380000,0x00000007b3380000,0x00000007b8300000)
 ParOldGen       total 699392K, used 545481K [0x0000000780000000, 0x00000007aab00000, 0x00000007aab00000)
  object space 699392K, 77% used [0x0000000780000000,0x00000007a14b2568,0x00000007aab00000)
 Metaspace       used 121532K, capacity 127874K, committed 128000K, reserved 1157120K
  class space    used 19842K, capacity 20446K, committed 20480K, reserved 1048576K
}
Event: 594.412 GC heap before
{Heap before GC invocations=113 (full 12):
 PSYoungGen      total 215552K, used 164572K [0x00000007aab00000, 0x00000007bd280000, 0x00000007c0000000)
  eden space 139776K, 100% used [0x00000007aab00000,0x00000007b3380000,0x00000007b3380000)
  from space 75776K, 32% used [0x00000007b8880000,0x00000007ba0b73d8,0x00000007bd280000)
  to   space 81408K, 0% used [0x00000007b3380000,0x00000007b3380000,0x00000007b8300000)
 ParOldGen       total 699392K, used 545481K [0x0000000780000000, 0x00000007aab00000, 0x00000007aab00000)
  object space 699392K, 77% used [0x0000000780000000,0x00000007a14b2568,0x00000007aab00000)
 Metaspace       used 121586K, capacity 127974K, committed 128256K, reserved 1157120K
  class space    used 19845K, capacity 20452K, committed 20480K, reserved 1048576K
Event: 594.434 GC heap after
Heap after GC invocations=113 (full 12):
 PSYoungGen      total 221184K, used 41560K [0x00000007aab00000, 0x00000007bda80000, 0x00000007c0000000)
  eden space 139776K, 0% used [0x00000007aab00000,0x00000007aab00000,0x00000007b3380000)
  from space 81408K, 51% used [0x00000007b3380000,0x00000007b5c16170,0x00000007b8300000)
  to   space 82944K, 0% used [0x00000007b8980000,0x00000007b8980000,0x00000007bda80000)
 ParOldGen       total 699392K, used 545489K [0x0000000780000000, 0x00000007aab00000, 0x00000007aab00000)
  object space 699392K, 77% used [0x0000000780000000,0x00000007a14b4568,0x00000007aab00000)
 Metaspace       used 121586K, capacity 127974K, committed 128256K, reserved 1157120K
  class space    used 19845K, capacity 20452K, committed 20480K, reserved 1048576K
}
Event: 602.528 GC heap before
{Heap before GC invocations=114 (full 12):
 PSYoungGen      total 221184K, used 181336K [0x00000007aab00000, 0x00000007bda80000, 0x00000007c0000000)
  eden space 139776K, 100% used [0x00000007aab00000,0x00000007b3380000,0x00000007b3380000)
  from space 81408K, 51% used [0x00000007b3380000,0x00000007b5c16170,0x00000007b8300000)
  to   space 82944K, 0% used [0x00000007b8980000,0x00000007b8980000,0x00000007bda80000)
 ParOldGen       total 699392K, used 545489K [0x0000000780000000, 0x00000007aab00000, 0x00000007aab00000)
  object space 699392K, 77% used [0x0000000780000000,0x00000007a14b4568,0x00000007aab00000)
 Metaspace       used 121588K, capacity 127974K, committed 128256K, reserved 1157120K
  class space    used 19845K, capacity 20452K, committed 20480K, reserved 1048576K
Event: 602.554 GC heap after
Heap after GC invocations=114 (full 12):
 PSYoungGen      total 222720K, used 53624K [0x00000007aab00000, 0x00000007be400000, 0x00000007c0000000)
  eden space 139776K, 0% used [0x00000007aab00000,0x00000007aab00000,0x00000007b3380000)
  from space 82944K, 64% used [0x00000007b8980000,0x00000007bbdde170,0x00000007bda80000)
  to   space 88064K, 0% used [0x00000007b3380000,0x00000007b3380000,0x00000007b8980000)
 ParOldGen       total 699392K, used 545489K [0x0000000780000000, 0x00000007aab00000, 0x00000007aab00000)
  object space 699392K, 77% used [0x0000000780000000,0x00000007a14b4568,0x00000007aab00000)
 Metaspace       used 121588K, capacity 127974K, committed 128256K, reserved 1157120K
  class space    used 19845K, capacity 20452K, committed 20480K, reserved 1048576K
}

