# JRE version: Java(TM) SE Runtime Environment (8.0_144-b01) (build 1.8.0_144-b01)
# Java VM: Java HotSpot(TM) 64-Bit Server VM (25.144-b01 mixed mode bsd-amd64 compressed oops)
Heap:
 PSYoungGen      total 232960K, used 22809K [0x00000007aab00000, 0x00000007c0000000, 0x00000007c0000000)
  eden space 116736K, 16% used [0x00000007aab00000,0x00000007abdde520,0x00000007b1d00000)
  from space 116224K, 3% used [0x00000007b8e80000,0x00000007b91e8000,0x00000007c0000000)
  to   space 116224K, 0% used [0x00000007b1d00000,0x00000007b1d00000,0x00000007b8e80000)
 ParOldGen       total 688128K, used 117804K [0x0000000780000000, 0x00000007aa000000, 0x00000007aab00000)
  object space 688128K, 17% used [0x0000000780000000,0x000000078730b070,0x00000007aa000000)
 Metaspace       used 114975K, capacity 119080K, committed 119384K, reserved 1148928K
  class space    used 18720K, capacity 19212K, committed 19288K, reserved 1048576K
GC Heap History (10 events):
Event: 296.446 GC heap before
{Heap before GC invocations=134 (full 20):
 PSYoungGen      total 228352K, used 116736K [0x00000007aab00000, 0x00000007c0000000, 0x00000007c0000000)
  eden space 116736K, 100% used [0x00000007aab00000,0x00000007b1d00000,0x00000007b1d00000)
  from space 111616K, 0% used [0x00000007b9300000,0x00000007b9300000,0x00000007c0000000)
  to   space 116224K, 0% used [0x00000007b1d00000,0x00000007b1d00000,0x00000007b8e80000)
 ParOldGen       total 699392K, used 641023K [0x0000000780000000, 0x00000007aab00000, 0x00000007aab00000)
  object space 699392K, 91% used [0x0000000780000000,0x00000007a71ffdd0,0x00000007aab00000)
 Metaspace       used 109202K, capacity 113418K, committed 113752K, reserved 1144832K
  class space    used 17928K, capacity 18410K, committed 18520K, reserved 1048576K
Event: 296.596 GC heap after
Heap after GC invocations=134 (full 20):
 PSYoungGen      total 228352K, used 0K [0x00000007aab00000, 0x00000007c0000000, 0x00000007c0000000)
  eden space 116736K, 0% used [0x00000007aab00000,0x00000007aab00000,0x00000007b1d00000)
  from space 111616K, 0% used [0x00000007b9300000,0x00000007b9300000,0x00000007c0000000)
  to   space 116224K, 0% used [0x00000007b1d00000,0x00000007b1d00000,0x00000007b8e80000)
 ParOldGen       total 688128K, used 111511K [0x0000000780000000, 0x00000007aa000000, 0x00000007aab00000)
  object space 688128K, 16% used [0x0000000780000000,0x0000000786ce5ca8,0x00000007aa000000)
 Metaspace       used 109029K, capacity 113050K, committed 113752K, reserved 1144832K
  class space    used 17877K, capacity 18347K, committed 18520K, reserved 1048576K
}
Event: 315.795 GC heap before
{Heap before GC invocations=135 (full 20):
 PSYoungGen      total 228352K, used 116736K [0x00000007aab00000, 0x00000007c0000000, 0x00000007c0000000)
  eden space 116736K, 100% used [0x00000007aab00000,0x00000007b1d00000,0x00000007b1d00000)
  from space 111616K, 0% used [0x00000007b9300000,0x00000007b9300000,0x00000007c0000000)
  to   space 116224K, 0% used [0x00000007b1d00000,0x00000007b1d00000,0x00000007b8e80000)
 ParOldGen       total 688128K, used 111511K [0x0000000780000000, 0x00000007aa000000, 0x00000007aab00000)
  object space 688128K, 16% used [0x0000000780000000,0x0000000786ce5ca8,0x00000007aa000000)
 Metaspace       used 114947K, capacity 119074K, committed 119384K, reserved 1148928K
  class space    used 18719K, capacity 19211K, committed 19288K, reserved 1048576K
Event: 315.802 GC heap after
Heap after GC invocations=135 (full 20):
 PSYoungGen      total 232960K, used 8819K [0x00000007aab00000, 0x00000007c0000000, 0x00000007c0000000)
  eden space 116736K, 0% used [0x00000007aab00000,0x00000007aab00000,0x00000007b1d00000)
  from space 116224K, 7% used [0x00000007b1d00000,0x00000007b259cf40,0x00000007b8e80000)
  to   space 116224K, 0% used [0x00000007b8e80000,0x00000007b8e80000,0x00000007c0000000)
 ParOldGen       total 688128K, used 111519K [0x0000000780000000, 0x00000007aa000000, 0x00000007aab00000)
  object space 688128K, 16% used [0x0000000780000000,0x0000000786ce7ca8,0x00000007aa000000)
 Metaspace       used 114947K, capacity 119074K, committed 119384K, reserved 1148928K
  class space    used 18719K, capacity 19211K, committed 19288K, reserved 1048576K
}
Event: 389.180 GC heap before
{Heap before GC invocations=136 (full 20):
 PSYoungGen      total 232960K, used 125555K [0x00000007aab00000, 0x00000007c0000000, 0x00000007c0000000)
  eden space 116736K, 100% used [0x00000007aab00000,0x00000007b1d00000,0x00000007b1d00000)
  from space 116224K, 7% used [0x00000007b1d00000,0x00000007b259cf40,0x00000007b8e80000)
  to   space 116224K, 0% used [0x00000007b8e80000,0x00000007b8e80000,0x00000007c0000000)
 ParOldGen       total 688128K, used 111519K [0x0000000780000000, 0x00000007aa000000, 0x00000007aab00000)
  object space 688128K, 16% used [0x0000000780000000,0x0000000786ce7ca8,0x00000007aa000000)
 Metaspace       used 114973K, capacity 119080K, committed 119384K, reserved 1148928K
  class space    used 18720K, capacity 19212K, committed 19288K, reserved 1048576K
Event: 389.186 GC heap after
Heap after GC invocations=136 (full 20):
 PSYoungGen      total 232960K, used 2112K [0x00000007aab00000, 0x00000007c0000000, 0x00000007c0000000)
  eden space 116736K, 0% used [0x00000007aab00000,0x00000007aab00000,0x00000007b1d00000)
  from space 116224K, 1% used [0x00000007b8e80000,0x00000007b9090000,0x00000007c0000000)
  to   space 116224K, 0% used [0x00000007b1d00000,0x00000007b1d00000,0x00000007b8e80000)
 ParOldGen       total 688128K, used 115052K [0x0000000780000000, 0x00000007aa000000, 0x00000007aab00000)
  object space 688128K, 16% used [0x0000000780000000,0x000000078705b070,0x00000007aa000000)
 Metaspace       used 114973K, capacity 119080K, committed 119384K, reserved 1148928K
  class space    used 18720K, capacity 19212K, committed 19288K, reserved 1048576K
}
Event: 414.629 GC heap before
{Heap before GC invocations=137 (full 20):
 PSYoungGen      total 232960K, used 118848K [0x00000007aab00000, 0x00000007c0000000, 0x00000007c0000000)
  eden space 116736K, 100% used [0x00000007aab00000,0x00000007b1d00000,0x00000007b1d00000)
  from space 116224K, 1% used [0x00000007b8e80000,0x00000007b9090000,0x00000007c0000000)
  to   space 116224K, 0% used [0x00000007b1d00000,0x00000007b1d00000,0x00000007b8e80000)
 ParOldGen       total 688128K, used 115052K [0x0000000780000000, 0x00000007aa000000, 0x00000007aab00000)
  object space 688128K, 16% used [0x0000000780000000,0x000000078705b070,0x00000007aa000000)
 Metaspace       used 114973K, capacity 119080K, committed 119384K, reserved 1148928K
  class space    used 18720K, capacity 19212K, committed 19288K, reserved 1048576K
Event: 414.634 GC heap after
Heap after GC invocations=137 (full 20):
 PSYoungGen      total 232960K, used 2688K [0x00000007aab00000, 0x00000007c0000000, 0x00000007c0000000)
  eden space 116736K, 0% used [0x00000007aab00000,0x00000007aab00000,0x00000007b1d00000)
  from space 116224K, 2% used [0x00000007b1d00000,0x00000007b1fa0000,0x00000007b8e80000)
  to   space 116224K, 0% used [0x00000007b8e80000,0x00000007b8e80000,0x00000007c0000000)
 ParOldGen       total 688128K, used 116756K [0x0000000780000000, 0x00000007aa000000, 0x00000007aab00000)
  object space 688128K, 16% used [0x0000000780000000,0x0000000787205070,0x00000007aa000000)
 Metaspace       used 114973K, capacity 119080K, committed 119384K, reserved 1148928K
  class space    used 18720K, capacity 19212K, committed 19288K, reserved 1048576K
}
Event: 421.302 GC heap before
{Heap before GC invocations=138 (full 20):
 PSYoungGen      total 232960K, used 119424K [0x00000007aab00000, 0x00000007c0000000, 0x00000007c0000000)
  eden space 116736K, 100% used [0x00000007aab00000,0x00000007b1d00000,0x00000007b1d00000)
  from space 116224K, 2% used [0x00000007b1d00000,0x00000007b1fa0000,0x00000007b8e80000)
  to   space 116224K, 0% used [0x00000007b8e80000,0x00000007b8e80000,0x00000007c0000000)
 ParOldGen       total 688128K, used 116756K [0x0000000780000000, 0x00000007aa000000, 0x00000007aab00000)
  object space 688128K, 16% used [0x0000000780000000,0x0000000787205070,0x00000007aa000000)
 Metaspace       used 114973K, capacity 119080K, committed 119384K, reserved 1148928K
  class space    used 18720K, capacity 19212K, committed 19288K, reserved 1048576K
Event: 421.306 GC heap after
Heap after GC invocations=138 (full 20):
 PSYoungGen      total 232960K, used 3488K [0x00000007aab00000, 0x00000007c0000000, 0x00000007c0000000)
  eden space 116736K, 0% used [0x00000007aab00000,0x00000007aab00000,0x00000007b1d00000)
  from space 116224K, 3% used [0x00000007b8e80000,0x00000007b91e8000,0x00000007c0000000)
  to   space 116224K, 0% used [0x00000007b1d00000,0x00000007b1d00000,0x00000007b8e80000)
 ParOldGen       total 688128K, used 117804K [0x0000000780000000, 0x00000007aa000000, 0x00000007aab00000)
  object space 688128K, 17% used [0x0000000780000000,0x000000078730b070,0x00000007aa000000)
 Metaspace       used 114973K, capacity 119080K, committed 119384K, reserved 1148928K
  class space    used 18720K, capacity 19212K, committed 19288K, reserved 1048576K
}

