# JRE version: Java(TM) SE Runtime Environment (8.0_144-b01) (build 1.8.0_144-b01)
# Java VM: Java HotSpot(TM) 64-Bit Server VM (25.144-b01 mixed mode bsd-amd64 compressed oops)
Heap:
 PSYoungGen      total 232960K, used 66555K [0x00000007aab00000, 0x00000007c0000000, 0x00000007c0000000)
  eden space 116736K, 56% used [0x00000007aab00000,0x00000007aebb6f20,0x00000007b1d00000)
  from space 116224K, 0% used [0x00000007b1d00000,0x00000007b1d48000,0x00000007b8e80000)
  to   space 116224K, 0% used [0x00000007b8e80000,0x00000007b8e80000,0x00000007c0000000)
 ParOldGen       total 699392K, used 158401K [0x0000000780000000, 0x00000007aab00000, 0x00000007aab00000)
  object space 699392K, 22% used [0x0000000780000000,0x0000000789ab0788,0x00000007aab00000)
 Metaspace       used 161223K, capacity 169177K, committed 169664K, reserved 1193984K
  class space    used 24800K, capacity 25414K, committed 25536K, reserved 1048576K
GC Heap History (10 events):
Event: 720.611 GC heap before
{Heap before GC invocations=141 (full 24):
 PSYoungGen      total 232960K, used 116736K [0x00000007aab00000, 0x00000007c0000000, 0x00000007c0000000)
  eden space 116736K, 100% used [0x00000007aab00000,0x00000007b1d00000,0x00000007b1d00000)
  from space 116224K, 0% used [0x00000007b8e80000,0x00000007b8e80000,0x00000007c0000000)
  to   space 116224K, 0% used [0x00000007b1d00000,0x00000007b1d00000,0x00000007b8e80000)
 ParOldGen       total 699392K, used 149768K [0x0000000780000000, 0x00000007aab00000, 0x00000007aab00000)
  object space 699392K, 21% used [0x0000000780000000,0x0000000789242080,0x00000007aab00000)
 Metaspace       used 159718K, capacity 167597K, committed 168256K, reserved 1191936K
  class space    used 24612K, capacity 25203K, committed 25408K, reserved 1048576K
Event: 720.619 GC heap after
Heap after GC invocations=141 (full 24):
 PSYoungGen      total 232960K, used 8709K [0x00000007aab00000, 0x00000007c0000000, 0x00000007c0000000)
  eden space 116736K, 0% used [0x00000007aab00000,0x00000007aab00000,0x00000007b1d00000)
  from space 116224K, 7% used [0x00000007b1d00000,0x00000007b2581778,0x00000007b8e80000)
  to   space 116224K, 0% used [0x00000007b8e80000,0x00000007b8e80000,0x00000007c0000000)
 ParOldGen       total 699392K, used 149776K [0x0000000780000000, 0x00000007aab00000, 0x00000007aab00000)
  object space 699392K, 21% used [0x0000000780000000,0x0000000789244080,0x00000007aab00000)
 Metaspace       used 159718K, capacity 167597K, committed 168256K, reserved 1191936K
  class space    used 24612K, capacity 25203K, committed 25408K, reserved 1048576K
}
Event: 779.451 GC heap before
{Heap before GC invocations=142 (full 24):
 PSYoungGen      total 232960K, used 125445K [0x00000007aab00000, 0x00000007c0000000, 0x00000007c0000000)
  eden space 116736K, 100% used [0x00000007aab00000,0x00000007b1d00000,0x00000007b1d00000)
  from space 116224K, 7% used [0x00000007b1d00000,0x00000007b2581778,0x00000007b8e80000)
  to   space 116224K, 0% used [0x00000007b8e80000,0x00000007b8e80000,0x00000007c0000000)
 ParOldGen       total 699392K, used 149776K [0x0000000780000000, 0x00000007aab00000, 0x00000007aab00000)
  object space 699392K, 21% used [0x0000000780000000,0x0000000789244080,0x00000007aab00000)
 Metaspace       used 161098K, capacity 169031K, committed 169664K, reserved 1193984K
  class space    used 24799K, capacity 25411K, committed 25536K, reserved 1048576K
Event: 779.457 GC heap after
Heap after GC invocations=142 (full 24):
 PSYoungGen      total 232960K, used 5866K [0x00000007aab00000, 0x00000007c0000000, 0x00000007c0000000)
  eden space 116736K, 0% used [0x00000007aab00000,0x00000007aab00000,0x00000007b1d00000)
  from space 116224K, 5% used [0x00000007b8e80000,0x00000007b943a998,0x00000007c0000000)
  to   space 116224K, 0% used [0x00000007b1d00000,0x00000007b1d00000,0x00000007b8e80000)
 ParOldGen       total 699392K, used 151961K [0x0000000780000000, 0x00000007aab00000, 0x00000007aab00000)
  object space 699392K, 21% used [0x0000000780000000,0x00000007894666e8,0x00000007aab00000)
 Metaspace       used 161098K, capacity 169031K, committed 169664K, reserved 1193984K
  class space    used 24799K, capacity 25411K, committed 25536K, reserved 1048576K
}
Event: 829.964 GC heap before
{Heap before GC invocations=143 (full 24):
 PSYoungGen      total 232960K, used 122602K [0x00000007aab00000, 0x00000007c0000000, 0x00000007c0000000)
  eden space 116736K, 100% used [0x00000007aab00000,0x00000007b1d00000,0x00000007b1d00000)
  from space 116224K, 5% used [0x00000007b8e80000,0x00000007b943a998,0x00000007c0000000)
  to   space 116224K, 0% used [0x00000007b1d00000,0x00000007b1d00000,0x00000007b8e80000)
 ParOldGen       total 699392K, used 151961K [0x0000000780000000, 0x00000007aab00000, 0x00000007aab00000)
  object space 699392K, 21% used [0x0000000780000000,0x00000007894666e8,0x00000007aab00000)
 Metaspace       used 161182K, capacity 169107K, committed 169664K, reserved 1193984K
  class space    used 24800K, capacity 25413K, committed 25536K, reserved 1048576K
Event: 829.971 GC heap after
Heap after GC invocations=143 (full 24):
 PSYoungGen      total 232960K, used 1632K [0x00000007aab00000, 0x00000007c0000000, 0x00000007c0000000)
  eden space 116736K, 0% used [0x00000007aab00000,0x00000007aab00000,0x00000007b1d00000)
  from space 116224K, 1% used [0x00000007b1d00000,0x00000007b1e98000,0x00000007b8e80000)
  to   space 116224K, 0% used [0x00000007b8e80000,0x00000007b8e80000,0x00000007c0000000)
 ParOldGen       total 699392K, used 156529K [0x0000000780000000, 0x00000007aab00000, 0x00000007aab00000)
  object space 699392K, 22% used [0x0000000780000000,0x00000007898dc788,0x00000007aab00000)
 Metaspace       used 161182K, capacity 169107K, committed 169664K, reserved 1193984K
  class space    used 24800K, capacity 25413K, committed 25536K, reserved 1048576K
}
Event: 846.609 GC heap before
{Heap before GC invocations=144 (full 24):
 PSYoungGen      total 232960K, used 118368K [0x00000007aab00000, 0x00000007c0000000, 0x00000007c0000000)
  eden space 116736K, 100% used [0x00000007aab00000,0x00000007b1d00000,0x00000007b1d00000)
  from space 116224K, 1% used [0x00000007b1d00000,0x00000007b1e98000,0x00000007b8e80000)
  to   space 116224K, 0% used [0x00000007b8e80000,0x00000007b8e80000,0x00000007c0000000)
 ParOldGen       total 699392K, used 156529K [0x0000000780000000, 0x00000007aab00000, 0x00000007aab00000)
  object space 699392K, 22% used [0x0000000780000000,0x00000007898dc788,0x00000007aab00000)
 Metaspace       used 161215K, capacity 169177K, committed 169664K, reserved 1193984K
  class space    used 24800K, capacity 25414K, committed 25536K, reserved 1048576K
Event: 846.614 GC heap after
Heap after GC invocations=144 (full 24):
 PSYoungGen      total 232960K, used 1312K [0x00000007aab00000, 0x00000007c0000000, 0x00000007c0000000)
  eden space 116736K, 0% used [0x00000007aab00000,0x00000007aab00000,0x00000007b1d00000)
  from space 116224K, 1% used [0x00000007b8e80000,0x00000007b8fc8000,0x00000007c0000000)
  to   space 116224K, 0% used [0x00000007b1d00000,0x00000007b1d00000,0x00000007b8e80000)
 ParOldGen       total 699392K, used 157721K [0x0000000780000000, 0x00000007aab00000, 0x00000007aab00000)
  object space 699392K, 22% used [0x0000000780000000,0x0000000789a06788,0x00000007aab00000)
 Metaspace       used 161215K, capacity 169177K, committed 169664K, reserved 1193984K
  class space    used 24800K, capacity 25414K, committed 25536K, reserved 1048576K
}
Event: 1018.574 GC heap before
{Heap before GC invocations=145 (full 24):
 PSYoungGen      total 232960K, used 118048K [0x00000007aab00000, 0x00000007c0000000, 0x00000007c0000000)
  eden space 116736K, 100% used [0x00000007aab00000,0x00000007b1d00000,0x00000007b1d00000)
  from space 116224K, 1% used [0x00000007b8e80000,0x00000007b8fc8000,0x00000007c0000000)
  to   space 116224K, 0% used [0x00000007b1d00000,0x00000007b1d00000,0x00000007b8e80000)
 ParOldGen       total 699392K, used 157721K [0x0000000780000000, 0x00000007aab00000, 0x00000007aab00000)
  object space 699392K, 22% used [0x0000000780000000,0x0000000789a06788,0x00000007aab00000)
 Metaspace       used 161217K, capacity 169177K, committed 169664K, reserved 1193984K
  class space    used 24800K, capacity 25414K, committed 25536K, reserved 1048576K
Event: 1018.579 GC heap after
Heap after GC invocations=145 (full 24):
 PSYoungGen      total 232960K, used 288K [0x00000007aab00000, 0x00000007c0000000, 0x00000007c0000000)
  eden space 116736K, 0% used [0x00000007aab00000,0x00000007aab00000,0x00000007b1d00000)
  from space 116224K, 0% used [0x00000007b1d00000,0x00000007b1d48000,0x00000007b8e80000)
  to   space 116224K, 0% used [0x00000007b8e80000,0x00000007b8e80000,0x00000007c0000000)
 ParOldGen       total 699392K, used 158401K [0x0000000780000000, 0x00000007aab00000, 0x00000007aab00000)
  object space 699392K, 22% used [0x0000000780000000,0x0000000789ab0788,0x00000007aab00000)
 Metaspace       used 161217K, capacity 169177K, committed 169664K, reserved 1193984K
  class space    used 24800K, capacity 25414K, committed 25536K, reserved 1048576K
}

