# JRE version: Java(TM) SE Runtime Environment (8.0_144-b01) (build 1.8.0_144-b01)
# Java VM: Java HotSpot(TM) 64-Bit Server VM (25.144-b01 mixed mode bsd-amd64 compressed oops)
Heap:
 PSYoungGen      total 231424K, used 100683K [0x00000007aab00000, 0x00000007bf380000, 0x00000007c0000000)
  eden space 125440K, 75% used [0x00000007aab00000,0x00000007b07b2e68,0x00000007b2580000)
  from space 105984K, 5% used [0x00000007b2580000,0x00000007b2b20040,0x00000007b8d00000)
  to   space 102912K, 0% used [0x00000007b8f00000,0x00000007b8f00000,0x00000007bf380000)
 ParOldGen       total 699392K, used 115199K [0x0000000780000000, 0x00000007aab00000, 0x00000007aab00000)
  object space 699392K, 16% used [0x0000000780000000,0x000000078707ffb0,0x00000007aab00000)
 Metaspace       used 116197K, capacity 120752K, committed 121048K, reserved 1150976K
  class space    used 19076K, capacity 19570K, committed 19672K, reserved 1048576K
GC Heap History (10 events):
Event: 361.475 GC heap before
{Heap before GC invocations=126 (full 35):
 PSYoungGen      total 231936K, used 126725K [0x00000007aab00000, 0x00000007bff00000, 0x00000007c0000000)
  eden space 116736K, 100% used [0x00000007aab00000,0x00000007b1d00000,0x00000007b1d00000)
  from space 115200K, 8% used [0x00000007b8e80000,0x00000007b9841678,0x00000007bff00000)
  to   space 115712K, 0% used [0x00000007b1d00000,0x00000007b1d00000,0x00000007b8e00000)
 ParOldGen       total 699392K, used 112581K [0x0000000780000000, 0x00000007aab00000, 0x00000007aab00000)
  object space 699392K, 16% used [0x0000000780000000,0x0000000786df1460,0x00000007aab00000)
 Metaspace       used 116030K, capacity 120606K, committed 120792K, reserved 1150976K
  class space    used 19073K, capacity 19567K, committed 19672K, reserved 1048576K
Event: 361.483 GC heap after
Heap after GC invocations=126 (full 35):
 PSYoungGen      total 232448K, used 8131K [0x00000007aab00000, 0x00000007bfd80000, 0x00000007c0000000)
  eden space 116736K, 0% used [0x00000007aab00000,0x00000007aab00000,0x00000007b1d00000)
  from space 115712K, 7% used [0x00000007b1d00000,0x00000007b24f0db0,0x00000007b8e00000)
  to   space 114176K, 0% used [0x00000007b8e00000,0x00000007b8e00000,0x00000007bfd80000)
 ParOldGen       total 699392K, used 115183K [0x0000000780000000, 0x00000007aab00000, 0x00000007aab00000)
  object space 699392K, 16% used [0x0000000780000000,0x000000078707bfb0,0x00000007aab00000)
 Metaspace       used 116030K, capacity 120606K, committed 120792K, reserved 1150976K
  class space    used 19073K, capacity 19567K, committed 19672K, reserved 1048576K
}
Event: 463.665 GC heap before
{Heap before GC invocations=127 (full 35):
 PSYoungGen      total 232448K, used 124867K [0x00000007aab00000, 0x00000007bfd80000, 0x00000007c0000000)
  eden space 116736K, 100% used [0x00000007aab00000,0x00000007b1d00000,0x00000007b1d00000)
  from space 115712K, 7% used [0x00000007b1d00000,0x00000007b24f0db0,0x00000007b8e00000)
  to   space 114176K, 0% used [0x00000007b8e00000,0x00000007b8e00000,0x00000007bfd80000)
 ParOldGen       total 699392K, used 115183K [0x0000000780000000, 0x00000007aab00000, 0x00000007aab00000)
  object space 699392K, 16% used [0x0000000780000000,0x000000078707bfb0,0x00000007aab00000)
 Metaspace       used 116196K, capacity 120752K, committed 121048K, reserved 1150976K
  class space    used 19076K, capacity 19570K, committed 19672K, reserved 1048576K
Event: 463.672 GC heap after
Heap after GC invocations=127 (full 35):
 PSYoungGen      total 231424K, used 3424K [0x00000007aab00000, 0x00000007bfb80000, 0x00000007c0000000)
  eden space 119296K, 0% used [0x00000007aab00000,0x00000007aab00000,0x00000007b1f80000)
  from space 112128K, 3% used [0x00000007b8e00000,0x00000007b9158050,0x00000007bfb80000)
  to   space 112640K, 0% used [0x00000007b1f80000,0x00000007b1f80000,0x00000007b8d80000)
 ParOldGen       total 699392K, used 115191K [0x0000000780000000, 0x00000007aab00000, 0x00000007aab00000)
  object space 699392K, 16% used [0x0000000780000000,0x000000078707dfb0,0x00000007aab00000)
 Metaspace       used 116196K, capacity 120752K, committed 121048K, reserved 1150976K
  class space    used 19076K, capacity 19570K, committed 19672K, reserved 1048576K
}
Event: 530.186 GC heap before
{Heap before GC invocations=128 (full 35):
 PSYoungGen      total 231424K, used 122720K [0x00000007aab00000, 0x00000007bfb80000, 0x00000007c0000000)
  eden space 119296K, 100% used [0x00000007aab00000,0x00000007b1f80000,0x00000007b1f80000)
  from space 112128K, 3% used [0x00000007b8e00000,0x00000007b9158050,0x00000007bfb80000)
  to   space 112640K, 0% used [0x00000007b1f80000,0x00000007b1f80000,0x00000007b8d80000)
 ParOldGen       total 699392K, used 115191K [0x0000000780000000, 0x00000007aab00000, 0x00000007aab00000)
  object space 699392K, 16% used [0x0000000780000000,0x000000078707dfb0,0x00000007aab00000)
 Metaspace       used 116197K, capacity 120752K, committed 121048K, reserved 1150976K
  class space    used 19076K, capacity 19570K, committed 19672K, reserved 1048576K
Event: 530.212 GC heap after
Heap after GC invocations=128 (full 35):
 PSYoungGen      total 231936K, used 4832K [0x00000007aab00000, 0x00000007bfb80000, 0x00000007c0000000)
  eden space 119296K, 0% used [0x00000007aab00000,0x00000007aab00000,0x00000007b1f80000)
  from space 112640K, 4% used [0x00000007b1f80000,0x00000007b2438040,0x00000007b8d80000)
  to   space 110080K, 0% used [0x00000007b9000000,0x00000007b9000000,0x00000007bfb80000)
 ParOldGen       total 699392K, used 115199K [0x0000000780000000, 0x00000007aab00000, 0x00000007aab00000)
  object space 699392K, 16% used [0x0000000780000000,0x000000078707ffb0,0x00000007aab00000)
 Metaspace       used 116197K, capacity 120752K, committed 121048K, reserved 1150976K
  class space    used 19076K, capacity 19570K, committed 19672K, reserved 1048576K
}
Event: 552.214 GC heap before
{Heap before GC invocations=129 (full 35):
 PSYoungGen      total 231936K, used 124128K [0x00000007aab00000, 0x00000007bfb80000, 0x00000007c0000000)
  eden space 119296K, 100% used [0x00000007aab00000,0x00000007b1f80000,0x00000007b1f80000)
  from space 112640K, 4% used [0x00000007b1f80000,0x00000007b2438040,0x00000007b8d80000)
  to   space 110080K, 0% used [0x00000007b9000000,0x00000007b9000000,0x00000007bfb80000)
 ParOldGen       total 699392K, used 115199K [0x0000000780000000, 0x00000007aab00000, 0x00000007aab00000)
  object space 699392K, 16% used [0x0000000780000000,0x000000078707ffb0,0x00000007aab00000)
 Metaspace       used 116197K, capacity 120752K, committed 121048K, reserved 1150976K
  class space    used 19076K, capacity 19570K, committed 19672K, reserved 1048576K
Event: 552.227 GC heap after
Heap after GC invocations=129 (full 35):
 PSYoungGen      total 228352K, used 8608K [0x00000007aab00000, 0x00000007bf480000, 0x00000007c0000000)
  eden space 125440K, 0% used [0x00000007aab00000,0x00000007aab00000,0x00000007b2580000)
  from space 102912K, 8% used [0x00000007b9000000,0x00000007b9868040,0x00000007bf480000)
  to   space 105984K, 0% used [0x00000007b2580000,0x00000007b2580000,0x00000007b8d00000)
 ParOldGen       total 699392K, used 115199K [0x0000000780000000, 0x00000007aab00000, 0x00000007aab00000)
  object space 699392K, 16% used [0x0000000780000000,0x000000078707ffb0,0x00000007aab00000)
 Metaspace       used 116197K, capacity 120752K, committed 121048K, reserved 1150976K
  class space    used 19076K, capacity 19570K, committed 19672K, reserved 1048576K
}
Event: 554.543 GC heap before
{Heap before GC invocations=130 (full 35):
 PSYoungGen      total 228352K, used 134048K [0x00000007aab00000, 0x00000007bf480000, 0x00000007c0000000)
  eden space 125440K, 100% used [0x00000007aab00000,0x00000007b2580000,0x00000007b2580000)
  from space 102912K, 8% used [0x00000007b9000000,0x00000007b9868040,0x00000007bf480000)
  to   space 105984K, 0% used [0x00000007b2580000,0x00000007b2580000,0x00000007b8d00000)
 ParOldGen       total 699392K, used 115199K [0x0000000780000000, 0x00000007aab00000, 0x00000007aab00000)
  object space 699392K, 16% used [0x0000000780000000,0x000000078707ffb0,0x00000007aab00000)
 Metaspace       used 116197K, capacity 120752K, committed 121048K, reserved 1150976K
  class space    used 19076K, capacity 19570K, committed 19672K, reserved 1048576K
Event: 554.557 GC heap after
Heap after GC invocations=130 (full 35):
 PSYoungGen      total 231424K, used 5760K [0x00000007aab00000, 0x00000007bf380000, 0x00000007c0000000)
  eden space 125440K, 0% used [0x00000007aab00000,0x00000007aab00000,0x00000007b2580000)
  from space 105984K, 5% used [0x00000007b2580000,0x00000007b2b20040,0x00000007b8d00000)
  to   space 102912K, 0% used [0x00000007b8f00000,0x00000007b8f00000,0x00000007bf380000)
 ParOldGen       total 699392K, used 115199K [0x0000000780000000, 0x00000007aab00000, 0x00000007aab00000)
  object space 699392K, 16% used [0x0000000780000000,0x000000078707ffb0,0x00000007aab00000)
 Metaspace       used 116197K, capacity 120752K, committed 121048K, reserved 1150976K
  class space    used 19076K, capacity 19570K, committed 19672K, reserved 1048576K
}

