# JRE version: Java(TM) SE Runtime Environment (8.0_144-b01) (build 1.8.0_144-b01)
# Java VM: Java HotSpot(TM) 64-Bit Server VM (25.144-b01 mixed mode bsd-amd64 compressed oops)
Heap:
 PSYoungGen      total 232960K, used 26938K [0x00000007aab00000, 0x00000007c0000000, 0x00000007c0000000)
  eden space 116736K, 19% used [0x00000007aab00000,0x00000007ac16e978,0x00000007b1d00000)
  from space 116224K, 3% used [0x00000007b1d00000,0x00000007b20e0000,0x00000007b8e80000)
  to   space 116224K, 0% used [0x00000007b8e80000,0x00000007b8e80000,0x00000007c0000000)
 ParOldGen       total 699392K, used 610295K [0x0000000780000000, 0x00000007aab00000, 0x00000007aab00000)
  object space 699392K, 87% used [0x0000000780000000,0x00000007a53fde38,0x00000007aab00000)
 Metaspace       used 166805K, capacity 175375K, committed 175448K, reserved 1198080K
  class space    used 25695K, capacity 26414K, committed 26456K, reserved 1048576K
GC Heap History (10 events):
Event: 642.399 GC heap before
{Heap before GC invocations=107 (full 14):
 PSYoungGen      total 232960K, used 128640K [0x00000007aab00000, 0x00000007c0000000, 0x00000007c0000000)
  eden space 116736K, 100% used [0x00000007aab00000,0x00000007b1d00000,0x00000007b1d00000)
  from space 116224K, 10% used [0x00000007b8e80000,0x00000007b9a20000,0x00000007c0000000)
  to   space 116224K, 0% used [0x00000007b1d00000,0x00000007b1d00000,0x00000007b8e80000)
 ParOldGen       total 699392K, used 594679K [0x0000000780000000, 0x00000007aab00000, 0x00000007aab00000)
  object space 699392K, 85% used [0x0000000780000000,0x00000007a44bde38,0x00000007aab00000)
 Metaspace       used 166796K, capacity 175375K, committed 175448K, reserved 1198080K
  class space    used 25695K, capacity 26414K, committed 26456K, reserved 1048576K
Event: 642.428 GC heap after
Heap after GC invocations=107 (full 14):
 PSYoungGen      total 232960K, used 992K [0x00000007aab00000, 0x00000007c0000000, 0x00000007c0000000)
  eden space 116736K, 0% used [0x00000007aab00000,0x00000007aab00000,0x00000007b1d00000)
  from space 116224K, 0% used [0x00000007b1d00000,0x00000007b1df8000,0x00000007b8e80000)
  to   space 116224K, 0% used [0x00000007b8e80000,0x00000007b8e80000,0x00000007c0000000)
 ParOldGen       total 699392K, used 606471K [0x0000000780000000, 0x00000007aab00000, 0x00000007aab00000)
  object space 699392K, 86% used [0x0000000780000000,0x00000007a5041e38,0x00000007aab00000)
 Metaspace       used 166796K, capacity 175375K, committed 175448K, reserved 1198080K
  class space    used 25695K, capacity 26414K, committed 26456K, reserved 1048576K
}
Event: 647.215 GC heap before
{Heap before GC invocations=108 (full 14):
 PSYoungGen      total 232960K, used 117728K [0x00000007aab00000, 0x00000007c0000000, 0x00000007c0000000)
  eden space 116736K, 100% used [0x00000007aab00000,0x00000007b1d00000,0x00000007b1d00000)
  from space 116224K, 0% used [0x00000007b1d00000,0x00000007b1df8000,0x00000007b8e80000)
  to   space 116224K, 0% used [0x00000007b8e80000,0x00000007b8e80000,0x00000007c0000000)
 ParOldGen       total 699392K, used 606471K [0x0000000780000000, 0x00000007aab00000, 0x00000007aab00000)
  object space 699392K, 86% used [0x0000000780000000,0x00000007a5041e38,0x00000007aab00000)
 Metaspace       used 166802K, capacity 175375K, committed 175448K, reserved 1198080K
  class space    used 25695K, capacity 26414K, committed 26456K, reserved 1048576K
Event: 647.237 GC heap after
Heap after GC invocations=108 (full 14):
 PSYoungGen      total 232960K, used 6112K [0x00000007aab00000, 0x00000007c0000000, 0x00000007c0000000)
  eden space 116736K, 0% used [0x00000007aab00000,0x00000007aab00000,0x00000007b1d00000)
  from space 116224K, 5% used [0x00000007b8e80000,0x00000007b9478000,0x00000007c0000000)
  to   space 116224K, 0% used [0x00000007b1d00000,0x00000007b1d00000,0x00000007b8e80000)
 ParOldGen       total 699392K, used 606967K [0x0000000780000000, 0x00000007aab00000, 0x00000007aab00000)
  object space 699392K, 86% used [0x0000000780000000,0x00000007a50bde38,0x00000007aab00000)
 Metaspace       used 166802K, capacity 175375K, committed 175448K, reserved 1198080K
  class space    used 25695K, capacity 26414K, committed 26456K, reserved 1048576K
}
Event: 652.499 GC heap before
{Heap before GC invocations=109 (full 14):
 PSYoungGen      total 232960K, used 122848K [0x00000007aab00000, 0x00000007c0000000, 0x00000007c0000000)
  eden space 116736K, 100% used [0x00000007aab00000,0x00000007b1d00000,0x00000007b1d00000)
  from space 116224K, 5% used [0x00000007b8e80000,0x00000007b9478000,0x00000007c0000000)
  to   space 116224K, 0% used [0x00000007b1d00000,0x00000007b1d00000,0x00000007b8e80000)
 ParOldGen       total 699392K, used 606967K [0x0000000780000000, 0x00000007aab00000, 0x00000007aab00000)
  object space 699392K, 86% used [0x0000000780000000,0x00000007a50bde38,0x00000007aab00000)
 Metaspace       used 166803K, capacity 175375K, committed 175448K, reserved 1198080K
  class space    used 25695K, capacity 26414K, committed 26456K, reserved 1048576K
Event: 652.522 GC heap after
Heap after GC invocations=109 (full 14):
 PSYoungGen      total 232960K, used 6944K [0x00000007aab00000, 0x00000007c0000000, 0x00000007c0000000)
  eden space 116736K, 0% used [0x00000007aab00000,0x00000007aab00000,0x00000007b1d00000)
  from space 116224K, 5% used [0x00000007b1d00000,0x00000007b23c8000,0x00000007b8e80000)
  to   space 116224K, 0% used [0x00000007b8e80000,0x00000007b8e80000,0x00000007c0000000)
 ParOldGen       total 699392K, used 607447K [0x0000000780000000, 0x00000007aab00000, 0x00000007aab00000)
  object space 699392K, 86% used [0x0000000780000000,0x00000007a5135e38,0x00000007aab00000)
 Metaspace       used 166803K, capacity 175375K, committed 175448K, reserved 1198080K
  class space    used 25695K, capacity 26414K, committed 26456K, reserved 1048576K
}
Event: 657.675 GC heap before
{Heap before GC invocations=110 (full 14):
 PSYoungGen      total 232960K, used 123680K [0x00000007aab00000, 0x00000007c0000000, 0x00000007c0000000)
  eden space 116736K, 100% used [0x00000007aab00000,0x00000007b1d00000,0x00000007b1d00000)
  from space 116224K, 5% used [0x00000007b1d00000,0x00000007b23c8000,0x00000007b8e80000)
  to   space 116224K, 0% used [0x00000007b8e80000,0x00000007b8e80000,0x00000007c0000000)
 ParOldGen       total 699392K, used 607447K [0x0000000780000000, 0x00000007aab00000, 0x00000007aab00000)
  object space 699392K, 86% used [0x0000000780000000,0x00000007a5135e38,0x00000007aab00000)
 Metaspace       used 166803K, capacity 175375K, committed 175448K, reserved 1198080K
  class space    used 25695K, capacity 26414K, committed 26456K, reserved 1048576K
Event: 657.697 GC heap after
Heap after GC invocations=110 (full 14):
 PSYoungGen      total 232960K, used 7936K [0x00000007aab00000, 0x00000007c0000000, 0x00000007c0000000)
  eden space 116736K, 0% used [0x00000007aab00000,0x00000007aab00000,0x00000007b1d00000)
  from space 116224K, 6% used [0x00000007b8e80000,0x00000007b9640000,0x00000007c0000000)
  to   space 116224K, 0% used [0x00000007b1d00000,0x00000007b1d00000,0x00000007b8e80000)
 ParOldGen       total 699392K, used 608071K [0x0000000780000000, 0x00000007aab00000, 0x00000007aab00000)
  object space 699392K, 86% used [0x0000000780000000,0x00000007a51d1e38,0x00000007aab00000)
 Metaspace       used 166803K, capacity 175375K, committed 175448K, reserved 1198080K
  class space    used 25695K, capacity 26414K, committed 26456K, reserved 1048576K
}
Event: 661.001 GC heap before
{Heap before GC invocations=111 (full 14):
 PSYoungGen      total 232960K, used 124672K [0x00000007aab00000, 0x00000007c0000000, 0x00000007c0000000)
  eden space 116736K, 100% used [0x00000007aab00000,0x00000007b1d00000,0x00000007b1d00000)
  from space 116224K, 6% used [0x00000007b8e80000,0x00000007b9640000,0x00000007c0000000)
  to   space 116224K, 0% used [0x00000007b1d00000,0x00000007b1d00000,0x00000007b8e80000)
 ParOldGen       total 699392K, used 608071K [0x0000000780000000, 0x00000007aab00000, 0x00000007aab00000)
  object space 699392K, 86% used [0x0000000780000000,0x00000007a51d1e38,0x00000007aab00000)
 Metaspace       used 166803K, capacity 175375K, committed 175448K, reserved 1198080K
  class space    used 25695K, capacity 26414K, committed 26456K, reserved 1048576K
Event: 661.017 GC heap after
Heap after GC invocations=111 (full 14):
 PSYoungGen      total 232960K, used 3968K [0x00000007aab00000, 0x00000007c0000000, 0x00000007c0000000)
  eden space 116736K, 0% used [0x00000007aab00000,0x00000007aab00000,0x00000007b1d00000)
  from space 116224K, 3% used [0x00000007b1d00000,0x00000007b20e0000,0x00000007b8e80000)
  to   space 116224K, 0% used [0x00000007b8e80000,0x00000007b8e80000,0x00000007c0000000)
 ParOldGen       total 699392K, used 610295K [0x0000000780000000, 0x00000007aab00000, 0x00000007aab00000)
  object space 699392K, 87% used [0x0000000780000000,0x00000007a53fde38,0x00000007aab00000)
 Metaspace       used 166803K, capacity 175375K, committed 175448K, reserved 1198080K
  class space    used 25695K, capacity 26414K, committed 26456K, reserved 1048576K
}

