# JRE version: Java(TM) SE Runtime Environment (8.0_144-b01) (build 1.8.0_144-b01)
# Java VM: Java HotSpot(TM) 64-Bit Server VM (25.144-b01 mixed mode bsd-amd64 compressed oops)
Heap:
 PSYoungGen      total 1007104K, used 222355K [0x0000000740000000, 0x00000007bdb00000, 0x00000007c0000000)
  eden space 976896K, 19% used [0x0000000740000000,0x000000074bbd7bf8,0x000000077ba00000)
  from space 30208K, 99% used [0x000000077ba00000,0x000000077d74d038,0x000000077d780000)
  to   space 541184K, 0% used [0x000000079ca80000,0x000000079ca80000,0x00000007bdb00000)
 ParOldGen       total 2441728K, used 425967K [0x0000000640000000, 0x00000006d5080000, 0x0000000740000000)
  object space 2441728K, 17% used [0x0000000640000000,0x0000000659ffbf20,0x00000006d5080000)
 Metaspace       used 164937K, capacity 175091K, committed 175320K, reserved 1198080K
  class space    used 25709K, capacity 26493K, committed 26584K, reserved 1048576K
GC Heap History (10 events):
Event: 1319.407 GC heap before
{Heap before GC invocations=72 (full 17):
 PSYoungGen      total 1474048K, used 1038892K [0x0000000740000000, 0x00000007c0000000, 0x00000007c0000000)
  eden space 969728K, 62% used [0x0000000740000000,0x0000000765363330,0x000000077b300000)
  from space 504320K, 85% used [0x00000007a1380000,0x00000007bb6a8010,0x00000007c0000000)
  to   space 563712K, 0% used [0x000000077b300000,0x000000077b300000,0x000000079d980000)
 ParOldGen       total 2441728K, used 1832118K [0x0000000640000000, 0x00000006d5080000, 0x0000000740000000)
  object space 2441728K, 75% used [0x0000000640000000,0x00000006afd2dbc8,0x00000006d5080000)
 Metaspace       used 144243K, capacity 152405K, committed 152536K, reserved 1179648K
  class space    used 22610K, capacity 23248K, committed 23256K, reserved 1048576K
Event: 1320.256 GC heap after
Heap after GC invocations=72 (full 17):
 PSYoungGen      total 1533440K, used 416K [0x0000000740000000, 0x00000007c0000000, 0x00000007c0000000)
  eden space 969728K, 0% used [0x0000000740000000,0x0000000740000000,0x000000077b300000)
  from space 563712K, 0% used [0x000000077b300000,0x000000077b368000,0x000000079d980000)
  to   space 563200K, 0% used [0x000000079da00000,0x000000079da00000,0x00000007c0000000)
 ParOldGen       total 2441728K, used 2266206K [0x0000000640000000, 0x00000006d5080000, 0x0000000740000000)
  object space 2441728K, 92% used [0x0000000640000000,0x00000006ca517bd8,0x00000006d5080000)
 Metaspace       used 144243K, capacity 152405K, committed 152536K, reserved 1179648K
  class space    used 22610K, capacity 23248K, committed 23256K, reserved 1048576K
}
Event: 1320.256 GC heap before
{Heap before GC invocations=73 (full 18):
 PSYoungGen      total 1533440K, used 416K [0x0000000740000000, 0x00000007c0000000, 0x00000007c0000000)
  eden space 969728K, 0% used [0x0000000740000000,0x0000000740000000,0x000000077b300000)
  from space 563712K, 0% used [0x000000077b300000,0x000000077b368000,0x000000079d980000)
  to   space 563200K, 0% used [0x000000079da00000,0x000000079da00000,0x00000007c0000000)
 ParOldGen       total 2441728K, used 2266206K [0x0000000640000000, 0x00000006d5080000, 0x0000000740000000)
  object space 2441728K, 92% used [0x0000000640000000,0x00000006ca517bd8,0x00000006d5080000)
 Metaspace       used 144243K, capacity 152405K, committed 152536K, reserved 1179648K
  class space    used 22610K, capacity 23248K, committed 23256K, reserved 1048576K
Event: 1322.010 GC heap after
Heap after GC invocations=73 (full 18):
 PSYoungGen      total 1533440K, used 0K [0x0000000740000000, 0x00000007c0000000, 0x00000007c0000000)
  eden space 969728K, 0% used [0x0000000740000000,0x0000000740000000,0x000000077b300000)
  from space 563712K, 0% used [0x000000077b300000,0x000000077b300000,0x000000079d980000)
  to   space 563200K, 0% used [0x000000079da00000,0x000000079da00000,0x00000007c0000000)
 ParOldGen       total 2441728K, used 426044K [0x0000000640000000, 0x00000006d5080000, 0x0000000740000000)
  object space 2441728K, 17% used [0x0000000640000000,0x000000065a00f160,0x00000006d5080000)
 Metaspace       used 144243K, capacity 152405K, committed 152536K, reserved 1179648K
  class space    used 22610K, capacity 23248K, committed 23256K, reserved 1048576K
}
Event: 1322.027 GC heap before
{Heap before GC invocations=74 (full 18):
 PSYoungGen      total 1533440K, used 11157K [0x0000000740000000, 0x00000007c0000000, 0x00000007c0000000)
  eden space 969728K, 1% used [0x0000000740000000,0x0000000740ae57d0,0x000000077b300000)
  from space 563712K, 0% used [0x000000077b300000,0x000000077b300000,0x000000079d980000)
  to   space 563200K, 0% used [0x000000079da00000,0x000000079da00000,0x00000007c0000000)
 ParOldGen       total 2441728K, used 426044K [0x0000000640000000, 0x00000006d5080000, 0x0000000740000000)
  object space 2441728K, 17% used [0x0000000640000000,0x000000065a00f160,0x00000006d5080000)
 Metaspace       used 144250K, capacity 152405K, committed 152536K, reserved 1179648K
  class space    used 22610K, capacity 23248K, committed 23256K, reserved 1048576K
Event: 1322.034 GC heap after
Heap after GC invocations=74 (full 18):
 PSYoungGen      total 1540096K, used 384K [0x0000000740000000, 0x00000007c0000000, 0x00000007c0000000)
  eden space 976896K, 0% used [0x0000000740000000,0x0000000740000000,0x000000077ba00000)
  from space 563200K, 0% used [0x000000079da00000,0x000000079da60040,0x00000007c0000000)
  to   space 557056K, 0% used [0x000000077ba00000,0x000000077ba00000,0x000000079da00000)
 ParOldGen       total 2441728K, used 426044K [0x0000000640000000, 0x00000006d5080000, 0x0000000740000000)
  object space 2441728K, 17% used [0x0000000640000000,0x000000065a00f160,0x00000006d5080000)
 Metaspace       used 144250K, capacity 152405K, committed 152536K, reserved 1179648K
  class space    used 22610K, capacity 23248K, committed 23256K, reserved 1048576K
}
Event: 1322.034 GC heap before
{Heap before GC invocations=75 (full 19):
 PSYoungGen      total 1540096K, used 384K [0x0000000740000000, 0x00000007c0000000, 0x00000007c0000000)
  eden space 976896K, 0% used [0x0000000740000000,0x0000000740000000,0x000000077ba00000)
  from space 563200K, 0% used [0x000000079da00000,0x000000079da60040,0x00000007c0000000)
  to   space 557056K, 0% used [0x000000077ba00000,0x000000077ba00000,0x000000079da00000)
 ParOldGen       total 2441728K, used 426044K [0x0000000640000000, 0x00000006d5080000, 0x0000000740000000)
  object space 2441728K, 17% used [0x0000000640000000,0x000000065a00f160,0x00000006d5080000)
 Metaspace       used 144250K, capacity 152405K, committed 152536K, reserved 1179648K
  class space    used 22610K, capacity 23248K, committed 23256K, reserved 1048576K
Event: 1322.464 GC heap after
Heap after GC invocations=75 (full 19):
 PSYoungGen      total 1540096K, used 0K [0x0000000740000000, 0x00000007c0000000, 0x00000007c0000000)
  eden space 976896K, 0% used [0x0000000740000000,0x0000000740000000,0x000000077ba00000)
  from space 563200K, 0% used [0x000000079da00000,0x000000079da00000,0x00000007c0000000)
  to   space 557056K, 0% used [0x000000077ba00000,0x000000077ba00000,0x000000079da00000)
 ParOldGen       total 2441728K, used 425959K [0x0000000640000000, 0x00000006d5080000, 0x0000000740000000)
  object space 2441728K, 17% used [0x0000000640000000,0x0000000659ff9f20,0x00000006d5080000)
 Metaspace       used 144250K, capacity 152405K, committed 152536K, reserved 1179648K
  class space    used 22610K, capacity 23248K, committed 23256K, reserved 1048576K
}
Event: 1936.666 GC heap before
{Heap before GC invocations=76 (full 19):
 PSYoungGen      total 1540096K, used 976896K [0x0000000740000000, 0x00000007c0000000, 0x00000007c0000000)
  eden space 976896K, 100% used [0x0000000740000000,0x000000077ba00000,0x000000077ba00000)
  from space 563200K, 0% used [0x000000079da00000,0x000000079da00000,0x00000007c0000000)
  to   space 557056K, 0% used [0x000000077ba00000,0x000000077ba00000,0x000000079da00000)
 ParOldGen       total 2441728K, used 425959K [0x0000000640000000, 0x00000006d5080000, 0x0000000740000000)
  object space 2441728K, 17% used [0x0000000640000000,0x0000000659ff9f20,0x00000006d5080000)
 Metaspace       used 164937K, capacity 175091K, committed 175320K, reserved 1198080K
  class space    used 25709K, capacity 26493K, committed 26584K, reserved 1048576K
Event: 1937.005 GC heap after
Heap after GC invocations=76 (full 19):
 PSYoungGen      total 1007104K, used 30004K [0x0000000740000000, 0x00000007bdb00000, 0x00000007c0000000)
  eden space 976896K, 0% used [0x0000000740000000,0x0000000740000000,0x000000077ba00000)
  from space 30208K, 99% used [0x000000077ba00000,0x000000077d74d038,0x000000077d780000)
  to   space 541184K, 0% used [0x000000079ca80000,0x000000079ca80000,0x00000007bdb00000)
 ParOldGen       total 2441728K, used 425967K [0x0000000640000000, 0x00000006d5080000, 0x0000000740000000)
  object space 2441728K, 17% used [0x0000000640000000,0x0000000659ffbf20,0x00000006d5080000)
 Metaspace       used 164937K, capacity 175091K, committed 175320K, reserved 1198080K
  class space    used 25709K, capacity 26493K, committed 26584K, reserved 1048576K
}

