# JRE version: Java(TM) SE Runtime Environment (8.0_144-b01) (build 1.8.0_144-b01)
# Java VM: Java HotSpot(TM) 64-Bit Server VM (25.144-b01 mixed mode bsd-amd64 compressed oops)
Heap:
 PSYoungGen      total 232960K, used 38567K [0x00000007aab00000, 0x00000007c0000000, 0x00000007c0000000)
  eden space 116736K, 28% used [0x00000007aab00000,0x00000007acaf9fc0,0x00000007b1d00000)
  from space 116224K, 5% used [0x00000007b8e80000,0x00000007b9430000,0x00000007c0000000)
  to   space 116224K, 0% used [0x00000007b1d00000,0x00000007b1d00000,0x00000007b8e80000)
 ParOldGen       total 699392K, used 238884K [0x0000000780000000, 0x00000007aab00000, 0x00000007aab00000)
  object space 699392K, 34% used [0x0000000780000000,0x000000078e9490c0,0x00000007aab00000)
 Metaspace       used 108706K, capacity 113166K, committed 113240K, reserved 1144832K
  class space    used 18002K, capacity 18463K, committed 18520K, reserved 1048576K
GC Heap History (10 events):
Event: 414.655 GC heap before
{Heap before GC invocations=124 (full 32):
 PSYoungGen      total 232960K, used 22901K [0x00000007aab00000, 0x00000007c0000000, 0x00000007c0000000)
  eden space 116736K, 19% used [0x00000007aab00000,0x00000007ac15d720,0x00000007b1d00000)
  from space 116224K, 0% used [0x00000007b1d00000,0x00000007b1d00000,0x00000007b8e80000)
  to   space 116224K, 0% used [0x00000007b8e80000,0x00000007b8e80000,0x00000007c0000000)
 ParOldGen       total 699392K, used 673351K [0x0000000780000000, 0x00000007aab00000, 0x00000007aab00000)
  object space 699392K, 96% used [0x0000000780000000,0x00000007a9191e28,0x00000007aab00000)
 Metaspace       used 108686K, capacity 113166K, committed 113240K, reserved 1144832K
  class space    used 18002K, capacity 18463K, committed 18520K, reserved 1048576K
Event: 414.661 GC heap after
Heap after GC invocations=124 (full 32):
 PSYoungGen      total 232960K, used 1248K [0x00000007aab00000, 0x00000007c0000000, 0x00000007c0000000)
  eden space 116736K, 0% used [0x00000007aab00000,0x00000007aab00000,0x00000007b1d00000)
  from space 116224K, 1% used [0x00000007b8e80000,0x00000007b8fb8000,0x00000007c0000000)
  to   space 116224K, 0% used [0x00000007b1d00000,0x00000007b1d00000,0x00000007b8e80000)
 ParOldGen       total 699392K, used 673351K [0x0000000780000000, 0x00000007aab00000, 0x00000007aab00000)
  object space 699392K, 96% used [0x0000000780000000,0x00000007a9191e28,0x00000007aab00000)
 Metaspace       used 108686K, capacity 113166K, committed 113240K, reserved 1144832K
  class space    used 18002K, capacity 18463K, committed 18520K, reserved 1048576K
}
Event: 414.661 GC heap before
{Heap before GC invocations=125 (full 33):
 PSYoungGen      total 232960K, used 1248K [0x00000007aab00000, 0x00000007c0000000, 0x00000007c0000000)
  eden space 116736K, 0% used [0x00000007aab00000,0x00000007aab00000,0x00000007b1d00000)
  from space 116224K, 1% used [0x00000007b8e80000,0x00000007b8fb8000,0x00000007c0000000)
  to   space 116224K, 0% used [0x00000007b1d00000,0x00000007b1d00000,0x00000007b8e80000)
 ParOldGen       total 699392K, used 673351K [0x0000000780000000, 0x00000007aab00000, 0x00000007aab00000)
  object space 699392K, 96% used [0x0000000780000000,0x00000007a9191e28,0x00000007aab00000)
 Metaspace       used 108686K, capacity 113166K, committed 113240K, reserved 1144832K
  class space    used 18002K, capacity 18463K, committed 18520K, reserved 1048576K
Event: 415.210 GC heap after
Heap after GC invocations=125 (full 33):
 PSYoungGen      total 232960K, used 0K [0x00000007aab00000, 0x00000007c0000000, 0x00000007c0000000)
  eden space 116736K, 0% used [0x00000007aab00000,0x00000007aab00000,0x00000007b1d00000)
  from space 116224K, 0% used [0x00000007b8e80000,0x00000007b8e80000,0x00000007c0000000)
  to   space 116224K, 0% used [0x00000007b1d00000,0x00000007b1d00000,0x00000007b8e80000)
 ParOldGen       total 699392K, used 239311K [0x0000000780000000, 0x00000007aab00000, 0x00000007aab00000)
  object space 699392K, 34% used [0x0000000780000000,0x000000078e9b3c00,0x00000007aab00000)
 Metaspace       used 108686K, capacity 113166K, committed 113240K, reserved 1144832K
  class space    used 18002K, capacity 18463K, committed 18520K, reserved 1048576K
}
Event: 415.212 GC heap before
{Heap before GC invocations=126 (full 33):
 PSYoungGen      total 232960K, used 15K [0x00000007aab00000, 0x00000007c0000000, 0x00000007c0000000)
  eden space 116736K, 0% used [0x00000007aab00000,0x00000007aab03eb8,0x00000007b1d00000)
  from space 116224K, 0% used [0x00000007b8e80000,0x00000007b8e80000,0x00000007c0000000)
  to   space 116224K, 0% used [0x00000007b1d00000,0x00000007b1d00000,0x00000007b8e80000)
 ParOldGen       total 699392K, used 239311K [0x0000000780000000, 0x00000007aab00000, 0x00000007aab00000)
  object space 699392K, 34% used [0x0000000780000000,0x000000078e9b3c00,0x00000007aab00000)
 Metaspace       used 108686K, capacity 113166K, committed 113240K, reserved 1144832K
  class space    used 18002K, capacity 18463K, committed 18520K, reserved 1048576K
Event: 415.215 GC heap after
Heap after GC invocations=126 (full 33):
 PSYoungGen      total 232960K, used 96K [0x00000007aab00000, 0x00000007c0000000, 0x00000007c0000000)
  eden space 116736K, 0% used [0x00000007aab00000,0x00000007aab00000,0x00000007b1d00000)
  from space 116224K, 0% used [0x00000007b1d00000,0x00000007b1d18000,0x00000007b8e80000)
  to   space 116224K, 0% used [0x00000007b8e80000,0x00000007b8e80000,0x00000007c0000000)
 ParOldGen       total 699392K, used 239311K [0x0000000780000000, 0x00000007aab00000, 0x00000007aab00000)
  object space 699392K, 34% used [0x0000000780000000,0x000000078e9b3c00,0x00000007aab00000)
 Metaspace       used 108686K, capacity 113166K, committed 113240K, reserved 1144832K
  class space    used 18002K, capacity 18463K, committed 18520K, reserved 1048576K
}
Event: 415.215 GC heap before
{Heap before GC invocations=127 (full 34):
 PSYoungGen      total 232960K, used 96K [0x00000007aab00000, 0x00000007c0000000, 0x00000007c0000000)
  eden space 116736K, 0% used [0x00000007aab00000,0x00000007aab00000,0x00000007b1d00000)
  from space 116224K, 0% used [0x00000007b1d00000,0x00000007b1d18000,0x00000007b8e80000)
  to   space 116224K, 0% used [0x00000007b8e80000,0x00000007b8e80000,0x00000007c0000000)
 ParOldGen       total 699392K, used 239311K [0x0000000780000000, 0x00000007aab00000, 0x00000007aab00000)
  object space 699392K, 34% used [0x0000000780000000,0x000000078e9b3c00,0x00000007aab00000)
 Metaspace       used 108686K, capacity 113166K, committed 113240K, reserved 1144832K
  class space    used 18002K, capacity 18463K, committed 18520K, reserved 1048576K
Event: 415.518 GC heap after
Heap after GC invocations=127 (full 34):
 PSYoungGen      total 232960K, used 0K [0x00000007aab00000, 0x00000007c0000000, 0x00000007c0000000)
  eden space 116736K, 0% used [0x00000007aab00000,0x00000007aab00000,0x00000007b1d00000)
  from space 116224K, 0% used [0x00000007b1d00000,0x00000007b1d00000,0x00000007b8e80000)
  to   space 116224K, 0% used [0x00000007b8e80000,0x00000007b8e80000,0x00000007c0000000)
 ParOldGen       total 699392K, used 238884K [0x0000000780000000, 0x00000007aab00000, 0x00000007aab00000)
  object space 699392K, 34% used [0x0000000780000000,0x000000078e9490c0,0x00000007aab00000)
 Metaspace       used 108686K, capacity 113166K, committed 113240K, reserved 1144832K
  class space    used 18002K, capacity 18463K, committed 18520K, reserved 1048576K
}
Event: 421.290 GC heap before
{Heap before GC invocations=128 (full 34):
 PSYoungGen      total 232960K, used 116736K [0x00000007aab00000, 0x00000007c0000000, 0x00000007c0000000)
  eden space 116736K, 100% used [0x00000007aab00000,0x00000007b1d00000,0x00000007b1d00000)
  from space 116224K, 0% used [0x00000007b1d00000,0x00000007b1d00000,0x00000007b8e80000)
  to   space 116224K, 0% used [0x00000007b8e80000,0x00000007b8e80000,0x00000007c0000000)
 ParOldGen       total 699392K, used 238884K [0x0000000780000000, 0x00000007aab00000, 0x00000007aab00000)
  object space 699392K, 34% used [0x0000000780000000,0x000000078e9490c0,0x00000007aab00000)
 Metaspace       used 108704K, capacity 113166K, committed 113240K, reserved 1144832K
  class space    used 18002K, capacity 18463K, committed 18520K, reserved 1048576K
Event: 421.302 GC heap after
Heap after GC invocations=128 (full 34):
 PSYoungGen      total 232960K, used 5824K [0x00000007aab00000, 0x00000007c0000000, 0x00000007c0000000)
  eden space 116736K, 0% used [0x00000007aab00000,0x00000007aab00000,0x00000007b1d00000)
  from space 116224K, 5% used [0x00000007b8e80000,0x00000007b9430000,0x00000007c0000000)
  to   space 116224K, 0% used [0x00000007b1d00000,0x00000007b1d00000,0x00000007b8e80000)
 ParOldGen       total 699392K, used 238884K [0x0000000780000000, 0x00000007aab00000, 0x00000007aab00000)
  object space 699392K, 34% used [0x0000000780000000,0x000000078e9490c0,0x00000007aab00000)
 Metaspace       used 108704K, capacity 113166K, committed 113240K, reserved 1144832K
  class space    used 18002K, capacity 18463K, committed 18520K, reserved 1048576K
}

