# JRE version: Java(TM) SE Runtime Environment (8.0_144-b01) (build 1.8.0_144-b01)
# Java VM: Java HotSpot(TM) 64-Bit Server VM (25.144-b01 mixed mode bsd-amd64 compressed oops)
Heap:
 PSYoungGen      total 229888K, used 102402K [0x00000007aab00000, 0x00000007bfd00000, 0x00000007c0000000)
  eden space 116736K, 84% used [0x00000007aab00000,0x00000007b0ba0a70,0x00000007b1d00000)
  from space 113152K, 3% used [0x00000007b8e80000,0x00000007b91e0040,0x00000007bfd00000)
  to   space 114688K, 0% used [0x00000007b1d00000,0x00000007b1d00000,0x00000007b8d00000)
 ParOldGen       total 683008K, used 120235K [0x0000000780000000, 0x00000007a9b00000, 0x00000007aab00000)
  object space 683008K, 17% used [0x0000000780000000,0x000000078756aef0,0x00000007a9b00000)
 Metaspace       used 119104K, capacity 124142K, committed 124376K, reserved 1153024K
  class space    used 19403K, capacity 19927K, committed 19928K, reserved 1048576K
GC Heap History (10 events):
Event: 428.103 GC heap before
{Heap before GC invocations=148 (full 20):
 PSYoungGen      total 232960K, used 116736K [0x00000007aab00000, 0x00000007c0000000, 0x00000007c0000000)
  eden space 116736K, 100% used [0x00000007aab00000,0x00000007b1d00000,0x00000007b1d00000)
  from space 116224K, 0% used [0x00000007b1d00000,0x00000007b1d00000,0x00000007b8e80000)
  to   space 116224K, 0% used [0x00000007b8e80000,0x00000007b8e80000,0x00000007c0000000)
 ParOldGen       total 683008K, used 110414K [0x0000000780000000, 0x00000007a9b00000, 0x00000007aab00000)
  object space 683008K, 16% used [0x0000000780000000,0x0000000786bd3bd8,0x00000007a9b00000)
 Metaspace       used 113736K, capacity 118122K, committed 119384K, reserved 1148928K
  class space    used 18598K, capacity 19067K, committed 19288K, reserved 1048576K
Event: 428.109 GC heap after
Heap after GC invocations=148 (full 20):
 PSYoungGen      total 232960K, used 9476K [0x00000007aab00000, 0x00000007c0000000, 0x00000007c0000000)
  eden space 116736K, 0% used [0x00000007aab00000,0x00000007aab00000,0x00000007b1d00000)
  from space 116224K, 8% used [0x00000007b8e80000,0x00000007b97c12c0,0x00000007c0000000)
  to   space 116224K, 0% used [0x00000007b1d00000,0x00000007b1d00000,0x00000007b8e80000)
 ParOldGen       total 683008K, used 110422K [0x0000000780000000, 0x00000007a9b00000, 0x00000007aab00000)
  object space 683008K, 16% used [0x0000000780000000,0x0000000786bd5bd8,0x00000007a9b00000)
 Metaspace       used 113736K, capacity 118122K, committed 119384K, reserved 1148928K
  class space    used 18598K, capacity 19067K, committed 19288K, reserved 1048576K
}
Event: 470.252 GC heap before
{Heap before GC invocations=149 (full 20):
 PSYoungGen      total 232960K, used 126212K [0x00000007aab00000, 0x00000007c0000000, 0x00000007c0000000)
  eden space 116736K, 100% used [0x00000007aab00000,0x00000007b1d00000,0x00000007b1d00000)
  from space 116224K, 8% used [0x00000007b8e80000,0x00000007b97c12c0,0x00000007c0000000)
  to   space 116224K, 0% used [0x00000007b1d00000,0x00000007b1d00000,0x00000007b8e80000)
 ParOldGen       total 683008K, used 110422K [0x0000000780000000, 0x00000007a9b00000, 0x00000007aab00000)
  object space 683008K, 16% used [0x0000000780000000,0x0000000786bd5bd8,0x00000007a9b00000)
 Metaspace       used 119013K, capacity 124002K, committed 124120K, reserved 1153024K
  class space    used 19402K, capacity 19925K, committed 19928K, reserved 1048576K
Event: 470.259 GC heap after
Heap after GC invocations=149 (full 20):
 PSYoungGen      total 232960K, used 7282K [0x00000007aab00000, 0x00000007c0000000, 0x00000007c0000000)
  eden space 116736K, 0% used [0x00000007aab00000,0x00000007aab00000,0x00000007b1d00000)
  from space 116224K, 6% used [0x00000007b1d00000,0x00000007b241c900,0x00000007b8e80000)
  to   space 116224K, 0% used [0x00000007b8e80000,0x00000007b8e80000,0x00000007c0000000)
 ParOldGen       total 683008K, used 112655K [0x0000000780000000, 0x00000007a9b00000, 0x00000007aab00000)
  object space 683008K, 16% used [0x0000000780000000,0x0000000786e03f60,0x00000007a9b00000)
 Metaspace       used 119013K, capacity 124002K, committed 124120K, reserved 1153024K
  class space    used 19402K, capacity 19925K, committed 19928K, reserved 1048576K
}
Event: 551.520 GC heap before
{Heap before GC invocations=150 (full 20):
 PSYoungGen      total 232960K, used 124018K [0x00000007aab00000, 0x00000007c0000000, 0x00000007c0000000)
  eden space 116736K, 100% used [0x00000007aab00000,0x00000007b1d00000,0x00000007b1d00000)
  from space 116224K, 6% used [0x00000007b1d00000,0x00000007b241c900,0x00000007b8e80000)
  to   space 116224K, 0% used [0x00000007b8e80000,0x00000007b8e80000,0x00000007c0000000)
 ParOldGen       total 683008K, used 112655K [0x0000000780000000, 0x00000007a9b00000, 0x00000007aab00000)
  object space 683008K, 16% used [0x0000000780000000,0x0000000786e03f60,0x00000007a9b00000)
 Metaspace       used 119045K, capacity 124136K, committed 124376K, reserved 1153024K
  class space    used 19402K, capacity 19926K, committed 19928K, reserved 1048576K
Event: 551.526 GC heap after
Heap after GC invocations=150 (full 20):
 PSYoungGen      total 232960K, used 4384K [0x00000007aab00000, 0x00000007c0000000, 0x00000007c0000000)
  eden space 116736K, 0% used [0x00000007aab00000,0x00000007aab00000,0x00000007b1d00000)
  from space 116224K, 3% used [0x00000007b8e80000,0x00000007b92c8010,0x00000007c0000000)
  to   space 116224K, 0% used [0x00000007b1d00000,0x00000007b1d00000,0x00000007b8e80000)
 ParOldGen       total 683008K, used 114836K [0x0000000780000000, 0x00000007a9b00000, 0x00000007aab00000)
  object space 683008K, 16% used [0x0000000780000000,0x0000000787025040,0x00000007a9b00000)
 Metaspace       used 119045K, capacity 124136K, committed 124376K, reserved 1153024K
  class space    used 19402K, capacity 19926K, committed 19928K, reserved 1048576K
}
Event: 613.387 GC heap before
{Heap before GC invocations=151 (full 20):
 PSYoungGen      total 232960K, used 121120K [0x00000007aab00000, 0x00000007c0000000, 0x00000007c0000000)
  eden space 116736K, 100% used [0x00000007aab00000,0x00000007b1d00000,0x00000007b1d00000)
  from space 116224K, 3% used [0x00000007b8e80000,0x00000007b92c8010,0x00000007c0000000)
  to   space 116224K, 0% used [0x00000007b1d00000,0x00000007b1d00000,0x00000007b8e80000)
 ParOldGen       total 683008K, used 114836K [0x0000000780000000, 0x00000007a9b00000, 0x00000007aab00000)
  object space 683008K, 16% used [0x0000000780000000,0x0000000787025040,0x00000007a9b00000)
 Metaspace       used 119046K, capacity 124136K, committed 124376K, reserved 1153024K
  class space    used 19402K, capacity 19926K, committed 19928K, reserved 1048576K
Event: 613.393 GC heap after
Heap after GC invocations=151 (full 20):
 PSYoungGen      total 232960K, used 1632K [0x00000007aab00000, 0x00000007c0000000, 0x00000007c0000000)
  eden space 116736K, 0% used [0x00000007aab00000,0x00000007aab00000,0x00000007b1d00000)
  from space 116224K, 1% used [0x00000007b1d00000,0x00000007b1e98000,0x00000007b8e80000)
  to   space 116224K, 0% used [0x00000007b8e80000,0x00000007b8e80000,0x00000007c0000000)
 ParOldGen       total 683008K, used 119043K [0x0000000780000000, 0x00000007a9b00000, 0x00000007aab00000)
  object space 683008K, 17% used [0x0000000780000000,0x0000000787440ef0,0x00000007a9b00000)
 Metaspace       used 119046K, capacity 124136K, committed 124376K, reserved 1153024K
  class space    used 19402K, capacity 19926K, committed 19928K, reserved 1048576K
}
Event: 636.557 GC heap before
{Heap before GC invocations=152 (full 20):
 PSYoungGen      total 232960K, used 118368K [0x00000007aab00000, 0x00000007c0000000, 0x00000007c0000000)
  eden space 116736K, 100% used [0x00000007aab00000,0x00000007b1d00000,0x00000007b1d00000)
  from space 116224K, 1% used [0x00000007b1d00000,0x00000007b1e98000,0x00000007b8e80000)
  to   space 116224K, 0% used [0x00000007b8e80000,0x00000007b8e80000,0x00000007c0000000)
 ParOldGen       total 683008K, used 119043K [0x0000000780000000, 0x00000007a9b00000, 0x00000007aab00000)
  object space 683008K, 17% used [0x0000000780000000,0x0000000787440ef0,0x00000007a9b00000)
 Metaspace       used 119104K, capacity 124142K, committed 124376K, reserved 1153024K
  class space    used 19403K, capacity 19927K, committed 19928K, reserved 1048576K
Event: 636.563 GC heap after
Heap after GC invocations=152 (full 20):
 PSYoungGen      total 229888K, used 3456K [0x00000007aab00000, 0x00000007bfd00000, 0x00000007c0000000)
  eden space 116736K, 0% used [0x00000007aab00000,0x00000007aab00000,0x00000007b1d00000)
  from space 113152K, 3% used [0x00000007b8e80000,0x00000007b91e0040,0x00000007bfd00000)
  to   space 114688K, 0% used [0x00000007b1d00000,0x00000007b1d00000,0x00000007b8d00000)
 ParOldGen       total 683008K, used 120235K [0x0000000780000000, 0x00000007a9b00000, 0x00000007aab00000)
  object space 683008K, 17% used [0x0000000780000000,0x000000078756aef0,0x00000007a9b00000)
 Metaspace       used 119104K, capacity 124142K, committed 124376K, reserved 1153024K
  class space    used 19403K, capacity 19927K, committed 19928K, reserved 1048576K
}

