# JRE version: Java(TM) SE Runtime Environment (8.0_144-b01) (build 1.8.0_144-b01)
# Java VM: Java HotSpot(TM) 64-Bit Server VM (25.144-b01 mixed mode bsd-amd64 compressed oops)
Heap:
 PSYoungGen      total 209408K, used 140910K [0x00000007aab00000, 0x00000007bce80000, 0x00000007c0000000)
  eden space 132608K, 84% used [0x00000007aab00000,0x00000007b18a3990,0x00000007b2c80000)
  from space 76800K, 37% used [0x00000007b8380000,0x00000007b9f78000,0x00000007bce80000)
  to   space 82944K, 0% used [0x00000007b2c80000,0x00000007b2c80000,0x00000007b7d80000)
 ParOldGen       total 699392K, used 522714K [0x0000000780000000, 0x00000007aab00000, 0x00000007aab00000)
  object space 699392K, 74% used [0x0000000780000000,0x000000079fe76968,0x00000007aab00000)
 Metaspace       used 116150K, capacity 120700K, committed 121560K, reserved 1150976K
  class space    used 19048K, capacity 19517K, committed 19672K, reserved 1048576K
GC Heap History (10 events):
Event: 925.285 GC heap before
{Heap before GC invocations=148 (full 42):
 PSYoungGen      total 126464K, used 126144K [0x00000007aab00000, 0x00000007bf700000, 0x00000007c0000000)
  eden space 116736K, 100% used [0x00000007aab00000,0x00000007b1d00000,0x00000007b1d00000)
  from space 9728K, 96% used [0x00000007b1d00000,0x00000007b2630000,0x00000007b2680000)
  to   space 111616K, 0% used [0x00000007b8a00000,0x00000007b8a00000,0x00000007bf700000)
 ParOldGen       total 699392K, used 522714K [0x0000000780000000, 0x00000007aab00000, 0x00000007aab00000)
  object space 699392K, 74% used [0x0000000780000000,0x000000079fe76968,0x00000007aab00000)
 Metaspace       used 116150K, capacity 120700K, committed 121560K, reserved 1150976K
  class space    used 19048K, capacity 19517K, committed 19672K, reserved 1048576K
Event: 925.316 GC heap after
Heap after GC invocations=148 (full 42):
 PSYoungGen      total 231424K, used 12832K [0x00000007aab00000, 0x00000007bf500000, 0x00000007c0000000)
  eden space 121856K, 0% used [0x00000007aab00000,0x00000007aab00000,0x00000007b2200000)
  from space 109568K, 11% used [0x00000007b8a00000,0x00000007b9688000,0x00000007bf500000)
  to   space 106496K, 0% used [0x00000007b2200000,0x00000007b2200000,0x00000007b8a00000)
 ParOldGen       total 699392K, used 522714K [0x0000000780000000, 0x00000007aab00000, 0x00000007aab00000)
  object space 699392K, 74% used [0x0000000780000000,0x000000079fe76968,0x00000007aab00000)
 Metaspace       used 116150K, capacity 120700K, committed 121560K, reserved 1150976K
  class space    used 19048K, capacity 19517K, committed 19672K, reserved 1048576K
}
Event: 930.969 GC heap before
{Heap before GC invocations=149 (full 42):
 PSYoungGen      total 231424K, used 134688K [0x00000007aab00000, 0x00000007bf500000, 0x00000007c0000000)
  eden space 121856K, 100% used [0x00000007aab00000,0x00000007b2200000,0x00000007b2200000)
  from space 109568K, 11% used [0x00000007b8a00000,0x00000007b9688000,0x00000007bf500000)
  to   space 106496K, 0% used [0x00000007b2200000,0x00000007b2200000,0x00000007b8a00000)
 ParOldGen       total 699392K, used 522714K [0x0000000780000000, 0x00000007aab00000, 0x00000007aab00000)
  object space 699392K, 74% used [0x0000000780000000,0x000000079fe76968,0x00000007aab00000)
 Metaspace       used 116150K, capacity 120700K, committed 121560K, reserved 1150976K
  class space    used 19048K, capacity 19517K, committed 19672K, reserved 1048576K
Event: 931.000 GC heap after
Heap after GC invocations=149 (full 42):
 PSYoungGen      total 228352K, used 16672K [0x00000007aab00000, 0x00000007bee00000, 0x00000007c0000000)
  eden space 121856K, 0% used [0x00000007aab00000,0x00000007aab00000,0x00000007b2200000)
  from space 106496K, 15% used [0x00000007b2200000,0x00000007b3248000,0x00000007b8a00000)
  to   space 100864K, 0% used [0x00000007b8b80000,0x00000007b8b80000,0x00000007bee00000)
 ParOldGen       total 699392K, used 522714K [0x0000000780000000, 0x00000007aab00000, 0x00000007aab00000)
  object space 699392K, 74% used [0x0000000780000000,0x000000079fe76968,0x00000007aab00000)
 Metaspace       used 116150K, capacity 120700K, committed 121560K, reserved 1150976K
  class space    used 19048K, capacity 19517K, committed 19672K, reserved 1048576K
}
Event: 936.453 GC heap before
{Heap before GC invocations=150 (full 42):
 PSYoungGen      total 228352K, used 138528K [0x00000007aab00000, 0x00000007bee00000, 0x00000007c0000000)
  eden space 121856K, 100% used [0x00000007aab00000,0x00000007b2200000,0x00000007b2200000)
  from space 106496K, 15% used [0x00000007b2200000,0x00000007b3248000,0x00000007b8a00000)
  to   space 100864K, 0% used [0x00000007b8b80000,0x00000007b8b80000,0x00000007bee00000)
 ParOldGen       total 699392K, used 522714K [0x0000000780000000, 0x00000007aab00000, 0x00000007aab00000)
  object space 699392K, 74% used [0x0000000780000000,0x000000079fe76968,0x00000007aab00000)
 Metaspace       used 116150K, capacity 120700K, committed 121560K, reserved 1150976K
  class space    used 19048K, capacity 19517K, committed 19672K, reserved 1048576K
Event: 936.487 GC heap after
Heap after GC invocations=150 (full 42):
 PSYoungGen      total 214528K, used 21760K [0x00000007aab00000, 0x00000007be000000, 0x00000007c0000000)
  eden space 128000K, 0% used [0x00000007aab00000,0x00000007aab00000,0x00000007b2800000)
  from space 86528K, 25% used [0x00000007b8b80000,0x00000007ba0c0000,0x00000007be000000)
  to   space 94208K, 0% used [0x00000007b2800000,0x00000007b2800000,0x00000007b8400000)
 ParOldGen       total 699392K, used 522714K [0x0000000780000000, 0x00000007aab00000, 0x00000007aab00000)
  object space 699392K, 74% used [0x0000000780000000,0x000000079fe76968,0x00000007aab00000)
 Metaspace       used 116150K, capacity 120700K, committed 121560K, reserved 1150976K
  class space    used 19048K, capacity 19517K, committed 19672K, reserved 1048576K
}
Event: 941.322 GC heap before
{Heap before GC invocations=151 (full 42):
 PSYoungGen      total 214528K, used 149760K [0x00000007aab00000, 0x00000007be000000, 0x00000007c0000000)
  eden space 128000K, 100% used [0x00000007aab00000,0x00000007b2800000,0x00000007b2800000)
  from space 86528K, 25% used [0x00000007b8b80000,0x00000007ba0c0000,0x00000007be000000)
  to   space 94208K, 0% used [0x00000007b2800000,0x00000007b2800000,0x00000007b8400000)
 ParOldGen       total 699392K, used 522714K [0x0000000780000000, 0x00000007aab00000, 0x00000007aab00000)
  object space 699392K, 74% used [0x0000000780000000,0x000000079fe76968,0x00000007aab00000)
 Metaspace       used 116150K, capacity 120700K, committed 121560K, reserved 1150976K
  class space    used 19048K, capacity 19517K, committed 19672K, reserved 1048576K
Event: 941.350 GC heap after
Heap after GC invocations=151 (full 42):
 PSYoungGen      total 152064K, used 24064K [0x00000007aab00000, 0x00000007bd980000, 0x00000007c0000000)
  eden space 128000K, 0% used [0x00000007aab00000,0x00000007aab00000,0x00000007b2800000)
  from space 24064K, 100% used [0x00000007b2800000,0x00000007b3f80000,0x00000007b3f80000)
  to   space 88064K, 0% used [0x00000007b8380000,0x00000007b8380000,0x00000007bd980000)
 ParOldGen       total 699392K, used 522714K [0x0000000780000000, 0x00000007aab00000, 0x00000007aab00000)
  object space 699392K, 74% used [0x0000000780000000,0x000000079fe76968,0x00000007aab00000)
 Metaspace       used 116150K, capacity 120700K, committed 121560K, reserved 1150976K
  class space    used 19048K, capacity 19517K, committed 19672K, reserved 1048576K
}
Event: 946.237 GC heap before
{Heap before GC invocations=152 (full 42):
 PSYoungGen      total 152064K, used 152064K [0x00000007aab00000, 0x00000007bd980000, 0x00000007c0000000)
  eden space 128000K, 100% used [0x00000007aab00000,0x00000007b2800000,0x00000007b2800000)
  from space 24064K, 100% used [0x00000007b2800000,0x00000007b3f80000,0x00000007b3f80000)
  to   space 88064K, 0% used [0x00000007b8380000,0x00000007b8380000,0x00000007bd980000)
 ParOldGen       total 699392K, used 522714K [0x0000000780000000, 0x00000007aab00000, 0x00000007aab00000)
  object space 699392K, 74% used [0x0000000780000000,0x000000079fe76968,0x00000007aab00000)
 Metaspace       used 116150K, capacity 120700K, committed 121560K, reserved 1150976K
  class space    used 19048K, capacity 19517K, committed 19672K, reserved 1048576K
Event: 946.272 GC heap after
Heap after GC invocations=152 (full 42):
 PSYoungGen      total 209408K, used 28640K [0x00000007aab00000, 0x00000007bce80000, 0x00000007c0000000)
  eden space 132608K, 0% used [0x00000007aab00000,0x00000007aab00000,0x00000007b2c80000)
  from space 76800K, 37% used [0x00000007b8380000,0x00000007b9f78000,0x00000007bce80000)
  to   space 82944K, 0% used [0x00000007b2c80000,0x00000007b2c80000,0x00000007b7d80000)
 ParOldGen       total 699392K, used 522714K [0x0000000780000000, 0x00000007aab00000, 0x00000007aab00000)
  object space 699392K, 74% used [0x0000000780000000,0x000000079fe76968,0x00000007aab00000)
 Metaspace       used 116150K, capacity 120700K, committed 121560K, reserved 1150976K
  class space    used 19048K, capacity 19517K, committed 19672K, reserved 1048576K
}

