# JRE version: Java(TM) SE Runtime Environment (8.0_144-b01) (build 1.8.0_144-b01)
# Java VM: Java HotSpot(TM) 64-Bit Server VM (25.144-b01 mixed mode bsd-amd64 compressed oops)
Heap:
 PSYoungGen      total 227840K, used 46335K [0x00000007aab00000, 0x00000007bf100000, 0x00000007c0000000)
  eden space 123904K, 30% used [0x00000007aab00000,0x00000007ad067cf8,0x00000007b2400000)
  from space 103936K, 7% used [0x00000007b8b80000,0x00000007b93580b0,0x00000007bf100000)
  to   space 104960K, 0% used [0x00000007b2400000,0x00000007b2400000,0x00000007b8a80000)
 ParOldGen       total 694784K, used 107451K [0x0000000780000000, 0x00000007aa680000, 0x00000007aab00000)
  object space 694784K, 15% used [0x0000000780000000,0x00000007868eef10,0x00000007aa680000)
 Metaspace       used 115676K, capacity 120054K, committed 120280K, reserved 1150976K
  class space    used 18797K, capacity 19325K, committed 19416K, reserved 1048576K
GC Heap History (10 events):
Event: 372.713 GC heap before
{Heap before GC invocations=139 (full 19):
 PSYoungGen      total 232960K, used 116736K [0x00000007aab00000, 0x00000007c0000000, 0x00000007c0000000)
  eden space 116736K, 100% used [0x00000007aab00000,0x00000007b1d00000,0x00000007b1d00000)
  from space 116224K, 0% used [0x00000007b1d00000,0x00000007b1d00000,0x00000007b8e80000)
  to   space 116224K, 0% used [0x00000007b8e80000,0x00000007b8e80000,0x00000007c0000000)
 ParOldGen       total 694784K, used 105242K [0x0000000780000000, 0x00000007aa680000, 0x00000007aab00000)
  object space 694784K, 15% used [0x0000000780000000,0x00000007866c6b78,0x00000007aa680000)
 Metaspace       used 112409K, capacity 116528K, committed 117336K, reserved 1146880K
  class space    used 18364K, capacity 18836K, committed 19032K, reserved 1048576K
Event: 372.719 GC heap after
Heap after GC invocations=139 (full 19):
 PSYoungGen      total 232960K, used 9512K [0x00000007aab00000, 0x00000007c0000000, 0x00000007c0000000)
  eden space 116736K, 0% used [0x00000007aab00000,0x00000007aab00000,0x00000007b1d00000)
  from space 116224K, 8% used [0x00000007b8e80000,0x00000007b97ca108,0x00000007c0000000)
  to   space 116224K, 0% used [0x00000007b1d00000,0x00000007b1d00000,0x00000007b8e80000)
 ParOldGen       total 694784K, used 105250K [0x0000000780000000, 0x00000007aa680000, 0x00000007aab00000)
  object space 694784K, 15% used [0x0000000780000000,0x00000007866c8b78,0x00000007aa680000)
 Metaspace       used 112409K, capacity 116528K, committed 117336K, reserved 1146880K
  class space    used 18364K, capacity 18836K, committed 19032K, reserved 1048576K
}
Event: 419.944 GC heap before
{Heap before GC invocations=140 (full 19):
 PSYoungGen      total 232960K, used 126248K [0x00000007aab00000, 0x00000007c0000000, 0x00000007c0000000)
  eden space 116736K, 100% used [0x00000007aab00000,0x00000007b1d00000,0x00000007b1d00000)
  from space 116224K, 8% used [0x00000007b8e80000,0x00000007b97ca108,0x00000007c0000000)
  to   space 116224K, 0% used [0x00000007b1d00000,0x00000007b1d00000,0x00000007b8e80000)
 ParOldGen       total 694784K, used 105250K [0x0000000780000000, 0x00000007aa680000, 0x00000007aab00000)
  object space 694784K, 15% used [0x0000000780000000,0x00000007866c8b78,0x00000007aa680000)
 Metaspace       used 115410K, capacity 119718K, committed 120280K, reserved 1150976K
  class space    used 18783K, capacity 19301K, committed 19416K, reserved 1048576K
Event: 419.949 GC heap after
Heap after GC invocations=140 (full 19):
 PSYoungGen      total 121856K, used 4898K [0x00000007aab00000, 0x00000007bff00000, 0x00000007c0000000)
  eden space 116736K, 0% used [0x00000007aab00000,0x00000007aab00000,0x00000007b1d00000)
  from space 5120K, 95% used [0x00000007b1d00000,0x00000007b21c88d8,0x00000007b2200000)
  to   space 115712K, 0% used [0x00000007b8e00000,0x00000007b8e00000,0x00000007bff00000)
 ParOldGen       total 694784K, used 107443K [0x0000000780000000, 0x00000007aa680000, 0x00000007aab00000)
  object space 694784K, 15% used [0x0000000780000000,0x00000007868ecf10,0x00000007aa680000)
 Metaspace       used 115410K, capacity 119718K, committed 120280K, reserved 1150976K
  class space    used 18783K, capacity 19301K, committed 19416K, reserved 1048576K
}
Event: 505.516 GC heap before
{Heap before GC invocations=141 (full 19):
 PSYoungGen      total 121856K, used 121634K [0x00000007aab00000, 0x00000007bff00000, 0x00000007c0000000)
  eden space 116736K, 100% used [0x00000007aab00000,0x00000007b1d00000,0x00000007b1d00000)
  from space 5120K, 95% used [0x00000007b1d00000,0x00000007b21c88d8,0x00000007b2200000)
  to   space 115712K, 0% used [0x00000007b8e00000,0x00000007b8e00000,0x00000007bff00000)
 ParOldGen       total 694784K, used 107443K [0x0000000780000000, 0x00000007aa680000, 0x00000007aab00000)
  object space 694784K, 15% used [0x0000000780000000,0x00000007868ecf10,0x00000007aa680000)
 Metaspace       used 115467K, capacity 119800K, committed 120280K, reserved 1150976K
  class space    used 18785K, capacity 19304K, committed 19416K, reserved 1048576K
Event: 505.522 GC heap after
Heap after GC invocations=141 (full 19):
 PSYoungGen      total 235520K, used 6336K [0x00000007aab00000, 0x00000007bff00000, 0x00000007c0000000)
  eden space 119808K, 0% used [0x00000007aab00000,0x00000007aab00000,0x00000007b2000000)
  from space 115712K, 5% used [0x00000007b8e00000,0x00000007b94300b0,0x00000007bff00000)
  to   space 112640K, 0% used [0x00000007b2000000,0x00000007b2000000,0x00000007b8e00000)
 ParOldGen       total 694784K, used 107443K [0x0000000780000000, 0x00000007aa680000, 0x00000007aab00000)
  object space 694784K, 15% used [0x0000000780000000,0x00000007868ecf10,0x00000007aa680000)
 Metaspace       used 115467K, capacity 119800K, committed 120280K, reserved 1150976K
  class space    used 18785K, capacity 19304K, committed 19416K, reserved 1048576K
}
Event: 546.237 GC heap before
{Heap before GC invocations=142 (full 19):
 PSYoungGen      total 235520K, used 126144K [0x00000007aab00000, 0x00000007bff00000, 0x00000007c0000000)
  eden space 119808K, 100% used [0x00000007aab00000,0x00000007b2000000,0x00000007b2000000)
  from space 115712K, 5% used [0x00000007b8e00000,0x00000007b94300b0,0x00000007bff00000)
  to   space 112640K, 0% used [0x00000007b2000000,0x00000007b2000000,0x00000007b8e00000)
 ParOldGen       total 694784K, used 107443K [0x0000000780000000, 0x00000007aa680000, 0x00000007aab00000)
  object space 694784K, 15% used [0x0000000780000000,0x00000007868ecf10,0x00000007aa680000)
 Metaspace       used 115626K, capacity 120000K, committed 120280K, reserved 1150976K
  class space    used 18792K, capacity 19316K, committed 19416K, reserved 1048576K
Event: 546.244 GC heap after
Heap after GC invocations=142 (full 19):
 PSYoungGen      total 127488K, used 7616K [0x00000007aab00000, 0x00000007bf600000, 0x00000007c0000000)
  eden space 119808K, 0% used [0x00000007aab00000,0x00000007aab00000,0x00000007b2000000)
  from space 7680K, 99% used [0x00000007b2000000,0x00000007b27700b0,0x00000007b2780000)
  to   space 109056K, 0% used [0x00000007b8b80000,0x00000007b8b80000,0x00000007bf600000)
 ParOldGen       total 694784K, used 107451K [0x0000000780000000, 0x00000007aa680000, 0x00000007aab00000)
  object space 694784K, 15% used [0x0000000780000000,0x00000007868eef10,0x00000007aa680000)
 Metaspace       used 115626K, capacity 120000K, committed 120280K, reserved 1150976K
  class space    used 18792K, capacity 19316K, committed 19416K, reserved 1048576K
}
Event: 556.196 GC heap before
{Heap before GC invocations=143 (full 19):
 PSYoungGen      total 127488K, used 127424K [0x00000007aab00000, 0x00000007bf600000, 0x00000007c0000000)
  eden space 119808K, 100% used [0x00000007aab00000,0x00000007b2000000,0x00000007b2000000)
  from space 7680K, 99% used [0x00000007b2000000,0x00000007b27700b0,0x00000007b2780000)
  to   space 109056K, 0% used [0x00000007b8b80000,0x00000007b8b80000,0x00000007bf600000)
 ParOldGen       total 694784K, used 107451K [0x0000000780000000, 0x00000007aa680000, 0x00000007aab00000)
  object space 694784K, 15% used [0x0000000780000000,0x00000007868eef10,0x00000007aa680000)
 Metaspace       used 115676K, capacity 120054K, committed 120280K, reserved 1150976K
  class space    used 18797K, capacity 19325K, committed 19416K, reserved 1048576K
Event: 556.202 GC heap after
Heap after GC invocations=143 (full 19):
 PSYoungGen      total 227840K, used 8032K [0x00000007aab00000, 0x00000007bf100000, 0x00000007c0000000)
  eden space 123904K, 0% used [0x00000007aab00000,0x00000007aab00000,0x00000007b2400000)
  from space 103936K, 7% used [0x00000007b8b80000,0x00000007b93580b0,0x00000007bf100000)
  to   space 104960K, 0% used [0x00000007b2400000,0x00000007b2400000,0x00000007b8a80000)
 ParOldGen       total 694784K, used 107451K [0x0000000780000000, 0x00000007aa680000, 0x00000007aab00000)
  object space 694784K, 15% used [0x0000000780000000,0x00000007868eef10,0x00000007aa680000)
 Metaspace       used 115676K, capacity 120054K, committed 120280K, reserved 1150976K
  class space    used 18797K, capacity 19325K, committed 19416K, reserved 1048576K
}

