# JRE version: Java(TM) SE Runtime Environment (8.0_144-b01) (build 1.8.0_144-b01)
# Java VM: Java HotSpot(TM) 64-Bit Server VM (25.144-b01 mixed mode bsd-amd64 compressed oops)
Heap:
 PSYoungGen      total 261120K, used 138330K [0x00000007aab00000, 0x00000007bf980000, 0x00000007c0000000)
  eden space 180736K, 73% used [0x00000007aab00000,0x00000007b2d36bb8,0x00000007b5b80000)
  from space 80384K, 6% used [0x00000007bab00000,0x00000007bafe0000,0x00000007bf980000)
  to   space 80896K, 0% used [0x00000007b5b80000,0x00000007b5b80000,0x00000007baa80000)
 ParOldGen       total 509440K, used 423164K [0x0000000780000000, 0x000000079f180000, 0x00000007aab00000)
  object space 509440K, 83% used [0x0000000780000000,0x0000000799d3f1a0,0x000000079f180000)
 Metaspace       used 98889K, capacity 102970K, committed 103128K, reserved 1134592K
  class space    used 16522K, capacity 17007K, committed 17112K, reserved 1048576K
GC Heap History (10 events):
Event: 110.459 GC heap before
{Heap before GC invocations=23 (full 5):
 PSYoungGen      total 166912K, used 166788K [0x00000007aab00000, 0x00000007bfa00000, 0x00000007c0000000)
  eden space 154624K, 100% used [0x00000007aab00000,0x00000007b4200000,0x00000007b4200000)
  from space 12288K, 98% used [0x00000007b4200000,0x00000007b4de12c0,0x00000007b4e00000)
  to   space 94208K, 0% used [0x00000007b9e00000,0x00000007b9e00000,0x00000007bfa00000)
 ParOldGen       total 509440K, used 375549K [0x0000000780000000, 0x000000079f180000, 0x00000007aab00000)
  object space 509440K, 73% used [0x0000000780000000,0x0000000796ebf690,0x000000079f180000)
 Metaspace       used 98860K, capacity 102906K, committed 103128K, reserved 1134592K
  class space    used 16522K, capacity 17007K, committed 17112K, reserved 1048576K
Event: 110.560 GC heap after
Heap after GC invocations=23 (full 5):
 PSYoungGen      total 252928K, used 21570K [0x00000007aab00000, 0x00000007c0000000, 0x00000007c0000000)
  eden space 158720K, 0% used [0x00000007aab00000,0x00000007aab00000,0x00000007b4600000)
  from space 94208K, 22% used [0x00000007b9e00000,0x00000007bb310950,0x00000007bfa00000)
  to   space 90112K, 0% used [0x00000007b4600000,0x00000007b4600000,0x00000007b9e00000)
 ParOldGen       total 509440K, used 378836K [0x0000000780000000, 0x000000079f180000, 0x00000007aab00000)
  object space 509440K, 74% used [0x0000000780000000,0x00000007971f51a0,0x000000079f180000)
 Metaspace       used 98860K, capacity 102906K, committed 103128K, reserved 1134592K
  class space    used 16522K, capacity 17007K, committed 17112K, reserved 1048576K
}
Event: 144.701 GC heap before
{Heap before GC invocations=24 (full 5):
 PSYoungGen      total 252928K, used 180290K [0x00000007aab00000, 0x00000007c0000000, 0x00000007c0000000)
  eden space 158720K, 100% used [0x00000007aab00000,0x00000007b4600000,0x00000007b4600000)
  from space 94208K, 22% used [0x00000007b9e00000,0x00000007bb310950,0x00000007bfa00000)
  to   space 90112K, 0% used [0x00000007b4600000,0x00000007b4600000,0x00000007b9e00000)
 ParOldGen       total 509440K, used 378836K [0x0000000780000000, 0x000000079f180000, 0x00000007aab00000)
  object space 509440K, 74% used [0x0000000780000000,0x00000007971f51a0,0x000000079f180000)
 Metaspace       used 98860K, capacity 102906K, committed 103128K, reserved 1134592K
  class space    used 16522K, capacity 17007K, committed 17112K, reserved 1048576K
Event: 144.755 GC heap after
Heap after GC invocations=24 (full 5):
 PSYoungGen      total 248832K, used 22976K [0x00000007aab00000, 0x00000007bf300000, 0x00000007c0000000)
  eden space 158720K, 0% used [0x00000007aab00000,0x00000007aab00000,0x00000007b4600000)
  from space 90112K, 25% used [0x00000007b4600000,0x00000007b5c70000,0x00000007b9e00000)
  to   space 85504K, 0% used [0x00000007b9f80000,0x00000007b9f80000,0x00000007bf300000)
 ParOldGen       total 509440K, used 400148K [0x0000000780000000, 0x000000079f180000, 0x00000007aab00000)
  object space 509440K, 78% used [0x0000000780000000,0x00000007986c51a0,0x000000079f180000)
 Metaspace       used 98860K, capacity 102906K, committed 103128K, reserved 1134592K
  class space    used 16522K, capacity 17007K, committed 17112K, reserved 1048576K
}
Event: 208.302 GC heap before
{Heap before GC invocations=25 (full 5):
 PSYoungGen      total 248832K, used 181696K [0x00000007aab00000, 0x00000007bf300000, 0x00000007c0000000)
  eden space 158720K, 100% used [0x00000007aab00000,0x00000007b4600000,0x00000007b4600000)
  from space 90112K, 25% used [0x00000007b4600000,0x00000007b5c70000,0x00000007b9e00000)
  to   space 85504K, 0% used [0x00000007b9f80000,0x00000007b9f80000,0x00000007bf300000)
 ParOldGen       total 509440K, used 400148K [0x0000000780000000, 0x000000079f180000, 0x00000007aab00000)
  object space 509440K, 78% used [0x0000000780000000,0x00000007986c51a0,0x000000079f180000)
 Metaspace       used 98881K, capacity 102906K, committed 103128K, reserved 1134592K
  class space    used 16522K, capacity 17007K, committed 17112K, reserved 1048576K
Event: 208.319 GC heap after
Heap after GC invocations=25 (full 5):
 PSYoungGen      total 250880K, used 1920K [0x00000007aab00000, 0x00000007bfa80000, 0x00000007c0000000)
  eden space 165376K, 0% used [0x00000007aab00000,0x00000007aab00000,0x00000007b4c80000)
  from space 85504K, 2% used [0x00000007b9f80000,0x00000007ba160000,0x00000007bf300000)
  to   space 84992K, 0% used [0x00000007b4c80000,0x00000007b4c80000,0x00000007b9f80000)
 ParOldGen       total 509440K, used 423164K [0x0000000780000000, 0x000000079f180000, 0x00000007aab00000)
  object space 509440K, 83% used [0x0000000780000000,0x0000000799d3f1a0,0x000000079f180000)
 Metaspace       used 98881K, capacity 102906K, committed 103128K, reserved 1134592K
  class space    used 16522K, capacity 17007K, committed 17112K, reserved 1048576K
}
Event: 359.171 GC heap before
{Heap before GC invocations=26 (full 5):
 PSYoungGen      total 250880K, used 167296K [0x00000007aab00000, 0x00000007bfa80000, 0x00000007c0000000)
  eden space 165376K, 100% used [0x00000007aab00000,0x00000007b4c80000,0x00000007b4c80000)
  from space 85504K, 2% used [0x00000007b9f80000,0x00000007ba160000,0x00000007bf300000)
  to   space 84992K, 0% used [0x00000007b4c80000,0x00000007b4c80000,0x00000007b9f80000)
 ParOldGen       total 509440K, used 423164K [0x0000000780000000, 0x000000079f180000, 0x00000007aab00000)
  object space 509440K, 83% used [0x0000000780000000,0x0000000799d3f1a0,0x000000079f180000)
 Metaspace       used 98887K, capacity 102970K, committed 103128K, reserved 1134592K
  class space    used 16522K, capacity 17007K, committed 17112K, reserved 1048576K
Event: 359.179 GC heap after
Heap after GC invocations=26 (full 5):
 PSYoungGen      total 250368K, used 3488K [0x00000007aab00000, 0x00000007bfc80000, 0x00000007c0000000)
  eden space 165376K, 0% used [0x00000007aab00000,0x00000007aab00000,0x00000007b4c80000)
  from space 84992K, 4% used [0x00000007b4c80000,0x00000007b4fe8000,0x00000007b9f80000)
  to   space 83456K, 0% used [0x00000007bab00000,0x00000007bab00000,0x00000007bfc80000)
 ParOldGen       total 509440K, used 423164K [0x0000000780000000, 0x000000079f180000, 0x00000007aab00000)
  object space 509440K, 83% used [0x0000000780000000,0x0000000799d3f1a0,0x000000079f180000)
 Metaspace       used 98887K, capacity 102970K, committed 103128K, reserved 1134592K
  class space    used 16522K, capacity 17007K, committed 17112K, reserved 1048576K
}
Event: 423.441 GC heap before
{Heap before GC invocations=27 (full 5):
 PSYoungGen      total 250368K, used 168864K [0x00000007aab00000, 0x00000007bfc80000, 0x00000007c0000000)
  eden space 165376K, 100% used [0x00000007aab00000,0x00000007b4c80000,0x00000007b4c80000)
  from space 84992K, 4% used [0x00000007b4c80000,0x00000007b4fe8000,0x00000007b9f80000)
  to   space 83456K, 0% used [0x00000007bab00000,0x00000007bab00000,0x00000007bfc80000)
 ParOldGen       total 509440K, used 423164K [0x0000000780000000, 0x000000079f180000, 0x00000007aab00000)
  object space 509440K, 83% used [0x0000000780000000,0x0000000799d3f1a0,0x000000079f180000)
 Metaspace       used 98888K, capacity 102970K, committed 103128K, reserved 1134592K
  class space    used 16522K, capacity 17007K, committed 17112K, reserved 1048576K
Event: 423.449 GC heap after
Heap after GC invocations=27 (full 5):
 PSYoungGen      total 261120K, used 4992K [0x00000007aab00000, 0x00000007bf980000, 0x00000007c0000000)
  eden space 180736K, 0% used [0x00000007aab00000,0x00000007aab00000,0x00000007b5b80000)
  from space 80384K, 6% used [0x00000007bab00000,0x00000007bafe0000,0x00000007bf980000)
  to   space 80896K, 0% used [0x00000007b5b80000,0x00000007b5b80000,0x00000007baa80000)
 ParOldGen       total 509440K, used 423164K [0x0000000780000000, 0x000000079f180000, 0x00000007aab00000)
  object space 509440K, 83% used [0x0000000780000000,0x0000000799d3f1a0,0x000000079f180000)
 Metaspace       used 98888K, capacity 102970K, committed 103128K, reserved 1134592K
  class space    used 16522K, capacity 17007K, committed 17112K, reserved 1048576K
}

