# JRE version: Java(TM) SE Runtime Environment (8.0_144-b01) (build 1.8.0_144-b01)
# Java VM: Java HotSpot(TM) 64-Bit Server VM (25.144-b01 mixed mode bsd-amd64 compressed oops)
Heap:
 PSYoungGen      total 252928K, used 70114K [0x00000007aab00000, 0x00000007bf280000, 0x00000007c0000000)
  eden space 175616K, 35% used [0x00000007aab00000,0x00000007ae7d8900,0x00000007b5680000)
  from space 77312K, 10% used [0x00000007ba700000,0x00000007baea0000,0x00000007bf280000)
  to   space 79872K, 0% used [0x00000007b5680000,0x00000007b5680000,0x00000007ba480000)
 ParOldGen       total 640512K, used 501613K [0x0000000780000000, 0x00000007a7180000, 0x00000007aab00000)
  object space 640512K, 78% used [0x0000000780000000,0x000000079e9db5d8,0x00000007a7180000)
 Metaspace       used 165746K, capacity 173595K, committed 175104K, reserved 1198080K
  class space    used 26189K, capacity 26751K, committed 27136K, reserved 1048576K
GC Heap History (10 events):
Event: 1461.900 GC heap before
{Heap before GC invocations=71 (full 9):
 PSYoungGen      total 230912K, used 128224K [0x00000007aab00000, 0x00000007bfb80000, 0x00000007c0000000)
  eden space 125440K, 100% used [0x00000007aab00000,0x00000007b2580000,0x00000007b2580000)
  from space 105472K, 2% used [0x00000007b2580000,0x00000007b2838000,0x00000007b8c80000)
  to   space 102400K, 0% used [0x00000007b9780000,0x00000007b9780000,0x00000007bfb80000)
 ParOldGen       total 640512K, used 486461K [0x0000000780000000, 0x00000007a7180000, 0x00000007aab00000)
  object space 640512K, 75% used [0x0000000780000000,0x000000079db0f5d8,0x00000007a7180000)
 Metaspace       used 165746K, capacity 173595K, committed 175104K, reserved 1198080K
  class space    used 26189K, capacity 26751K, committed 27136K, reserved 1048576K
Event: 1461.907 GC heap after
Heap after GC invocations=71 (full 9):
 PSYoungGen      total 239104K, used 608K [0x00000007aab00000, 0x00000007bf700000, 0x00000007c0000000)
  eden space 141312K, 0% used [0x00000007aab00000,0x00000007aab00000,0x00000007b3500000)
  from space 97792K, 0% used [0x00000007b9780000,0x00000007b9818000,0x00000007bf700000)
  to   space 99328K, 0% used [0x00000007b3500000,0x00000007b3500000,0x00000007b9600000)
 ParOldGen       total 640512K, used 489189K [0x0000000780000000, 0x00000007a7180000, 0x00000007aab00000)
  object space 640512K, 76% used [0x0000000780000000,0x000000079ddb95d8,0x00000007a7180000)
 Metaspace       used 165746K, capacity 173595K, committed 175104K, reserved 1198080K
  class space    used 26189K, capacity 26751K, committed 27136K, reserved 1048576K
}
Event: 1466.489 GC heap before
{Heap before GC invocations=72 (full 9):
 PSYoungGen      total 239104K, used 141920K [0x00000007aab00000, 0x00000007bf700000, 0x00000007c0000000)
  eden space 141312K, 100% used [0x00000007aab00000,0x00000007b3500000,0x00000007b3500000)
  from space 97792K, 0% used [0x00000007b9780000,0x00000007b9818000,0x00000007bf700000)
  to   space 99328K, 0% used [0x00000007b3500000,0x00000007b3500000,0x00000007b9600000)
 ParOldGen       total 640512K, used 489189K [0x0000000780000000, 0x00000007a7180000, 0x00000007aab00000)
  object space 640512K, 76% used [0x0000000780000000,0x000000079ddb95d8,0x00000007a7180000)
 Metaspace       used 165746K, capacity 173595K, committed 175104K, reserved 1198080K
  class space    used 26189K, capacity 26751K, committed 27136K, reserved 1048576K
Event: 1466.513 GC heap after
Heap after GC invocations=72 (full 9):
 PSYoungGen      total 240640K, used 8576K [0x00000007aab00000, 0x00000007bf780000, 0x00000007c0000000)
  eden space 141312K, 0% used [0x00000007aab00000,0x00000007aab00000,0x00000007b3500000)
  from space 99328K, 8% used [0x00000007b3500000,0x00000007b3d60000,0x00000007b9600000)
  to   space 94208K, 0% used [0x00000007b9b80000,0x00000007b9b80000,0x00000007bf780000)
 ParOldGen       total 640512K, used 489693K [0x0000000780000000, 0x00000007a7180000, 0x00000007aab00000)
  object space 640512K, 76% used [0x0000000780000000,0x000000079de375d8,0x00000007a7180000)
 Metaspace       used 165746K, capacity 173595K, committed 175104K, reserved 1198080K
  class space    used 26189K, capacity 26751K, committed 27136K, reserved 1048576K
}
Event: 1473.086 GC heap before
{Heap before GC invocations=73 (full 9):
 PSYoungGen      total 240640K, used 149888K [0x00000007aab00000, 0x00000007bf780000, 0x00000007c0000000)
  eden space 141312K, 100% used [0x00000007aab00000,0x00000007b3500000,0x00000007b3500000)
  from space 99328K, 8% used [0x00000007b3500000,0x00000007b3d60000,0x00000007b9600000)
  to   space 94208K, 0% used [0x00000007b9b80000,0x00000007b9b80000,0x00000007bf780000)
 ParOldGen       total 640512K, used 489693K [0x0000000780000000, 0x00000007a7180000, 0x00000007aab00000)
  object space 640512K, 76% used [0x0000000780000000,0x000000079de375d8,0x00000007a7180000)
 Metaspace       used 165746K, capacity 173595K, committed 175104K, reserved 1198080K
  class space    used 26189K, capacity 26751K, committed 27136K, reserved 1048576K
Event: 1473.118 GC heap after
Heap after GC invocations=73 (full 9):
 PSYoungGen      total 242176K, used 11168K [0x00000007aab00000, 0x00000007bf000000, 0x00000007c0000000)
  eden space 155648K, 0% used [0x00000007aab00000,0x00000007aab00000,0x00000007b4300000)
  from space 86528K, 12% used [0x00000007b9b80000,0x00000007ba668000,0x00000007bf000000)
  to   space 88576K, 0% used [0x00000007b4300000,0x00000007b4300000,0x00000007b9980000)
 ParOldGen       total 640512K, used 494109K [0x0000000780000000, 0x00000007a7180000, 0x00000007aab00000)
  object space 640512K, 77% used [0x0000000780000000,0x000000079e2875d8,0x00000007a7180000)
 Metaspace       used 165746K, capacity 173595K, committed 175104K, reserved 1198080K
  class space    used 26189K, capacity 26751K, committed 27136K, reserved 1048576K
}
Event: 1478.971 GC heap before
{Heap before GC invocations=74 (full 9):
 PSYoungGen      total 242176K, used 166816K [0x00000007aab00000, 0x00000007bf000000, 0x00000007c0000000)
  eden space 155648K, 100% used [0x00000007aab00000,0x00000007b4300000,0x00000007b4300000)
  from space 86528K, 12% used [0x00000007b9b80000,0x00000007ba668000,0x00000007bf000000)
  to   space 88576K, 0% used [0x00000007b4300000,0x00000007b4300000,0x00000007b9980000)
 ParOldGen       total 640512K, used 494109K [0x0000000780000000, 0x00000007a7180000, 0x00000007aab00000)
  object space 640512K, 77% used [0x0000000780000000,0x000000079e2875d8,0x00000007a7180000)
 Metaspace       used 165746K, capacity 173595K, committed 175104K, reserved 1198080K
  class space    used 26189K, capacity 26751K, committed 27136K, reserved 1048576K
Event: 1479.004 GC heap after
Heap after GC invocations=74 (full 9):
 PSYoungGen      total 244224K, used 9568K [0x00000007aab00000, 0x00000007bf900000, 0x00000007c0000000)
  eden space 155648K, 0% used [0x00000007aab00000,0x00000007aab00000,0x00000007b4300000)
  from space 88576K, 10% used [0x00000007b4300000,0x00000007b4c58000,0x00000007b9980000)
  to   space 83968K, 0% used [0x00000007ba700000,0x00000007ba700000,0x00000007bf900000)
 ParOldGen       total 640512K, used 498933K [0x0000000780000000, 0x00000007a7180000, 0x00000007aab00000)
  object space 640512K, 77% used [0x0000000780000000,0x000000079e73d5d8,0x00000007a7180000)
 Metaspace       used 165746K, capacity 173595K, committed 175104K, reserved 1198080K
  class space    used 26189K, capacity 26751K, committed 27136K, reserved 1048576K
}
Event: 1484.474 GC heap before
{Heap before GC invocations=75 (full 9):
 PSYoungGen      total 244224K, used 165216K [0x00000007aab00000, 0x00000007bf900000, 0x00000007c0000000)
  eden space 155648K, 100% used [0x00000007aab00000,0x00000007b4300000,0x00000007b4300000)
  from space 88576K, 10% used [0x00000007b4300000,0x00000007b4c58000,0x00000007b9980000)
  to   space 83968K, 0% used [0x00000007ba700000,0x00000007ba700000,0x00000007bf900000)
 ParOldGen       total 640512K, used 498933K [0x0000000780000000, 0x00000007a7180000, 0x00000007aab00000)
  object space 640512K, 77% used [0x0000000780000000,0x000000079e73d5d8,0x00000007a7180000)
 Metaspace       used 165746K, capacity 173595K, committed 175104K, reserved 1198080K
  class space    used 26189K, capacity 26751K, committed 27136K, reserved 1048576K
Event: 1484.501 GC heap after
Heap after GC invocations=75 (full 9):
 PSYoungGen      total 252928K, used 7808K [0x00000007aab00000, 0x00000007bf280000, 0x00000007c0000000)
  eden space 175616K, 0% used [0x00000007aab00000,0x00000007aab00000,0x00000007b5680000)
  from space 77312K, 10% used [0x00000007ba700000,0x00000007baea0000,0x00000007bf280000)
  to   space 79872K, 0% used [0x00000007b5680000,0x00000007b5680000,0x00000007ba480000)
 ParOldGen       total 640512K, used 501613K [0x0000000780000000, 0x00000007a7180000, 0x00000007aab00000)
  object space 640512K, 78% used [0x0000000780000000,0x000000079e9db5d8,0x00000007a7180000)
 Metaspace       used 165746K, capacity 173595K, committed 175104K, reserved 1198080K
  class space    used 26189K, capacity 26751K, committed 27136K, reserved 1048576K
}

