# JRE version: Java(TM) SE Runtime Environment (8.0_144-b01) (build 1.8.0_144-b01)
# Java VM: Java HotSpot(TM) 64-Bit Server VM (25.144-b01 mixed mode bsd-amd64 compressed oops)
Heap:
 PSYoungGen      total 232960K, used 39322K [0x00000007aab00000, 0x00000007c0000000, 0x00000007c0000000)
  eden space 116736K, 33% used [0x00000007aab00000,0x00000007ad166830,0x00000007b1d00000)
  from space 116224K, 0% used [0x00000007b8e80000,0x00000007b8e80000,0x00000007c0000000)
  to   space 116224K, 0% used [0x00000007b1d00000,0x00000007b1d00000,0x00000007b8e80000)
 ParOldGen       total 699392K, used 662863K [0x0000000780000000, 0x00000007aab00000, 0x00000007aab00000)
  object space 699392K, 94% used [0x0000000780000000,0x00000007a8753ca8,0x00000007aab00000)
 Metaspace       used 116337K, capacity 120886K, committed 121304K, reserved 1150976K
  class space    used 19041K, capacity 19526K, committed 19672K, reserved 1048576K
GC Heap History (10 events):
Event: 915.107 GC heap before
{Heap before GC invocations=242 (full 42):
 PSYoungGen      total 232960K, used 116736K [0x00000007aab00000, 0x00000007c0000000, 0x00000007c0000000)
  eden space 116736K, 100% used [0x00000007aab00000,0x00000007b1d00000,0x00000007b1d00000)
  from space 116224K, 0% used [0x00000007b8e80000,0x00000007b8e80000,0x00000007c0000000)
  to   space 116224K, 0% used [0x00000007b1d00000,0x00000007b1d00000,0x00000007b8e80000)
 ParOldGen       total 699392K, used 646105K [0x0000000780000000, 0x00000007aab00000, 0x00000007aab00000)
  object space 699392K, 92% used [0x0000000780000000,0x00000007a76f6630,0x00000007aab00000)
 Metaspace       used 116337K, capacity 120886K, committed 121304K, reserved 1150976K
  class space    used 19041K, capacity 19526K, committed 19672K, reserved 1048576K
Event: 915.456 GC heap after
Heap after GC invocations=242 (full 42):
 PSYoungGen      total 232960K, used 0K [0x00000007aab00000, 0x00000007c0000000, 0x00000007c0000000)
  eden space 116736K, 0% used [0x00000007aab00000,0x00000007aab00000,0x00000007b1d00000)
  from space 116224K, 0% used [0x00000007b8e80000,0x00000007b8e80000,0x00000007c0000000)
  to   space 116224K, 0% used [0x00000007b1d00000,0x00000007b1d00000,0x00000007b8e80000)
 ParOldGen       total 699392K, used 657879K [0x0000000780000000, 0x00000007aab00000, 0x00000007aab00000)
  object space 699392K, 94% used [0x0000000780000000,0x00000007a8275c90,0x00000007aab00000)
 Metaspace       used 116337K, capacity 120886K, committed 121304K, reserved 1150976K
  class space    used 19041K, capacity 19526K, committed 19672K, reserved 1048576K
}
Event: 916.407 GC heap before
{Heap before GC invocations=243 (full 43):
 PSYoungGen      total 232960K, used 116736K [0x00000007aab00000, 0x00000007c0000000, 0x00000007c0000000)
  eden space 116736K, 100% used [0x00000007aab00000,0x00000007b1d00000,0x00000007b1d00000)
  from space 116224K, 0% used [0x00000007b8e80000,0x00000007b8e80000,0x00000007c0000000)
  to   space 116224K, 0% used [0x00000007b1d00000,0x00000007b1d00000,0x00000007b8e80000)
 ParOldGen       total 699392K, used 657879K [0x0000000780000000, 0x00000007aab00000, 0x00000007aab00000)
  object space 699392K, 94% used [0x0000000780000000,0x00000007a8275c90,0x00000007aab00000)
 Metaspace       used 116337K, capacity 120886K, committed 121304K, reserved 1150976K
  class space    used 19041K, capacity 19526K, committed 19672K, reserved 1048576K
Event: 916.722 GC heap after
Heap after GC invocations=243 (full 43):
 PSYoungGen      total 232960K, used 0K [0x00000007aab00000, 0x00000007c0000000, 0x00000007c0000000)
  eden space 116736K, 0% used [0x00000007aab00000,0x00000007aab00000,0x00000007b1d00000)
  from space 116224K, 0% used [0x00000007b8e80000,0x00000007b8e80000,0x00000007c0000000)
  to   space 116224K, 0% used [0x00000007b1d00000,0x00000007b1d00000,0x00000007b8e80000)
 ParOldGen       total 699392K, used 658619K [0x0000000780000000, 0x00000007aab00000, 0x00000007aab00000)
  object space 699392K, 94% used [0x0000000780000000,0x00000007a832ef28,0x00000007aab00000)
 Metaspace       used 116337K, capacity 120886K, committed 121304K, reserved 1150976K
  class space    used 19041K, capacity 19526K, committed 19672K, reserved 1048576K
}
Event: 918.142 GC heap before
{Heap before GC invocations=244 (full 44):
 PSYoungGen      total 232960K, used 116736K [0x00000007aab00000, 0x00000007c0000000, 0x00000007c0000000)
  eden space 116736K, 100% used [0x00000007aab00000,0x00000007b1d00000,0x00000007b1d00000)
  from space 116224K, 0% used [0x00000007b8e80000,0x00000007b8e80000,0x00000007c0000000)
  to   space 116224K, 0% used [0x00000007b1d00000,0x00000007b1d00000,0x00000007b8e80000)
 ParOldGen       total 699392K, used 658619K [0x0000000780000000, 0x00000007aab00000, 0x00000007aab00000)
  object space 699392K, 94% used [0x0000000780000000,0x00000007a832ef28,0x00000007aab00000)
 Metaspace       used 116337K, capacity 120886K, committed 121304K, reserved 1150976K
  class space    used 19041K, capacity 19526K, committed 19672K, reserved 1048576K
Event: 918.746 GC heap after
Heap after GC invocations=244 (full 44):
 PSYoungGen      total 232960K, used 0K [0x00000007aab00000, 0x00000007c0000000, 0x00000007c0000000)
  eden space 116736K, 0% used [0x00000007aab00000,0x00000007aab00000,0x00000007b1d00000)
  from space 116224K, 0% used [0x00000007b8e80000,0x00000007b8e80000,0x00000007c0000000)
  to   space 116224K, 0% used [0x00000007b1d00000,0x00000007b1d00000,0x00000007b8e80000)
 ParOldGen       total 699392K, used 667703K [0x0000000780000000, 0x00000007aab00000, 0x00000007aab00000)
  object space 699392K, 95% used [0x0000000780000000,0x00000007a8c0dd50,0x00000007aab00000)
 Metaspace       used 116337K, capacity 120886K, committed 121304K, reserved 1150976K
  class space    used 19041K, capacity 19526K, committed 19672K, reserved 1048576K
}
Event: 919.775 GC heap before
{Heap before GC invocations=245 (full 45):
 PSYoungGen      total 232960K, used 116736K [0x00000007aab00000, 0x00000007c0000000, 0x00000007c0000000)
  eden space 116736K, 100% used [0x00000007aab00000,0x00000007b1d00000,0x00000007b1d00000)
  from space 116224K, 0% used [0x00000007b8e80000,0x00000007b8e80000,0x00000007c0000000)
  to   space 116224K, 0% used [0x00000007b1d00000,0x00000007b1d00000,0x00000007b8e80000)
 ParOldGen       total 699392K, used 667703K [0x0000000780000000, 0x00000007aab00000, 0x00000007aab00000)
  object space 699392K, 95% used [0x0000000780000000,0x00000007a8c0dd50,0x00000007aab00000)
 Metaspace       used 116337K, capacity 120886K, committed 121304K, reserved 1150976K
  class space    used 19041K, capacity 19526K, committed 19672K, reserved 1048576K
Event: 920.647 GC heap after
Heap after GC invocations=245 (full 45):
 PSYoungGen      total 232960K, used 0K [0x00000007aab00000, 0x00000007c0000000, 0x00000007c0000000)
  eden space 116736K, 0% used [0x00000007aab00000,0x00000007aab00000,0x00000007b1d00000)
  from space 116224K, 0% used [0x00000007b8e80000,0x00000007b8e80000,0x00000007c0000000)
  to   space 116224K, 0% used [0x00000007b1d00000,0x00000007b1d00000,0x00000007b8e80000)
 ParOldGen       total 699392K, used 672356K [0x0000000780000000, 0x00000007aab00000, 0x00000007aab00000)
  object space 699392K, 96% used [0x0000000780000000,0x00000007a9099130,0x00000007aab00000)
 Metaspace       used 116337K, capacity 120886K, committed 121304K, reserved 1150976K
  class space    used 19041K, capacity 19526K, committed 19672K, reserved 1048576K
}
Event: 921.206 GC heap before
{Heap before GC invocations=246 (full 46):
 PSYoungGen      total 232960K, used 116736K [0x00000007aab00000, 0x00000007c0000000, 0x00000007c0000000)
  eden space 116736K, 100% used [0x00000007aab00000,0x00000007b1d00000,0x00000007b1d00000)
  from space 116224K, 0% used [0x00000007b8e80000,0x00000007b8e80000,0x00000007c0000000)
  to   space 116224K, 0% used [0x00000007b1d00000,0x00000007b1d00000,0x00000007b8e80000)
 ParOldGen       total 699392K, used 672356K [0x0000000780000000, 0x00000007aab00000, 0x00000007aab00000)
  object space 699392K, 96% used [0x0000000780000000,0x00000007a9099130,0x00000007aab00000)
 Metaspace       used 116337K, capacity 120886K, committed 121304K, reserved 1150976K
  class space    used 19041K, capacity 19526K, committed 19672K, reserved 1048576K
Event: 921.635 GC heap after
Heap after GC invocations=246 (full 46):
 PSYoungGen      total 232960K, used 0K [0x00000007aab00000, 0x00000007c0000000, 0x00000007c0000000)
  eden space 116736K, 0% used [0x00000007aab00000,0x00000007aab00000,0x00000007b1d00000)
  from space 116224K, 0% used [0x00000007b8e80000,0x00000007b8e80000,0x00000007c0000000)
  to   space 116224K, 0% used [0x00000007b1d00000,0x00000007b1d00000,0x00000007b8e80000)
 ParOldGen       total 699392K, used 662863K [0x0000000780000000, 0x00000007aab00000, 0x00000007aab00000)
  object space 699392K, 94% used [0x0000000780000000,0x00000007a8753ca8,0x00000007aab00000)
 Metaspace       used 116337K, capacity 120886K, committed 121304K, reserved 1150976K
  class space    used 19041K, capacity 19526K, committed 19672K, reserved 1048576K
}

