# JRE version: Java(TM) SE Runtime Environment (8.0_144-b01) (build 1.8.0_144-b01)
# Java VM: Java HotSpot(TM) 64-Bit Server VM (25.144-b01 mixed mode bsd-amd64 compressed oops)
Heap:
 PSYoungGen      total 222208K, used 56353K [0x00000007aab00000, 0x00000007bed80000, 0x00000007c0000000)
  eden space 123392K, 38% used [0x00000007aab00000,0x00000007ad988740,0x00000007b2380000)
  from space 98816K, 8% used [0x00000007b8d00000,0x00000007b9580030,0x00000007bed80000)
  to   space 103424K, 0% used [0x00000007b2380000,0x00000007b2380000,0x00000007b8880000)
 ParOldGen       total 699392K, used 108504K [0x0000000780000000, 0x00000007aab00000, 0x00000007aab00000)
  object space 699392K, 15% used [0x0000000780000000,0x00000007869f6338,0x00000007aab00000)
 Metaspace       used 112898K, capacity 117020K, committed 117336K, reserved 1146880K
  class space    used 18531K, capacity 18989K, committed 19032K, reserved 1048576K
GC Heap History (10 events):
Event: 250.687 GC heap before
{Heap before GC invocations=131 (full 19):
 PSYoungGen      total 232960K, used 116736K [0x00000007aab00000, 0x00000007c0000000, 0x00000007c0000000)
  eden space 116736K, 100% used [0x00000007aab00000,0x00000007b1d00000,0x00000007b1d00000)
  from space 116224K, 0% used [0x00000007b1d00000,0x00000007b1d00000,0x00000007b8e80000)
  to   space 116224K, 0% used [0x00000007b8e80000,0x00000007b8e80000,0x00000007c0000000)
 ParOldGen       total 699392K, used 106011K [0x0000000780000000, 0x00000007aab00000, 0x00000007aab00000)
  object space 699392K, 15% used [0x0000000780000000,0x0000000786786fb0,0x00000007aab00000)
 Metaspace       used 109671K, capacity 113716K, committed 114136K, reserved 1144832K
  class space    used 18104K, capacity 18570K, committed 18648K, reserved 1048576K
Event: 250.694 GC heap after
Heap after GC invocations=131 (full 19):
 PSYoungGen      total 232960K, used 9919K [0x00000007aab00000, 0x00000007c0000000, 0x00000007c0000000)
  eden space 116736K, 0% used [0x00000007aab00000,0x00000007aab00000,0x00000007b1d00000)
  from space 116224K, 8% used [0x00000007b8e80000,0x00000007b982fe80,0x00000007c0000000)
  to   space 116224K, 0% used [0x00000007b1d00000,0x00000007b1d00000,0x00000007b8e80000)
 ParOldGen       total 699392K, used 106019K [0x0000000780000000, 0x00000007aab00000, 0x00000007aab00000)
  object space 699392K, 15% used [0x0000000780000000,0x0000000786788fb0,0x00000007aab00000)
 Metaspace       used 109671K, capacity 113716K, committed 114136K, reserved 1144832K
  class space    used 18104K, capacity 18570K, committed 18648K, reserved 1048576K
}
Event: 305.264 GC heap before
{Heap before GC invocations=132 (full 19):
 PSYoungGen      total 232960K, used 126655K [0x00000007aab00000, 0x00000007c0000000, 0x00000007c0000000)
  eden space 116736K, 100% used [0x00000007aab00000,0x00000007b1d00000,0x00000007b1d00000)
  from space 116224K, 8% used [0x00000007b8e80000,0x00000007b982fe80,0x00000007c0000000)
  to   space 116224K, 0% used [0x00000007b1d00000,0x00000007b1d00000,0x00000007b8e80000)
 ParOldGen       total 699392K, used 106019K [0x0000000780000000, 0x00000007aab00000, 0x00000007aab00000)
  object space 699392K, 15% used [0x0000000780000000,0x0000000786788fb0,0x00000007aab00000)
 Metaspace       used 112766K, capacity 116874K, committed 117080K, reserved 1146880K
  class space    used 18529K, capacity 18986K, committed 19032K, reserved 1048576K
Event: 305.314 GC heap after
Heap after GC invocations=132 (full 19):
 PSYoungGen      total 121344K, used 4577K [0x00000007aab00000, 0x00000007bfd00000, 0x00000007c0000000)
  eden space 116736K, 0% used [0x00000007aab00000,0x00000007aab00000,0x00000007b1d00000)
  from space 4608K, 99% used [0x00000007b1d00000,0x00000007b2178770,0x00000007b2180000)
  to   space 114688K, 0% used [0x00000007b8d00000,0x00000007b8d00000,0x00000007bfd00000)
 ParOldGen       total 699392K, used 108496K [0x0000000780000000, 0x00000007aab00000, 0x00000007aab00000)
  object space 699392K, 15% used [0x0000000780000000,0x00000007869f4338,0x00000007aab00000)
 Metaspace       used 112766K, capacity 116874K, committed 117080K, reserved 1146880K
  class space    used 18529K, capacity 18986K, committed 19032K, reserved 1048576K
}
Event: 395.367 GC heap before
{Heap before GC invocations=133 (full 19):
 PSYoungGen      total 121344K, used 121313K [0x00000007aab00000, 0x00000007bfd00000, 0x00000007c0000000)
  eden space 116736K, 100% used [0x00000007aab00000,0x00000007b1d00000,0x00000007b1d00000)
  from space 4608K, 99% used [0x00000007b1d00000,0x00000007b2178770,0x00000007b2180000)
  to   space 114688K, 0% used [0x00000007b8d00000,0x00000007b8d00000,0x00000007bfd00000)
 ParOldGen       total 699392K, used 108496K [0x0000000780000000, 0x00000007aab00000, 0x00000007aab00000)
  object space 699392K, 15% used [0x0000000780000000,0x00000007869f4338,0x00000007aab00000)
 Metaspace       used 112822K, capacity 116938K, committed 117080K, reserved 1146880K
  class space    used 18529K, capacity 18986K, committed 19032K, reserved 1048576K
Event: 395.373 GC heap after
Heap after GC invocations=133 (full 19):
 PSYoungGen      total 233984K, used 2944K [0x00000007aab00000, 0x00000007bfc80000, 0x00000007c0000000)
  eden space 119808K, 0% used [0x00000007aab00000,0x00000007aab00000,0x00000007b2000000)
  from space 114176K, 2% used [0x00000007b8d00000,0x00000007b8fe0030,0x00000007bfc80000)
  to   space 111616K, 0% used [0x00000007b2000000,0x00000007b2000000,0x00000007b8d00000)
 ParOldGen       total 699392K, used 108496K [0x0000000780000000, 0x00000007aab00000, 0x00000007aab00000)
  object space 699392K, 15% used [0x0000000780000000,0x00000007869f4338,0x00000007aab00000)
 Metaspace       used 112822K, capacity 116938K, committed 117080K, reserved 1146880K
  class space    used 18529K, capacity 18986K, committed 19032K, reserved 1048576K
}
Event: 436.542 GC heap before
{Heap before GC invocations=134 (full 19):
 PSYoungGen      total 233984K, used 122752K [0x00000007aab00000, 0x00000007bfc80000, 0x00000007c0000000)
  eden space 119808K, 100% used [0x00000007aab00000,0x00000007b2000000,0x00000007b2000000)
  from space 114176K, 2% used [0x00000007b8d00000,0x00000007b8fe0030,0x00000007bfc80000)
  to   space 111616K, 0% used [0x00000007b2000000,0x00000007b2000000,0x00000007b8d00000)
 ParOldGen       total 699392K, used 108496K [0x0000000780000000, 0x00000007aab00000, 0x00000007aab00000)
  object space 699392K, 15% used [0x0000000780000000,0x00000007869f4338,0x00000007aab00000)
 Metaspace       used 112855K, capacity 117008K, committed 117336K, reserved 1146880K
  class space    used 18530K, capacity 18987K, committed 19032K, reserved 1048576K
Event: 436.551 GC heap after
Heap after GC invocations=134 (full 19):
 PSYoungGen      total 231424K, used 4416K [0x00000007aab00000, 0x00000007bf680000, 0x00000007c0000000)
  eden space 119808K, 0% used [0x00000007aab00000,0x00000007aab00000,0x00000007b2000000)
  from space 111616K, 3% used [0x00000007b2000000,0x00000007b2450030,0x00000007b8d00000)
  to   space 108032K, 0% used [0x00000007b8d00000,0x00000007b8d00000,0x00000007bf680000)
 ParOldGen       total 699392K, used 108496K [0x0000000780000000, 0x00000007aab00000, 0x00000007aab00000)
  object space 699392K, 15% used [0x0000000780000000,0x00000007869f4338,0x00000007aab00000)
 Metaspace       used 112855K, capacity 117008K, committed 117336K, reserved 1146880K
  class space    used 18530K, capacity 18987K, committed 19032K, reserved 1048576K
}
Event: 448.493 GC heap before
{Heap before GC invocations=135 (full 19):
 PSYoungGen      total 231424K, used 124224K [0x00000007aab00000, 0x00000007bf680000, 0x00000007c0000000)
  eden space 119808K, 100% used [0x00000007aab00000,0x00000007b2000000,0x00000007b2000000)
  from space 111616K, 3% used [0x00000007b2000000,0x00000007b2450030,0x00000007b8d00000)
  to   space 108032K, 0% used [0x00000007b8d00000,0x00000007b8d00000,0x00000007bf680000)
 ParOldGen       total 699392K, used 108496K [0x0000000780000000, 0x00000007aab00000, 0x00000007aab00000)
  object space 699392K, 15% used [0x0000000780000000,0x00000007869f4338,0x00000007aab00000)
 Metaspace       used 112896K, capacity 117020K, committed 117336K, reserved 1146880K
  class space    used 18531K, capacity 18989K, committed 19032K, reserved 1048576K
Event: 448.507 GC heap after
Heap after GC invocations=135 (full 19):
 PSYoungGen      total 222208K, used 8704K [0x00000007aab00000, 0x00000007bed80000, 0x00000007c0000000)
  eden space 123392K, 0% used [0x00000007aab00000,0x00000007aab00000,0x00000007b2380000)
  from space 98816K, 8% used [0x00000007b8d00000,0x00000007b9580030,0x00000007bed80000)
  to   space 103424K, 0% used [0x00000007b2380000,0x00000007b2380000,0x00000007b8880000)
 ParOldGen       total 699392K, used 108504K [0x0000000780000000, 0x00000007aab00000, 0x00000007aab00000)
  object space 699392K, 15% used [0x0000000780000000,0x00000007869f6338,0x00000007aab00000)
 Metaspace       used 112896K, capacity 117020K, committed 117336K, reserved 1146880K
  class space    used 18531K, capacity 18989K, committed 19032K, reserved 1048576K
}

