# JRE version: Java(TM) SE Runtime Environment (8.0_144-b01) (build 1.8.0_144-b01)
# Java VM: Java HotSpot(TM) 64-Bit Server VM (25.144-b01 mixed mode bsd-amd64 compressed oops)
Heap:
 PSYoungGen      total 232960K, used 105193K [0x00000007aab00000, 0x00000007c0000000, 0x00000007c0000000)
  eden space 116736K, 76% used [0x00000007aab00000,0x00000007b02b2570,0x00000007b1d00000)
  from space 116224K, 13% used [0x00000007b1d00000,0x00000007b2c08000,0x00000007b8e80000)
  to   space 116224K, 0% used [0x00000007b8e80000,0x00000007b8e80000,0x00000007c0000000)
 ParOldGen       total 699392K, used 155945K [0x0000000780000000, 0x00000007aab00000, 0x00000007aab00000)
  object space 699392K, 22% used [0x0000000780000000,0x000000078984a6b0,0x00000007aab00000)
 Metaspace       used 123775K, capacity 128656K, committed 129752K, reserved 1159168K
  class space    used 20271K, capacity 20770K, committed 20952K, reserved 1048576K
GC Heap History (10 events):
Event: 836.453 GC heap before
{Heap before GC invocations=101 (full 22):
 PSYoungGen      total 232960K, used 116736K [0x00000007aab00000, 0x00000007c0000000, 0x00000007c0000000)
  eden space 116736K, 100% used [0x00000007aab00000,0x00000007b1d00000,0x00000007b1d00000)
  from space 116224K, 0% used [0x00000007b8e80000,0x00000007b8e80000,0x00000007c0000000)
  to   space 116224K, 0% used [0x00000007b1d00000,0x00000007b1d00000,0x00000007b8e80000)
 ParOldGen       total 699392K, used 121735K [0x0000000780000000, 0x00000007aab00000, 0x00000007aab00000)
  object space 699392K, 17% used [0x0000000780000000,0x00000007876e1c28,0x00000007aab00000)
 Metaspace       used 123767K, capacity 128656K, committed 129752K, reserved 1159168K
  class space    used 20271K, capacity 20770K, committed 20952K, reserved 1048576K
Event: 836.515 GC heap after
Heap after GC invocations=101 (full 22):
 PSYoungGen      total 232960K, used 2784K [0x00000007aab00000, 0x00000007c0000000, 0x00000007c0000000)
  eden space 116736K, 0% used [0x00000007aab00000,0x00000007aab00000,0x00000007b1d00000)
  from space 116224K, 2% used [0x00000007b1d00000,0x00000007b1fb80a0,0x00000007b8e80000)
  to   space 116224K, 0% used [0x00000007b8e80000,0x00000007b8e80000,0x00000007c0000000)
 ParOldGen       total 699392K, used 121743K [0x0000000780000000, 0x00000007aab00000, 0x00000007aab00000)
  object space 699392K, 17% used [0x0000000780000000,0x00000007876e3c28,0x00000007aab00000)
 Metaspace       used 123767K, capacity 128656K, committed 129752K, reserved 1159168K
  class space    used 20271K, capacity 20770K, committed 20952K, reserved 1048576K
}
Event: 868.153 GC heap before
{Heap before GC invocations=102 (full 22):
 PSYoungGen      total 232960K, used 119520K [0x00000007aab00000, 0x00000007c0000000, 0x00000007c0000000)
  eden space 116736K, 100% used [0x00000007aab00000,0x00000007b1d00000,0x00000007b1d00000)
  from space 116224K, 2% used [0x00000007b1d00000,0x00000007b1fb80a0,0x00000007b8e80000)
  to   space 116224K, 0% used [0x00000007b8e80000,0x00000007b8e80000,0x00000007c0000000)
 ParOldGen       total 699392K, used 121743K [0x0000000780000000, 0x00000007aab00000, 0x00000007aab00000)
  object space 699392K, 17% used [0x0000000780000000,0x00000007876e3c28,0x00000007aab00000)
 Metaspace       used 123767K, capacity 128656K, committed 129752K, reserved 1159168K
  class space    used 20271K, capacity 20770K, committed 20952K, reserved 1048576K
Event: 868.162 GC heap after
Heap after GC invocations=102 (full 22):
 PSYoungGen      total 232960K, used 2240K [0x00000007aab00000, 0x00000007c0000000, 0x00000007c0000000)
  eden space 116736K, 0% used [0x00000007aab00000,0x00000007aab00000,0x00000007b1d00000)
  from space 116224K, 1% used [0x00000007b8e80000,0x00000007b90b0000,0x00000007c0000000)
  to   space 116224K, 0% used [0x00000007b1d00000,0x00000007b1d00000,0x00000007b8e80000)
 ParOldGen       total 699392K, used 124081K [0x0000000780000000, 0x00000007aab00000, 0x00000007aab00000)
  object space 699392K, 17% used [0x0000000780000000,0x000000078792c6b0,0x00000007aab00000)
 Metaspace       used 123767K, capacity 128656K, committed 129752K, reserved 1159168K
  class space    used 20271K, capacity 20770K, committed 20952K, reserved 1048576K
}
Event: 1127.116 GC heap before
{Heap before GC invocations=103 (full 22):
 PSYoungGen      total 232960K, used 118976K [0x00000007aab00000, 0x00000007c0000000, 0x00000007c0000000)
  eden space 116736K, 100% used [0x00000007aab00000,0x00000007b1d00000,0x00000007b1d00000)
  from space 116224K, 1% used [0x00000007b8e80000,0x00000007b90b0000,0x00000007c0000000)
  to   space 116224K, 0% used [0x00000007b1d00000,0x00000007b1d00000,0x00000007b8e80000)
 ParOldGen       total 699392K, used 124081K [0x0000000780000000, 0x00000007aab00000, 0x00000007aab00000)
  object space 699392K, 17% used [0x0000000780000000,0x000000078792c6b0,0x00000007aab00000)
 Metaspace       used 123774K, capacity 128656K, committed 129752K, reserved 1159168K
  class space    used 20271K, capacity 20770K, committed 20952K, reserved 1048576K
Event: 1127.140 GC heap after
Heap after GC invocations=103 (full 22):
 PSYoungGen      total 232960K, used 11904K [0x00000007aab00000, 0x00000007c0000000, 0x00000007c0000000)
  eden space 116736K, 0% used [0x00000007aab00000,0x00000007aab00000,0x00000007b1d00000)
  from space 116224K, 10% used [0x00000007b1d00000,0x00000007b28a0000,0x00000007b8e80000)
  to   space 116224K, 0% used [0x00000007b8e80000,0x00000007b8e80000,0x00000007c0000000)
 ParOldGen       total 699392K, used 125329K [0x0000000780000000, 0x00000007aab00000, 0x00000007aab00000)
  object space 699392K, 17% used [0x0000000780000000,0x0000000787a646b0,0x00000007aab00000)
 Metaspace       used 123774K, capacity 128656K, committed 129752K, reserved 1159168K
  class space    used 20271K, capacity 20770K, committed 20952K, reserved 1048576K
}
Event: 1157.380 GC heap before
{Heap before GC invocations=104 (full 22):
 PSYoungGen      total 232960K, used 128640K [0x00000007aab00000, 0x00000007c0000000, 0x00000007c0000000)
  eden space 116736K, 100% used [0x00000007aab00000,0x00000007b1d00000,0x00000007b1d00000)
  from space 116224K, 10% used [0x00000007b1d00000,0x00000007b28a0000,0x00000007b8e80000)
  to   space 116224K, 0% used [0x00000007b8e80000,0x00000007b8e80000,0x00000007c0000000)
 ParOldGen       total 699392K, used 125329K [0x0000000780000000, 0x00000007aab00000, 0x00000007aab00000)
  object space 699392K, 17% used [0x0000000780000000,0x0000000787a646b0,0x00000007aab00000)
 Metaspace       used 123775K, capacity 128656K, committed 129752K, reserved 1159168K
  class space    used 20271K, capacity 20770K, committed 20952K, reserved 1048576K
Event: 1157.420 GC heap after
Heap after GC invocations=104 (full 22):
 PSYoungGen      total 232960K, used 18848K [0x00000007aab00000, 0x00000007c0000000, 0x00000007c0000000)
  eden space 116736K, 0% used [0x00000007aab00000,0x00000007aab00000,0x00000007b1d00000)
  from space 116224K, 16% used [0x00000007b8e80000,0x00000007ba0e8000,0x00000007c0000000)
  to   space 116224K, 0% used [0x00000007b1d00000,0x00000007b1d00000,0x00000007b8e80000)
 ParOldGen       total 699392K, used 137161K [0x0000000780000000, 0x00000007aab00000, 0x00000007aab00000)
  object space 699392K, 19% used [0x0000000780000000,0x00000007885f26b0,0x00000007aab00000)
 Metaspace       used 123775K, capacity 128656K, committed 129752K, reserved 1159168K
  class space    used 20271K, capacity 20770K, committed 20952K, reserved 1048576K
}
Event: 1177.339 GC heap before
{Heap before GC invocations=105 (full 22):
 PSYoungGen      total 232960K, used 135584K [0x00000007aab00000, 0x00000007c0000000, 0x00000007c0000000)
  eden space 116736K, 100% used [0x00000007aab00000,0x00000007b1d00000,0x00000007b1d00000)
  from space 116224K, 16% used [0x00000007b8e80000,0x00000007ba0e8000,0x00000007c0000000)
  to   space 116224K, 0% used [0x00000007b1d00000,0x00000007b1d00000,0x00000007b8e80000)
 ParOldGen       total 699392K, used 137161K [0x0000000780000000, 0x00000007aab00000, 0x00000007aab00000)
  object space 699392K, 19% used [0x0000000780000000,0x00000007885f26b0,0x00000007aab00000)
 Metaspace       used 123775K, capacity 128656K, committed 129752K, reserved 1159168K
  class space    used 20271K, capacity 20770K, committed 20952K, reserved 1048576K
Event: 1177.380 GC heap after
Heap after GC invocations=105 (full 22):
 PSYoungGen      total 232960K, used 15392K [0x00000007aab00000, 0x00000007c0000000, 0x00000007c0000000)
  eden space 116736K, 0% used [0x00000007aab00000,0x00000007aab00000,0x00000007b1d00000)
  from space 116224K, 13% used [0x00000007b1d00000,0x00000007b2c08000,0x00000007b8e80000)
  to   space 116224K, 0% used [0x00000007b8e80000,0x00000007b8e80000,0x00000007c0000000)
 ParOldGen       total 699392K, used 155945K [0x0000000780000000, 0x00000007aab00000, 0x00000007aab00000)
  object space 699392K, 22% used [0x0000000780000000,0x000000078984a6b0,0x00000007aab00000)
 Metaspace       used 123775K, capacity 128656K, committed 129752K, reserved 1159168K
  class space    used 20271K, capacity 20770K, committed 20952K, reserved 1048576K
}

