# JRE version: Java(TM) SE Runtime Environment (8.0_144-b01) (build 1.8.0_144-b01)
# Java VM: Java HotSpot(TM) 64-Bit Server VM (25.144-b01 mixed mode bsd-amd64 compressed oops)
Heap:
 PSYoungGen      total 232960K, used 109693K [0x00000007aab00000, 0x00000007c0000000, 0x00000007c0000000)
  eden space 116736K, 93% used [0x00000007aab00000,0x00000007b161f7d8,0x00000007b1d00000)
  from space 116224K, 0% used [0x00000007b1d00000,0x00000007b1d00000,0x00000007b8e80000)
  to   space 116224K, 0% used [0x00000007b8e80000,0x00000007b8e80000,0x00000007c0000000)
 ParOldGen       total 699392K, used 678953K [0x0000000780000000, 0x00000007aab00000, 0x00000007aab00000)
  object space 699392K, 97% used [0x0000000780000000,0x00000007a970a5c8,0x00000007aab00000)
 Metaspace       used 161966K, capacity 170647K, committed 175320K, reserved 1198080K
  class space    used 25175K, capacity 25844K, committed 26584K, reserved 1048576K
GC Heap History (10 events):
Event: 4288.412 GC heap before
{Heap before GC invocations=1022 (full 220):
 PSYoungGen      total 232960K, used 184480K [0x00000007aab00000, 0x00000007c0000000, 0x00000007c0000000)
  eden space 116736K, 100% used [0x00000007aab00000,0x00000007b1d00000,0x00000007b1d00000)
  from space 116224K, 58% used [0x00000007b8e80000,0x00000007bd0a8000,0x00000007c0000000)
  to   space 116224K, 0% used [0x00000007b1d00000,0x00000007b1d00000,0x00000007b8e80000)
 ParOldGen       total 699392K, used 574085K [0x0000000780000000, 0x00000007aab00000, 0x00000007aab00000)
  object space 699392K, 82% used [0x0000000780000000,0x00000007a30a14e8,0x00000007aab00000)
 Metaspace       used 161860K, capacity 170577K, committed 175320K, reserved 1198080K
  class space    used 25175K, capacity 25843K, committed 26584K, reserved 1048576K
Event: 4288.444 GC heap after
Heap after GC invocations=1022 (full 220):
 PSYoungGen      total 232960K, used 38560K [0x00000007aab00000, 0x00000007c0000000, 0x00000007c0000000)
  eden space 116736K, 0% used [0x00000007aab00000,0x00000007aab00000,0x00000007b1d00000)
  from space 116224K, 33% used [0x00000007b1d00000,0x00000007b42a8000,0x00000007b8e80000)
  to   space 116224K, 0% used [0x00000007b8e80000,0x00000007b8e80000,0x00000007c0000000)
 ParOldGen       total 699392K, used 642077K [0x0000000780000000, 0x00000007aab00000, 0x00000007aab00000)
  object space 699392K, 91% used [0x0000000780000000,0x00000007a73074e8,0x00000007aab00000)
 Metaspace       used 161860K, capacity 170577K, committed 175320K, reserved 1198080K
  class space    used 25175K, capacity 25843K, committed 26584K, reserved 1048576K
}
Event: 4288.444 GC heap before
{Heap before GC invocations=1023 (full 221):
 PSYoungGen      total 232960K, used 38560K [0x00000007aab00000, 0x00000007c0000000, 0x00000007c0000000)
  eden space 116736K, 0% used [0x00000007aab00000,0x00000007aab00000,0x00000007b1d00000)
  from space 116224K, 33% used [0x00000007b1d00000,0x00000007b42a8000,0x00000007b8e80000)
  to   space 116224K, 0% used [0x00000007b8e80000,0x00000007b8e80000,0x00000007c0000000)
 ParOldGen       total 699392K, used 642077K [0x0000000780000000, 0x00000007aab00000, 0x00000007aab00000)
  object space 699392K, 91% used [0x0000000780000000,0x00000007a73074e8,0x00000007aab00000)
 Metaspace       used 161860K, capacity 170577K, committed 175320K, reserved 1198080K
  class space    used 25175K, capacity 25843K, committed 26584K, reserved 1048576K
Event: 4288.988 GC heap after
Heap after GC invocations=1023 (full 221):
 PSYoungGen      total 232960K, used 0K [0x00000007aab00000, 0x00000007c0000000, 0x00000007c0000000)
  eden space 116736K, 0% used [0x00000007aab00000,0x00000007aab00000,0x00000007b1d00000)
  from space 116224K, 0% used [0x00000007b1d00000,0x00000007b1d00000,0x00000007b8e80000)
  to   space 116224K, 0% used [0x00000007b8e80000,0x00000007b8e80000,0x00000007c0000000)
 ParOldGen       total 699392K, used 675968K [0x0000000780000000, 0x00000007aab00000, 0x00000007aab00000)
  object space 699392K, 96% used [0x0000000780000000,0x00000007a94203a8,0x00000007aab00000)
 Metaspace       used 161860K, capacity 170577K, committed 175320K, reserved 1198080K
  class space    used 25175K, capacity 25843K, committed 26584K, reserved 1048576K
}
Event: 4291.444 GC heap before
{Heap before GC invocations=1024 (full 222):
 PSYoungGen      total 232960K, used 116736K [0x00000007aab00000, 0x00000007c0000000, 0x00000007c0000000)
  eden space 116736K, 100% used [0x00000007aab00000,0x00000007b1d00000,0x00000007b1d00000)
  from space 116224K, 0% used [0x00000007b1d00000,0x00000007b1d00000,0x00000007b8e80000)
  to   space 116224K, 0% used [0x00000007b8e80000,0x00000007b8e80000,0x00000007c0000000)
 ParOldGen       total 699392K, used 675968K [0x0000000780000000, 0x00000007aab00000, 0x00000007aab00000)
  object space 699392K, 96% used [0x0000000780000000,0x00000007a94203a8,0x00000007aab00000)
 Metaspace       used 161860K, capacity 170577K, committed 175320K, reserved 1198080K
  class space    used 25175K, capacity 25843K, committed 26584K, reserved 1048576K
Event: 4291.773 GC heap after
Heap after GC invocations=1024 (full 222):
 PSYoungGen      total 232960K, used 0K [0x00000007aab00000, 0x00000007c0000000, 0x00000007c0000000)
  eden space 116736K, 0% used [0x00000007aab00000,0x00000007aab00000,0x00000007b1d00000)
  from space 116224K, 0% used [0x00000007b1d00000,0x00000007b1d00000,0x00000007b8e80000)
  to   space 116224K, 0% used [0x00000007b8e80000,0x00000007b8e80000,0x00000007c0000000)
 ParOldGen       total 699392K, used 673542K [0x0000000780000000, 0x00000007aab00000, 0x00000007aab00000)
  object space 699392K, 96% used [0x0000000780000000,0x00000007a91c1838,0x00000007aab00000)
 Metaspace       used 161860K, capacity 170577K, committed 175320K, reserved 1198080K
  class space    used 25175K, capacity 25843K, committed 26584K, reserved 1048576K
}
Event: 4294.669 GC heap before
{Heap before GC invocations=1025 (full 223):
 PSYoungGen      total 232960K, used 116736K [0x00000007aab00000, 0x00000007c0000000, 0x00000007c0000000)
  eden space 116736K, 100% used [0x00000007aab00000,0x00000007b1d00000,0x00000007b1d00000)
  from space 116224K, 0% used [0x00000007b1d00000,0x00000007b1d00000,0x00000007b8e80000)
  to   space 116224K, 0% used [0x00000007b8e80000,0x00000007b8e80000,0x00000007c0000000)
 ParOldGen       total 699392K, used 673542K [0x0000000780000000, 0x00000007aab00000, 0x00000007aab00000)
  object space 699392K, 96% used [0x0000000780000000,0x00000007a91c1838,0x00000007aab00000)
 Metaspace       used 161866K, capacity 170577K, committed 175320K, reserved 1198080K
  class space    used 25175K, capacity 25843K, committed 26584K, reserved 1048576K
Event: 4295.510 GC heap after
Heap after GC invocations=1025 (full 223):
 PSYoungGen      total 232960K, used 0K [0x00000007aab00000, 0x00000007c0000000, 0x00000007c0000000)
  eden space 116736K, 0% used [0x00000007aab00000,0x00000007aab00000,0x00000007b1d00000)
  from space 116224K, 0% used [0x00000007b1d00000,0x00000007b1d00000,0x00000007b8e80000)
  to   space 116224K, 0% used [0x00000007b8e80000,0x00000007b8e80000,0x00000007c0000000)
 ParOldGen       total 699392K, used 676163K [0x0000000780000000, 0x00000007aab00000, 0x00000007aab00000)
  object space 699392K, 96% used [0x0000000780000000,0x00000007a9450c20,0x00000007aab00000)
 Metaspace       used 161866K, capacity 170577K, committed 175320K, reserved 1198080K
  class space    used 25175K, capacity 25843K, committed 26584K, reserved 1048576K
}
Event: 4298.495 GC heap before
{Heap before GC invocations=1026 (full 224):
 PSYoungGen      total 232960K, used 116736K [0x00000007aab00000, 0x00000007c0000000, 0x00000007c0000000)
  eden space 116736K, 100% used [0x00000007aab00000,0x00000007b1d00000,0x00000007b1d00000)
  from space 116224K, 0% used [0x00000007b1d00000,0x00000007b1d00000,0x00000007b8e80000)
  to   space 116224K, 0% used [0x00000007b8e80000,0x00000007b8e80000,0x00000007c0000000)
 ParOldGen       total 699392K, used 676163K [0x0000000780000000, 0x00000007aab00000, 0x00000007aab00000)
  object space 699392K, 96% used [0x0000000780000000,0x00000007a9450c20,0x00000007aab00000)
 Metaspace       used 161866K, capacity 170577K, committed 175320K, reserved 1198080K
  class space    used 25175K, capacity 25843K, committed 26584K, reserved 1048576K
Event: 4298.859 GC heap after
Heap after GC invocations=1026 (full 224):
 PSYoungGen      total 232960K, used 0K [0x00000007aab00000, 0x00000007c0000000, 0x00000007c0000000)
  eden space 116736K, 0% used [0x00000007aab00000,0x00000007aab00000,0x00000007b1d00000)
  from space 116224K, 0% used [0x00000007b1d00000,0x00000007b1d00000,0x00000007b8e80000)
  to   space 116224K, 0% used [0x00000007b8e80000,0x00000007b8e80000,0x00000007c0000000)
 ParOldGen       total 699392K, used 678953K [0x0000000780000000, 0x00000007aab00000, 0x00000007aab00000)
  object space 699392K, 97% used [0x0000000780000000,0x00000007a970a5c8,0x00000007aab00000)
 Metaspace       used 161866K, capacity 170577K, committed 175320K, reserved 1198080K
  class space    used 25175K, capacity 25843K, committed 26584K, reserved 1048576K
}

