# JRE version: Java(TM) SE Runtime Environment (8.0_144-b01) (build 1.8.0_144-b01)
# Java VM: Java HotSpot(TM) 64-Bit Server VM (25.144-b01 mixed mode bsd-amd64 compressed oops)
Heap:
 PSYoungGen      total 232960K, used 34068K [0x00000007aab00000, 0x00000007c0000000, 0x00000007c0000000)
  eden space 116736K, 29% used [0x00000007aab00000,0x00000007acc45030,0x00000007b1d00000)
  from space 116224K, 0% used [0x00000007b1d00000,0x00000007b1d00000,0x00000007b8e80000)
  to   space 116224K, 0% used [0x00000007b8e80000,0x00000007b8e80000,0x00000007c0000000)
 ParOldGen       total 699392K, used 655026K [0x0000000780000000, 0x00000007aab00000, 0x00000007aab00000)
  object space 699392K, 93% used [0x0000000780000000,0x00000007a7fac808,0x00000007aab00000)
 Metaspace       used 117350K, capacity 122016K, committed 123992K, reserved 1153024K
  class space    used 19116K, capacity 19614K, committed 20056K, reserved 1048576K
GC Heap History (10 events):
Event: 3491.439 GC heap before
{Heap before GC invocations=591 (full 98):
 PSYoungGen      total 232960K, used 232960K [0x00000007aab00000, 0x00000007c0000000, 0x00000007c0000000)
  eden space 116736K, 100% used [0x00000007aab00000,0x00000007b1d00000,0x00000007b1d00000)
  from space 116224K, 100% used [0x00000007b8e80000,0x00000007c0000000,0x00000007c0000000)
  to   space 116224K, 0% used [0x00000007b1d00000,0x00000007b1d00000,0x00000007b8e80000)
 ParOldGen       total 699392K, used 524044K [0x0000000780000000, 0x00000007aab00000, 0x00000007aab00000)
  object space 699392K, 74% used [0x0000000780000000,0x000000079ffc3128,0x00000007aab00000)
 Metaspace       used 117350K, capacity 122016K, committed 123992K, reserved 1153024K
  class space    used 19116K, capacity 19614K, committed 20056K, reserved 1048576K
Event: 3491.529 GC heap after
Heap after GC invocations=591 (full 98):
 PSYoungGen      total 232960K, used 116224K [0x00000007aab00000, 0x00000007c0000000, 0x00000007c0000000)
  eden space 116736K, 0% used [0x00000007aab00000,0x00000007aab00000,0x00000007b1d00000)
  from space 116224K, 100% used [0x00000007b1d00000,0x00000007b8e80000,0x00000007b8e80000)
  to   space 116224K, 0% used [0x00000007b8e80000,0x00000007b8e80000,0x00000007c0000000)
 ParOldGen       total 699392K, used 602868K [0x0000000780000000, 0x00000007aab00000, 0x00000007aab00000)
  object space 699392K, 86% used [0x0000000780000000,0x00000007a4cbd128,0x00000007aab00000)
 Metaspace       used 117350K, capacity 122016K, committed 123992K, reserved 1153024K
  class space    used 19116K, capacity 19614K, committed 20056K, reserved 1048576K
}
Event: 3491.529 GC heap before
{Heap before GC invocations=592 (full 99):
 PSYoungGen      total 232960K, used 116224K [0x00000007aab00000, 0x00000007c0000000, 0x00000007c0000000)
  eden space 116736K, 0% used [0x00000007aab00000,0x00000007aab00000,0x00000007b1d00000)
  from space 116224K, 100% used [0x00000007b1d00000,0x00000007b8e80000,0x00000007b8e80000)
  to   space 116224K, 0% used [0x00000007b8e80000,0x00000007b8e80000,0x00000007c0000000)
 ParOldGen       total 699392K, used 602868K [0x0000000780000000, 0x00000007aab00000, 0x00000007aab00000)
  object space 699392K, 86% used [0x0000000780000000,0x00000007a4cbd128,0x00000007aab00000)
 Metaspace       used 117350K, capacity 122016K, committed 123992K, reserved 1153024K
  class space    used 19116K, capacity 19614K, committed 20056K, reserved 1048576K
Event: 3492.112 GC heap after
Heap after GC invocations=592 (full 99):
 PSYoungGen      total 232960K, used 0K [0x00000007aab00000, 0x00000007c0000000, 0x00000007c0000000)
  eden space 116736K, 0% used [0x00000007aab00000,0x00000007aab00000,0x00000007b1d00000)
  from space 116224K, 0% used [0x00000007b1d00000,0x00000007b1d00000,0x00000007b8e80000)
  to   space 116224K, 0% used [0x00000007b8e80000,0x00000007b8e80000,0x00000007c0000000)
 ParOldGen       total 699392K, used 626188K [0x0000000780000000, 0x00000007aab00000, 0x00000007aab00000)
  object space 699392K, 89% used [0x0000000780000000,0x00000007a6383028,0x00000007aab00000)
 Metaspace       used 117350K, capacity 122016K, committed 123992K, reserved 1153024K
  class space    used 19116K, capacity 19614K, committed 20056K, reserved 1048576K
}
Event: 3492.247 GC heap before
{Heap before GC invocations=593 (full 100):
 PSYoungGen      total 232960K, used 116736K [0x00000007aab00000, 0x00000007c0000000, 0x00000007c0000000)
  eden space 116736K, 100% used [0x00000007aab00000,0x00000007b1d00000,0x00000007b1d00000)
  from space 116224K, 0% used [0x00000007b1d00000,0x00000007b1d00000,0x00000007b8e80000)
  to   space 116224K, 0% used [0x00000007b8e80000,0x00000007b8e80000,0x00000007c0000000)
 ParOldGen       total 699392K, used 626188K [0x0000000780000000, 0x00000007aab00000, 0x00000007aab00000)
  object space 699392K, 89% used [0x0000000780000000,0x00000007a6383028,0x00000007aab00000)
 Metaspace       used 117350K, capacity 122016K, committed 123992K, reserved 1153024K
  class space    used 19116K, capacity 19614K, committed 20056K, reserved 1048576K
Event: 3493.205 GC heap after
Heap after GC invocations=593 (full 100):
 PSYoungGen      total 232960K, used 0K [0x00000007aab00000, 0x00000007c0000000, 0x00000007c0000000)
  eden space 116736K, 0% used [0x00000007aab00000,0x00000007aab00000,0x00000007b1d00000)
  from space 116224K, 0% used [0x00000007b1d00000,0x00000007b1d00000,0x00000007b8e80000)
  to   space 116224K, 0% used [0x00000007b8e80000,0x00000007b8e80000,0x00000007c0000000)
 ParOldGen       total 699392K, used 648714K [0x0000000780000000, 0x00000007aab00000, 0x00000007aab00000)
  object space 699392K, 92% used [0x0000000780000000,0x00000007a7982af0,0x00000007aab00000)
 Metaspace       used 117350K, capacity 122016K, committed 123992K, reserved 1153024K
  class space    used 19116K, capacity 19614K, committed 20056K, reserved 1048576K
}
Event: 3494.261 GC heap before
{Heap before GC invocations=594 (full 101):
 PSYoungGen      total 232960K, used 116736K [0x00000007aab00000, 0x00000007c0000000, 0x00000007c0000000)
  eden space 116736K, 100% used [0x00000007aab00000,0x00000007b1d00000,0x00000007b1d00000)
  from space 116224K, 0% used [0x00000007b1d00000,0x00000007b1d00000,0x00000007b8e80000)
  to   space 116224K, 0% used [0x00000007b8e80000,0x00000007b8e80000,0x00000007c0000000)
 ParOldGen       total 699392K, used 648714K [0x0000000780000000, 0x00000007aab00000, 0x00000007aab00000)
  object space 699392K, 92% used [0x0000000780000000,0x00000007a7982af0,0x00000007aab00000)
 Metaspace       used 117350K, capacity 122016K, committed 123992K, reserved 1153024K
  class space    used 19116K, capacity 19614K, committed 20056K, reserved 1048576K
Event: 3494.662 GC heap after
Heap after GC invocations=594 (full 101):
 PSYoungGen      total 232960K, used 0K [0x00000007aab00000, 0x00000007c0000000, 0x00000007c0000000)
  eden space 116736K, 0% used [0x00000007aab00000,0x00000007aab00000,0x00000007b1d00000)
  from space 116224K, 0% used [0x00000007b1d00000,0x00000007b1d00000,0x00000007b8e80000)
  to   space 116224K, 0% used [0x00000007b8e80000,0x00000007b8e80000,0x00000007c0000000)
 ParOldGen       total 699392K, used 644157K [0x0000000780000000, 0x00000007aab00000, 0x00000007aab00000)
  object space 699392K, 92% used [0x0000000780000000,0x00000007a750f770,0x00000007aab00000)
 Metaspace       used 117350K, capacity 122016K, committed 123992K, reserved 1153024K
  class space    used 19116K, capacity 19614K, committed 20056K, reserved 1048576K
}
Event: 3495.760 GC heap before
{Heap before GC invocations=595 (full 102):
 PSYoungGen      total 232960K, used 116736K [0x00000007aab00000, 0x00000007c0000000, 0x00000007c0000000)
  eden space 116736K, 100% used [0x00000007aab00000,0x00000007b1d00000,0x00000007b1d00000)
  from space 116224K, 0% used [0x00000007b1d00000,0x00000007b1d00000,0x00000007b8e80000)
  to   space 116224K, 0% used [0x00000007b8e80000,0x00000007b8e80000,0x00000007c0000000)
 ParOldGen       total 699392K, used 644157K [0x0000000780000000, 0x00000007aab00000, 0x00000007aab00000)
  object space 699392K, 92% used [0x0000000780000000,0x00000007a750f770,0x00000007aab00000)
 Metaspace       used 117350K, capacity 122016K, committed 123992K, reserved 1153024K
  class space    used 19116K, capacity 19614K, committed 20056K, reserved 1048576K
Event: 3496.302 GC heap after
Heap after GC invocations=595 (full 102):
 PSYoungGen      total 232960K, used 0K [0x00000007aab00000, 0x00000007c0000000, 0x00000007c0000000)
  eden space 116736K, 0% used [0x00000007aab00000,0x00000007aab00000,0x00000007b1d00000)
  from space 116224K, 0% used [0x00000007b1d00000,0x00000007b1d00000,0x00000007b8e80000)
  to   space 116224K, 0% used [0x00000007b8e80000,0x00000007b8e80000,0x00000007c0000000)
 ParOldGen       total 699392K, used 655026K [0x0000000780000000, 0x00000007aab00000, 0x00000007aab00000)
  object space 699392K, 93% used [0x0000000780000000,0x00000007a7fac808,0x00000007aab00000)
 Metaspace       used 117350K, capacity 122016K, committed 123992K, reserved 1153024K
  class space    used 19116K, capacity 19614K, committed 20056K, reserved 1048576K
}

