# JRE version: Java(TM) SE Runtime Environment (8.0_144-b01) (build 1.8.0_144-b01)
# Java VM: Java HotSpot(TM) 64-Bit Server VM (25.144-b01 mixed mode bsd-amd64 compressed oops)
Heap:
 PSYoungGen      total 232960K, used 32441K [0x00000007aab00000, 0x00000007c0000000, 0x00000007c0000000)
  eden space 116736K, 27% used [0x00000007aab00000,0x00000007acaae528,0x00000007b1d00000)
  from space 116224K, 0% used [0x00000007b8e80000,0x00000007b8e80000,0x00000007c0000000)
  to   space 116224K, 0% used [0x00000007b1d00000,0x00000007b1d00000,0x00000007b8e80000)
 ParOldGen       total 699392K, used 636598K [0x0000000780000000, 0x00000007aab00000, 0x00000007aab00000)
  object space 699392K, 91% used [0x0000000780000000,0x00000007a6dada68,0x00000007aab00000)
 Metaspace       used 113164K, capacity 117316K, committed 117848K, reserved 1148928K
  class space    used 18507K, capacity 18956K, committed 19032K, reserved 1048576K
GC Heap History (10 events):
Event: 1039.041 GC heap before
{Heap before GC invocations=462 (full 90):
 PSYoungGen      total 232960K, used 189440K [0x00000007aab00000, 0x00000007c0000000, 0x00000007c0000000)
  eden space 116736K, 100% used [0x00000007aab00000,0x00000007b1d00000,0x00000007b1d00000)
  from space 116224K, 62% used [0x00000007b1d00000,0x00000007b6400000,0x00000007b8e80000)
  to   space 116224K, 0% used [0x00000007b8e80000,0x00000007b8e80000,0x00000007c0000000)
 ParOldGen       total 699392K, used 445174K [0x0000000780000000, 0x00000007aab00000, 0x00000007aab00000)
  object space 699392K, 63% used [0x0000000780000000,0x000000079b2bdbb8,0x00000007aab00000)
 Metaspace       used 113161K, capacity 117316K, committed 117848K, reserved 1148928K
  class space    used 18507K, capacity 18956K, committed 19032K, reserved 1048576K
Event: 1039.072 GC heap after
Heap after GC invocations=462 (full 90):
 PSYoungGen      total 232960K, used 54848K [0x00000007aab00000, 0x00000007c0000000, 0x00000007c0000000)
  eden space 116736K, 0% used [0x00000007aab00000,0x00000007aab00000,0x00000007b1d00000)
  from space 116224K, 47% used [0x00000007b8e80000,0x00000007bc410000,0x00000007c0000000)
  to   space 116224K, 0% used [0x00000007b1d00000,0x00000007b1d00000,0x00000007b8e80000)
 ParOldGen       total 699392K, used 518902K [0x0000000780000000, 0x00000007aab00000, 0x00000007aab00000)
  object space 699392K, 74% used [0x0000000780000000,0x000000079fabdbb8,0x00000007aab00000)
 Metaspace       used 113161K, capacity 117316K, committed 117848K, reserved 1148928K
  class space    used 18507K, capacity 18956K, committed 19032K, reserved 1048576K
}
Event: 1039.252 GC heap before
{Heap before GC invocations=463 (full 90):
 PSYoungGen      total 232960K, used 171584K [0x00000007aab00000, 0x00000007c0000000, 0x00000007c0000000)
  eden space 116736K, 100% used [0x00000007aab00000,0x00000007b1d00000,0x00000007b1d00000)
  from space 116224K, 47% used [0x00000007b8e80000,0x00000007bc410000,0x00000007c0000000)
  to   space 116224K, 0% used [0x00000007b1d00000,0x00000007b1d00000,0x00000007b8e80000)
 ParOldGen       total 699392K, used 518902K [0x0000000780000000, 0x00000007aab00000, 0x00000007aab00000)
  object space 699392K, 74% used [0x0000000780000000,0x000000079fabdbb8,0x00000007aab00000)
 Metaspace       used 113161K, capacity 117316K, committed 117848K, reserved 1148928K
  class space    used 18507K, capacity 18956K, committed 19032K, reserved 1048576K
Event: 1039.283 GC heap after
Heap after GC invocations=463 (full 90):
 PSYoungGen      total 232960K, used 67840K [0x00000007aab00000, 0x00000007c0000000, 0x00000007c0000000)
  eden space 116736K, 0% used [0x00000007aab00000,0x00000007aab00000,0x00000007b1d00000)
  from space 116224K, 58% used [0x00000007b1d00000,0x00000007b5f40000,0x00000007b8e80000)
  to   space 116224K, 0% used [0x00000007b8e80000,0x00000007b8e80000,0x00000007c0000000)
 ParOldGen       total 699392K, used 574190K [0x0000000780000000, 0x00000007aab00000, 0x00000007aab00000)
  object space 699392K, 82% used [0x0000000780000000,0x00000007a30bbbb8,0x00000007aab00000)
 Metaspace       used 113161K, capacity 117316K, committed 117848K, reserved 1148928K
  class space    used 18507K, capacity 18956K, committed 19032K, reserved 1048576K
}
Event: 1040.219 GC heap before
{Heap before GC invocations=464 (full 90):
 PSYoungGen      total 232960K, used 184576K [0x00000007aab00000, 0x00000007c0000000, 0x00000007c0000000)
  eden space 116736K, 100% used [0x00000007aab00000,0x00000007b1d00000,0x00000007b1d00000)
  from space 116224K, 58% used [0x00000007b1d00000,0x00000007b5f40000,0x00000007b8e80000)
  to   space 116224K, 0% used [0x00000007b8e80000,0x00000007b8e80000,0x00000007c0000000)
 ParOldGen       total 699392K, used 574190K [0x0000000780000000, 0x00000007aab00000, 0x00000007aab00000)
  object space 699392K, 82% used [0x0000000780000000,0x00000007a30bbbb8,0x00000007aab00000)
 Metaspace       used 113164K, capacity 117316K, committed 117848K, reserved 1148928K
  class space    used 18507K, capacity 18956K, committed 19032K, reserved 1048576K
Event: 1040.236 GC heap after
Heap after GC invocations=464 (full 90):
 PSYoungGen      total 232960K, used 1152K [0x00000007aab00000, 0x00000007c0000000, 0x00000007c0000000)
  eden space 116736K, 0% used [0x00000007aab00000,0x00000007aab00000,0x00000007b1d00000)
  from space 116224K, 0% used [0x00000007b8e80000,0x00000007b8fa0000,0x00000007c0000000)
  to   space 116224K, 0% used [0x00000007b1d00000,0x00000007b1d00000,0x00000007b8e80000)
 ParOldGen       total 699392K, used 642518K [0x0000000780000000, 0x00000007aab00000, 0x00000007aab00000)
  object space 699392K, 91% used [0x0000000780000000,0x00000007a7375bb8,0x00000007aab00000)
 Metaspace       used 113164K, capacity 117316K, committed 117848K, reserved 1148928K
  class space    used 18507K, capacity 18956K, committed 19032K, reserved 1048576K
}
Event: 1040.236 GC heap before
{Heap before GC invocations=465 (full 91):
 PSYoungGen      total 232960K, used 1152K [0x00000007aab00000, 0x00000007c0000000, 0x00000007c0000000)
  eden space 116736K, 0% used [0x00000007aab00000,0x00000007aab00000,0x00000007b1d00000)
  from space 116224K, 0% used [0x00000007b8e80000,0x00000007b8fa0000,0x00000007c0000000)
  to   space 116224K, 0% used [0x00000007b1d00000,0x00000007b1d00000,0x00000007b8e80000)
 ParOldGen       total 699392K, used 642518K [0x0000000780000000, 0x00000007aab00000, 0x00000007aab00000)
  object space 699392K, 91% used [0x0000000780000000,0x00000007a7375bb8,0x00000007aab00000)
 Metaspace       used 113164K, capacity 117316K, committed 117848K, reserved 1148928K
  class space    used 18507K, capacity 18956K, committed 19032K, reserved 1048576K
Event: 1041.004 GC heap after
Heap after GC invocations=465 (full 91):
 PSYoungGen      total 232960K, used 0K [0x00000007aab00000, 0x00000007c0000000, 0x00000007c0000000)
  eden space 116736K, 0% used [0x00000007aab00000,0x00000007aab00000,0x00000007b1d00000)
  from space 116224K, 0% used [0x00000007b8e80000,0x00000007b8e80000,0x00000007c0000000)
  to   space 116224K, 0% used [0x00000007b1d00000,0x00000007b1d00000,0x00000007b8e80000)
 ParOldGen       total 699392K, used 636107K [0x0000000780000000, 0x00000007aab00000, 0x00000007aab00000)
  object space 699392K, 90% used [0x0000000780000000,0x00000007a6d32d70,0x00000007aab00000)
 Metaspace       used 113164K, capacity 117316K, committed 117848K, reserved 1148928K
  class space    used 18507K, capacity 18956K, committed 19032K, reserved 1048576K
}
Event: 1042.710 GC heap before
{Heap before GC invocations=466 (full 92):
 PSYoungGen      total 232960K, used 116736K [0x00000007aab00000, 0x00000007c0000000, 0x00000007c0000000)
  eden space 116736K, 100% used [0x00000007aab00000,0x00000007b1d00000,0x00000007b1d00000)
  from space 116224K, 0% used [0x00000007b8e80000,0x00000007b8e80000,0x00000007c0000000)
  to   space 116224K, 0% used [0x00000007b1d00000,0x00000007b1d00000,0x00000007b8e80000)
 ParOldGen       total 699392K, used 636107K [0x0000000780000000, 0x00000007aab00000, 0x00000007aab00000)
  object space 699392K, 90% used [0x0000000780000000,0x00000007a6d32d70,0x00000007aab00000)
 Metaspace       used 113164K, capacity 117316K, committed 117848K, reserved 1148928K
  class space    used 18507K, capacity 18956K, committed 19032K, reserved 1048576K
Event: 1043.038 GC heap after
Heap after GC invocations=466 (full 92):
 PSYoungGen      total 232960K, used 0K [0x00000007aab00000, 0x00000007c0000000, 0x00000007c0000000)
  eden space 116736K, 0% used [0x00000007aab00000,0x00000007aab00000,0x00000007b1d00000)
  from space 116224K, 0% used [0x00000007b8e80000,0x00000007b8e80000,0x00000007c0000000)
  to   space 116224K, 0% used [0x00000007b1d00000,0x00000007b1d00000,0x00000007b8e80000)
 ParOldGen       total 699392K, used 636598K [0x0000000780000000, 0x00000007aab00000, 0x00000007aab00000)
  object space 699392K, 91% used [0x0000000780000000,0x00000007a6dada68,0x00000007aab00000)
 Metaspace       used 113164K, capacity 117316K, committed 117848K, reserved 1148928K
  class space    used 18507K, capacity 18956K, committed 19032K, reserved 1048576K
}

