# JRE version: Java(TM) SE Runtime Environment (8.0_144-b01) (build 1.8.0_144-b01)
# Java VM: Java HotSpot(TM) 64-Bit Server VM (25.144-b01 mixed mode bsd-amd64 compressed oops)
Heap:
 PSYoungGen      total 232960K, used 102933K [0x00000007aab00000, 0x00000007c0000000, 0x00000007c0000000)
  eden space 116736K, 86% used [0x00000007aab00000,0x00000007b0d6d558,0x00000007b1d00000)
  from space 116224K, 1% used [0x00000007b8e80000,0x00000007b9098020,0x00000007c0000000)
  to   space 116224K, 0% used [0x00000007b1d00000,0x00000007b1d00000,0x00000007b8e80000)
 ParOldGen       total 699392K, used 115439K [0x0000000780000000, 0x00000007aab00000, 0x00000007aab00000)
  object space 699392K, 16% used [0x0000000780000000,0x00000007870bbda0,0x00000007aab00000)
 Metaspace       used 116249K, capacity 120908K, committed 121048K, reserved 1150976K
  class space    used 19088K, capacity 19583K, committed 19672K, reserved 1048576K
GC Heap History (10 events):
Event: 646.004 GC heap before
{Heap before GC invocations=124 (full 20):
 PSYoungGen      total 232448K, used 116736K [0x00000007aab00000, 0x00000007c0000000, 0x00000007c0000000)
  eden space 116736K, 100% used [0x00000007aab00000,0x00000007b1d00000,0x00000007b1d00000)
  from space 115712K, 0% used [0x00000007b8f00000,0x00000007b8f00000,0x00000007c0000000)
  to   space 116224K, 0% used [0x00000007b1d00000,0x00000007b1d00000,0x00000007b8e80000)
 ParOldGen       total 699392K, used 639678K [0x0000000780000000, 0x00000007aab00000, 0x00000007aab00000)
  object space 699392K, 91% used [0x0000000780000000,0x00000007a70af9d0,0x00000007aab00000)
 Metaspace       used 106891K, capacity 111488K, committed 111704K, reserved 1142784K
  class space    used 17772K, capacity 18240K, committed 18264K, reserved 1048576K
Event: 646.123 GC heap after
Heap after GC invocations=124 (full 20):
 PSYoungGen      total 232448K, used 0K [0x00000007aab00000, 0x00000007c0000000, 0x00000007c0000000)
  eden space 116736K, 0% used [0x00000007aab00000,0x00000007aab00000,0x00000007b1d00000)
  from space 115712K, 0% used [0x00000007b8f00000,0x00000007b8f00000,0x00000007c0000000)
  to   space 116224K, 0% used [0x00000007b1d00000,0x00000007b1d00000,0x00000007b8e80000)
 ParOldGen       total 699392K, used 110473K [0x0000000780000000, 0x00000007aab00000, 0x00000007aab00000)
  object space 699392K, 15% used [0x0000000780000000,0x0000000786be2488,0x00000007aab00000)
 Metaspace       used 106688K, capacity 111020K, committed 111704K, reserved 1142784K
  class space    used 17710K, capacity 18161K, committed 18264K, reserved 1048576K
}
Event: 647.256 GC heap before
{Heap before GC invocations=125 (full 20):
 PSYoungGen      total 232448K, used 116736K [0x00000007aab00000, 0x00000007c0000000, 0x00000007c0000000)
  eden space 116736K, 100% used [0x00000007aab00000,0x00000007b1d00000,0x00000007b1d00000)
  from space 115712K, 0% used [0x00000007b8f00000,0x00000007b8f00000,0x00000007c0000000)
  to   space 116224K, 0% used [0x00000007b1d00000,0x00000007b1d00000,0x00000007b8e80000)
 ParOldGen       total 699392K, used 110473K [0x0000000780000000, 0x00000007aab00000, 0x00000007aab00000)
  object space 699392K, 15% used [0x0000000780000000,0x0000000786be2488,0x00000007aab00000)
 Metaspace       used 115724K, capacity 120322K, committed 120408K, reserved 1150976K
  class space    used 19009K, capacity 19518K, committed 19544K, reserved 1048576K
Event: 647.263 GC heap after
Heap after GC invocations=125 (full 20):
 PSYoungGen      total 232960K, used 9762K [0x00000007aab00000, 0x00000007c0000000, 0x00000007c0000000)
  eden space 116736K, 0% used [0x00000007aab00000,0x00000007aab00000,0x00000007b1d00000)
  from space 116224K, 8% used [0x00000007b1d00000,0x00000007b2688bd0,0x00000007b8e80000)
  to   space 116224K, 0% used [0x00000007b8e80000,0x00000007b8e80000,0x00000007c0000000)
 ParOldGen       total 699392K, used 110481K [0x0000000780000000, 0x00000007aab00000, 0x00000007aab00000)
  object space 699392K, 15% used [0x0000000780000000,0x0000000786be4488,0x00000007aab00000)
 Metaspace       used 115724K, capacity 120322K, committed 120408K, reserved 1150976K
  class space    used 19009K, capacity 19518K, committed 19544K, reserved 1048576K
}
Event: 727.104 GC heap before
{Heap before GC invocations=126 (full 20):
 PSYoungGen      total 232960K, used 126498K [0x00000007aab00000, 0x00000007c0000000, 0x00000007c0000000)
  eden space 116736K, 100% used [0x00000007aab00000,0x00000007b1d00000,0x00000007b1d00000)
  from space 116224K, 8% used [0x00000007b1d00000,0x00000007b2688bd0,0x00000007b8e80000)
  to   space 116224K, 0% used [0x00000007b8e80000,0x00000007b8e80000,0x00000007c0000000)
 ParOldGen       total 699392K, used 110481K [0x0000000780000000, 0x00000007aab00000, 0x00000007aab00000)
  object space 699392K, 15% used [0x0000000780000000,0x0000000786be4488,0x00000007aab00000)
 Metaspace       used 116179K, capacity 120830K, committed 121048K, reserved 1150976K
  class space    used 19087K, capacity 19582K, committed 19672K, reserved 1048576K
Event: 727.147 GC heap after
Heap after GC invocations=126 (full 20):
 PSYoungGen      total 232960K, used 2048K [0x00000007aab00000, 0x00000007c0000000, 0x00000007c0000000)
  eden space 116736K, 0% used [0x00000007aab00000,0x00000007aab00000,0x00000007b1d00000)
  from space 116224K, 1% used [0x00000007b8e80000,0x00000007b9080050,0x00000007c0000000)
  to   space 116224K, 0% used [0x00000007b1d00000,0x00000007b1d00000,0x00000007b8e80000)
 ParOldGen       total 699392K, used 112560K [0x0000000780000000, 0x00000007aab00000, 0x00000007aab00000)
  object space 699392K, 16% used [0x0000000780000000,0x0000000786dec000,0x00000007aab00000)
 Metaspace       used 116179K, capacity 120830K, committed 121048K, reserved 1150976K
  class space    used 19087K, capacity 19582K, committed 19672K, reserved 1048576K
}
Event: 789.437 GC heap before
{Heap before GC invocations=127 (full 20):
 PSYoungGen      total 232960K, used 118784K [0x00000007aab00000, 0x00000007c0000000, 0x00000007c0000000)
  eden space 116736K, 100% used [0x00000007aab00000,0x00000007b1d00000,0x00000007b1d00000)
  from space 116224K, 1% used [0x00000007b8e80000,0x00000007b9080050,0x00000007c0000000)
  to   space 116224K, 0% used [0x00000007b1d00000,0x00000007b1d00000,0x00000007b8e80000)
 ParOldGen       total 699392K, used 112560K [0x0000000780000000, 0x00000007aab00000, 0x00000007aab00000)
  object space 699392K, 16% used [0x0000000780000000,0x0000000786dec000,0x00000007aab00000)
 Metaspace       used 116220K, capacity 120840K, committed 121048K, reserved 1150976K
  class space    used 19088K, capacity 19583K, committed 19672K, reserved 1048576K
Event: 789.445 GC heap after
Heap after GC invocations=127 (full 20):
 PSYoungGen      total 232960K, used 1792K [0x00000007aab00000, 0x00000007c0000000, 0x00000007c0000000)
  eden space 116736K, 0% used [0x00000007aab00000,0x00000007aab00000,0x00000007b1d00000)
  from space 116224K, 1% used [0x00000007b1d00000,0x00000007b1ec0010,0x00000007b8e80000)
  to   space 116224K, 0% used [0x00000007b8e80000,0x00000007b8e80000,0x00000007c0000000)
 ParOldGen       total 699392K, used 114183K [0x0000000780000000, 0x00000007aab00000, 0x00000007aab00000)
  object space 699392K, 16% used [0x0000000780000000,0x0000000786f81d90,0x00000007aab00000)
 Metaspace       used 116220K, capacity 120840K, committed 121048K, reserved 1150976K
  class space    used 19088K, capacity 19583K, committed 19672K, reserved 1048576K
}
Event: 812.159 GC heap before
{Heap before GC invocations=128 (full 20):
 PSYoungGen      total 232960K, used 118528K [0x00000007aab00000, 0x00000007c0000000, 0x00000007c0000000)
  eden space 116736K, 100% used [0x00000007aab00000,0x00000007b1d00000,0x00000007b1d00000)
  from space 116224K, 1% used [0x00000007b1d00000,0x00000007b1ec0010,0x00000007b8e80000)
  to   space 116224K, 0% used [0x00000007b8e80000,0x00000007b8e80000,0x00000007c0000000)
 ParOldGen       total 699392K, used 114183K [0x0000000780000000, 0x00000007aab00000, 0x00000007aab00000)
  object space 699392K, 16% used [0x0000000780000000,0x0000000786f81d90,0x00000007aab00000)
 Metaspace       used 116249K, capacity 120908K, committed 121048K, reserved 1150976K
  class space    used 19088K, capacity 19583K, committed 19672K, reserved 1048576K
Event: 812.165 GC heap after
Heap after GC invocations=128 (full 20):
 PSYoungGen      total 232960K, used 2144K [0x00000007aab00000, 0x00000007c0000000, 0x00000007c0000000)
  eden space 116736K, 0% used [0x00000007aab00000,0x00000007aab00000,0x00000007b1d00000)
  from space 116224K, 1% used [0x00000007b8e80000,0x00000007b9098020,0x00000007c0000000)
  to   space 116224K, 0% used [0x00000007b1d00000,0x00000007b1d00000,0x00000007b8e80000)
 ParOldGen       total 699392K, used 115439K [0x0000000780000000, 0x00000007aab00000, 0x00000007aab00000)
  object space 699392K, 16% used [0x0000000780000000,0x00000007870bbda0,0x00000007aab00000)
 Metaspace       used 116249K, capacity 120908K, committed 121048K, reserved 1150976K
  class space    used 19088K, capacity 19583K, committed 19672K, reserved 1048576K
}

