# JRE version: Java(TM) SE Runtime Environment (8.0_144-b01) (build 1.8.0_144-b01)
# Java VM: Java HotSpot(TM) 64-Bit Server VM (25.144-b01 mixed mode bsd-amd64 compressed oops)
Heap:
 PSYoungGen      total 232960K, used 13779K [0x00000007aab00000, 0x00000007c0000000, 0x00000007c0000000)
  eden space 116736K, 10% used [0x00000007aab00000,0x00000007ab6bce20,0x00000007b1d00000)
  from space 116224K, 1% used [0x00000007b8e80000,0x00000007b9038000,0x00000007c0000000)
  to   space 116224K, 0% used [0x00000007b1d00000,0x00000007b1d00000,0x00000007b8e80000)
 ParOldGen       total 699392K, used 582086K [0x0000000780000000, 0x00000007aab00000, 0x00000007aab00000)
  object space 699392K, 83% used [0x0000000780000000,0x00000007a38719b8,0x00000007aab00000)
 Metaspace       used 164535K, capacity 173571K, committed 173912K, reserved 1196032K
  class space    used 25664K, capacity 26364K, committed 26456K, reserved 1048576K
GC Heap History (10 events):
Event: 935.632 GC heap before
{Heap before GC invocations=442 (full 72):
 PSYoungGen      total 232960K, used 216192K [0x00000007aab00000, 0x00000007c0000000, 0x00000007c0000000)
  eden space 116736K, 100% used [0x00000007aab00000,0x00000007b1d00000,0x00000007b1d00000)
  from space 116224K, 85% used [0x00000007b1d00000,0x00000007b7e20000,0x00000007b8e80000)
  to   space 116224K, 0% used [0x00000007b8e80000,0x00000007b8e80000,0x00000007c0000000)
 ParOldGen       total 699392K, used 480758K [0x0000000780000000, 0x00000007aab00000, 0x00000007aab00000)
  object space 699392K, 68% used [0x0000000780000000,0x000000079d57d9b8,0x00000007aab00000)
 Metaspace       used 164535K, capacity 173571K, committed 173912K, reserved 1196032K
  class space    used 25664K, capacity 26364K, committed 26456K, reserved 1048576K
Event: 935.666 GC heap after
Heap after GC invocations=442 (full 72):
 PSYoungGen      total 232960K, used 91072K [0x00000007aab00000, 0x00000007c0000000, 0x00000007c0000000)
  eden space 116736K, 0% used [0x00000007aab00000,0x00000007aab00000,0x00000007b1d00000)
  from space 116224K, 78% used [0x00000007b8e80000,0x00000007be770000,0x00000007c0000000)
  to   space 116224K, 0% used [0x00000007b1d00000,0x00000007b1d00000,0x00000007b8e80000)
 ParOldGen       total 699392K, used 485974K [0x0000000780000000, 0x00000007aab00000, 0x00000007aab00000)
  object space 699392K, 69% used [0x0000000780000000,0x000000079da959b8,0x00000007aab00000)
 Metaspace       used 164535K, capacity 173571K, committed 173912K, reserved 1196032K
  class space    used 25664K, capacity 26364K, committed 26456K, reserved 1048576K
}
Event: 936.010 GC heap before
{Heap before GC invocations=443 (full 72):
 PSYoungGen      total 232960K, used 207808K [0x00000007aab00000, 0x00000007c0000000, 0x00000007c0000000)
  eden space 116736K, 100% used [0x00000007aab00000,0x00000007b1d00000,0x00000007b1d00000)
  from space 116224K, 78% used [0x00000007b8e80000,0x00000007be770000,0x00000007c0000000)
  to   space 116224K, 0% used [0x00000007b1d00000,0x00000007b1d00000,0x00000007b8e80000)
 ParOldGen       total 699392K, used 485974K [0x0000000780000000, 0x00000007aab00000, 0x00000007aab00000)
  object space 699392K, 69% used [0x0000000780000000,0x000000079da959b8,0x00000007aab00000)
 Metaspace       used 164535K, capacity 173571K, committed 173912K, reserved 1196032K
  class space    used 25664K, capacity 26364K, committed 26456K, reserved 1048576K
Event: 936.168 GC heap after
Heap after GC invocations=443 (full 72):
 PSYoungGen      total 232960K, used 19008K [0x00000007aab00000, 0x00000007c0000000, 0x00000007c0000000)
  eden space 116736K, 0% used [0x00000007aab00000,0x00000007aab00000,0x00000007b1d00000)
  from space 116224K, 16% used [0x00000007b1d00000,0x00000007b2f90000,0x00000007b8e80000)
  to   space 116224K, 0% used [0x00000007b8e80000,0x00000007b8e80000,0x00000007c0000000)
 ParOldGen       total 699392K, used 560854K [0x0000000780000000, 0x00000007aab00000, 0x00000007aab00000)
  object space 699392K, 80% used [0x0000000780000000,0x00000007a23b59b8,0x00000007aab00000)
 Metaspace       used 164535K, capacity 173571K, committed 173912K, reserved 1196032K
  class space    used 25664K, capacity 26364K, committed 26456K, reserved 1048576K
}
Event: 937.951 GC heap before
{Heap before GC invocations=444 (full 72):
 PSYoungGen      total 232960K, used 135744K [0x00000007aab00000, 0x00000007c0000000, 0x00000007c0000000)
  eden space 116736K, 100% used [0x00000007aab00000,0x00000007b1d00000,0x00000007b1d00000)
  from space 116224K, 16% used [0x00000007b1d00000,0x00000007b2f90000,0x00000007b8e80000)
  to   space 116224K, 0% used [0x00000007b8e80000,0x00000007b8e80000,0x00000007c0000000)
 ParOldGen       total 699392K, used 560854K [0x0000000780000000, 0x00000007aab00000, 0x00000007aab00000)
  object space 699392K, 80% used [0x0000000780000000,0x00000007a23b59b8,0x00000007aab00000)
 Metaspace       used 164535K, capacity 173571K, committed 173912K, reserved 1196032K
  class space    used 25664K, capacity 26364K, committed 26456K, reserved 1048576K
Event: 937.977 GC heap after
Heap after GC invocations=444 (full 72):
 PSYoungGen      total 232960K, used 10720K [0x00000007aab00000, 0x00000007c0000000, 0x00000007c0000000)
  eden space 116736K, 0% used [0x00000007aab00000,0x00000007aab00000,0x00000007b1d00000)
  from space 116224K, 9% used [0x00000007b8e80000,0x00000007b98f8000,0x00000007c0000000)
  to   space 116224K, 0% used [0x00000007b1d00000,0x00000007b1d00000,0x00000007b8e80000)
 ParOldGen       total 699392K, used 571350K [0x0000000780000000, 0x00000007aab00000, 0x00000007aab00000)
  object space 699392K, 81% used [0x0000000780000000,0x00000007a2df59b8,0x00000007aab00000)
 Metaspace       used 164535K, capacity 173571K, committed 173912K, reserved 1196032K
  class space    used 25664K, capacity 26364K, committed 26456K, reserved 1048576K
}
Event: 941.390 GC heap before
{Heap before GC invocations=445 (full 72):
 PSYoungGen      total 232960K, used 127456K [0x00000007aab00000, 0x00000007c0000000, 0x00000007c0000000)
  eden space 116736K, 100% used [0x00000007aab00000,0x00000007b1d00000,0x00000007b1d00000)
  from space 116224K, 9% used [0x00000007b8e80000,0x00000007b98f8000,0x00000007c0000000)
  to   space 116224K, 0% used [0x00000007b1d00000,0x00000007b1d00000,0x00000007b8e80000)
 ParOldGen       total 699392K, used 571350K [0x0000000780000000, 0x00000007aab00000, 0x00000007aab00000)
  object space 699392K, 81% used [0x0000000780000000,0x00000007a2df59b8,0x00000007aab00000)
 Metaspace       used 164535K, capacity 173571K, committed 173912K, reserved 1196032K
  class space    used 25664K, capacity 26364K, committed 26456K, reserved 1048576K
Event: 941.423 GC heap after
Heap after GC invocations=445 (full 72):
 PSYoungGen      total 232960K, used 5952K [0x00000007aab00000, 0x00000007c0000000, 0x00000007c0000000)
  eden space 116736K, 0% used [0x00000007aab00000,0x00000007aab00000,0x00000007b1d00000)
  from space 116224K, 5% used [0x00000007b1d00000,0x00000007b22d0000,0x00000007b8e80000)
  to   space 116224K, 0% used [0x00000007b8e80000,0x00000007b8e80000,0x00000007c0000000)
 ParOldGen       total 699392K, used 579886K [0x0000000780000000, 0x00000007aab00000, 0x00000007aab00000)
  object space 699392K, 82% used [0x0000000780000000,0x00000007a364b9b8,0x00000007aab00000)
 Metaspace       used 164535K, capacity 173571K, committed 173912K, reserved 1196032K
  class space    used 25664K, capacity 26364K, committed 26456K, reserved 1048576K
}
Event: 942.091 GC heap before
{Heap before GC invocations=446 (full 72):
 PSYoungGen      total 232960K, used 122688K [0x00000007aab00000, 0x00000007c0000000, 0x00000007c0000000)
  eden space 116736K, 100% used [0x00000007aab00000,0x00000007b1d00000,0x00000007b1d00000)
  from space 116224K, 5% used [0x00000007b1d00000,0x00000007b22d0000,0x00000007b8e80000)
  to   space 116224K, 0% used [0x00000007b8e80000,0x00000007b8e80000,0x00000007c0000000)
 ParOldGen       total 699392K, used 579886K [0x0000000780000000, 0x00000007aab00000, 0x00000007aab00000)
  object space 699392K, 82% used [0x0000000780000000,0x00000007a364b9b8,0x00000007aab00000)
 Metaspace       used 164535K, capacity 173571K, committed 173912K, reserved 1196032K
  class space    used 25664K, capacity 26364K, committed 26456K, reserved 1048576K
Event: 942.102 GC heap after
Heap after GC invocations=446 (full 72):
 PSYoungGen      total 232960K, used 1760K [0x00000007aab00000, 0x00000007c0000000, 0x00000007c0000000)
  eden space 116736K, 0% used [0x00000007aab00000,0x00000007aab00000,0x00000007b1d00000)
  from space 116224K, 1% used [0x00000007b8e80000,0x00000007b9038000,0x00000007c0000000)
  to   space 116224K, 0% used [0x00000007b1d00000,0x00000007b1d00000,0x00000007b8e80000)
 ParOldGen       total 699392K, used 582086K [0x0000000780000000, 0x00000007aab00000, 0x00000007aab00000)
  object space 699392K, 83% used [0x0000000780000000,0x00000007a38719b8,0x00000007aab00000)
 Metaspace       used 164535K, capacity 173571K, committed 173912K, reserved 1196032K
  class space    used 25664K, capacity 26364K, committed 26456K, reserved 1048576K
}

