# JRE version: Java(TM) SE Runtime Environment (8.0_144-b01) (build 1.8.0_144-b01)
# Java VM: Java HotSpot(TM) 64-Bit Server VM (25.144-b01 mixed mode bsd-amd64 compressed oops)
Heap:
 PSYoungGen      total 1552896K, used 713517K [0x0000000740000000, 0x00000007c0000000, 0x00000007c0000000)
  eden space 1006592K, 42% used [0x0000000740000000,0x000000075a63b7e8,0x000000077d700000)
  from space 546304K, 51% used [0x000000079ea80000,0x00000007afd10000,0x00000007c0000000)
  to   space 544256K, 0% used [0x000000077d700000,0x000000077d700000,0x000000079ea80000)
 ParOldGen       total 2485248K, used 1068871K [0x0000000640000000, 0x00000006d7b00000, 0x0000000740000000)
  object space 2485248K, 43% used [0x0000000640000000,0x00000006813d1e90,0x00000006d7b00000)
 Metaspace       used 165502K, capacity 174521K, committed 175448K, reserved 1198080K
  class space    used 25542K, capacity 26247K, committed 26456K, reserved 1048576K
GC Heap History (10 events):
Event: 5524.566 GC heap before
{Heap before GC invocations=163 (full 35):
 PSYoungGen      total 1568768K, used 224K [0x0000000740000000, 0x00000007c0000000, 0x00000007c0000000)
  eden space 1037312K, 0% used [0x0000000740000000,0x0000000740000000,0x000000077f500000)
  from space 531456K, 0% used [0x000000079f900000,0x000000079f938000,0x00000007c0000000)
  to   space 528384K, 0% used [0x000000077f500000,0x000000077f500000,0x000000079f900000)
 ParOldGen       total 2485248K, used 350206K [0x0000000640000000, 0x00000006d7b00000, 0x0000000740000000)
  object space 2485248K, 14% used [0x0000000640000000,0x00000006555ff980,0x00000006d7b00000)
 Metaspace       used 165420K, capacity 174521K, committed 175448K, reserved 1198080K
  class space    used 25542K, capacity 26247K, committed 26456K, reserved 1048576K
Event: 5524.952 GC heap after
Heap after GC invocations=163 (full 35):
 PSYoungGen      total 1568768K, used 0K [0x0000000740000000, 0x00000007c0000000, 0x00000007c0000000)
  eden space 1037312K, 0% used [0x0000000740000000,0x0000000740000000,0x000000077f500000)
  from space 531456K, 0% used [0x000000079f900000,0x000000079f900000,0x00000007c0000000)
  to   space 528384K, 0% used [0x000000077f500000,0x000000077f500000,0x000000079f900000)
 ParOldGen       total 2485248K, used 349934K [0x0000000640000000, 0x00000006d7b00000, 0x0000000740000000)
  object space 2485248K, 14% used [0x0000000640000000,0x00000006555bbb10,0x00000006d7b00000)
 Metaspace       used 165420K, capacity 174521K, committed 175448K, reserved 1198080K
  class space    used 25542K, capacity 26247K, committed 26456K, reserved 1048576K
}
Event: 5535.897 GC heap before
{Heap before GC invocations=164 (full 35):
 PSYoungGen      total 1568768K, used 1037312K [0x0000000740000000, 0x00000007c0000000, 0x00000007c0000000)
  eden space 1037312K, 100% used [0x0000000740000000,0x000000077f500000,0x000000077f500000)
  from space 531456K, 0% used [0x000000079f900000,0x000000079f900000,0x00000007c0000000)
  to   space 528384K, 0% used [0x000000077f500000,0x000000077f500000,0x000000079f900000)
 ParOldGen       total 2485248K, used 349934K [0x0000000640000000, 0x00000006d7b00000, 0x0000000740000000)
  object space 2485248K, 14% used [0x0000000640000000,0x00000006555bbb10,0x00000006d7b00000)
 Metaspace       used 165430K, capacity 174521K, committed 175448K, reserved 1198080K
  class space    used 25542K, capacity 26247K, committed 26456K, reserved 1048576K
Event: 5536.033 GC heap after
Heap after GC invocations=164 (full 35):
 PSYoungGen      total 1132544K, used 95162K [0x0000000740000000, 0x00000007bcf00000, 0x00000007c0000000)
  eden space 1037312K, 0% used [0x0000000740000000,0x0000000740000000,0x000000077f500000)
  from space 95232K, 99% used [0x000000077f500000,0x00000007851eea60,0x0000000785200000)
  to   space 504832K, 0% used [0x000000079e200000,0x000000079e200000,0x00000007bcf00000)
 ParOldGen       total 2485248K, used 349934K [0x0000000640000000, 0x00000006d7b00000, 0x0000000740000000)
  object space 2485248K, 14% used [0x0000000640000000,0x00000006555bbb10,0x00000006d7b00000)
 Metaspace       used 165430K, capacity 174521K, committed 175448K, reserved 1198080K
  class space    used 25542K, capacity 26247K, committed 26456K, reserved 1048576K
}
Event: 5538.708 GC heap before
{Heap before GC invocations=165 (full 35):
 PSYoungGen      total 1132544K, used 1132474K [0x0000000740000000, 0x00000007bcf00000, 0x00000007c0000000)
  eden space 1037312K, 100% used [0x0000000740000000,0x000000077f500000,0x000000077f500000)
  from space 95232K, 99% used [0x000000077f500000,0x00000007851eea60,0x0000000785200000)
  to   space 504832K, 0% used [0x000000079e200000,0x000000079e200000,0x00000007bcf00000)
 ParOldGen       total 2485248K, used 349934K [0x0000000640000000, 0x00000006d7b00000, 0x0000000740000000)
  object space 2485248K, 14% used [0x0000000640000000,0x00000006555bbb10,0x00000006d7b00000)
 Metaspace       used 165430K, capacity 174521K, committed 175448K, reserved 1198080K
  class space    used 25542K, capacity 26247K, committed 26456K, reserved 1048576K
Event: 5539.077 GC heap after
Heap after GC invocations=165 (full 35):
 PSYoungGen      total 1531392K, used 283020K [0x0000000740000000, 0x00000007c0000000, 0x00000007c0000000)
  eden space 1026560K, 0% used [0x0000000740000000,0x0000000740000000,0x000000077ea80000)
  from space 504832K, 56% used [0x000000079e200000,0x00000007af6632b0,0x00000007bcf00000)
  to   space 515584K, 0% used [0x000000077ea80000,0x000000077ea80000,0x000000079e200000)
 ParOldGen       total 2485248K, used 432954K [0x0000000640000000, 0x00000006d7b00000, 0x0000000740000000)
  object space 2485248K, 17% used [0x0000000640000000,0x000000065a6cebe0,0x00000006d7b00000)
 Metaspace       used 165430K, capacity 174521K, committed 175448K, reserved 1198080K
  class space    used 25542K, capacity 26247K, committed 26456K, reserved 1048576K
}
Event: 5541.948 GC heap before
{Heap before GC invocations=166 (full 35):
 PSYoungGen      total 1531392K, used 1309580K [0x0000000740000000, 0x00000007c0000000, 0x00000007c0000000)
  eden space 1026560K, 100% used [0x0000000740000000,0x000000077ea80000,0x000000077ea80000)
  from space 504832K, 56% used [0x000000079e200000,0x00000007af6632b0,0x00000007bcf00000)
  to   space 515584K, 0% used [0x000000077ea80000,0x000000077ea80000,0x000000079e200000)
 ParOldGen       total 2485248K, used 432954K [0x0000000640000000, 0x00000006d7b00000, 0x0000000740000000)
  object space 2485248K, 17% used [0x0000000640000000,0x000000065a6cebe0,0x00000006d7b00000)
 Metaspace       used 165430K, capacity 174521K, committed 175448K, reserved 1198080K
  class space    used 25542K, capacity 26247K, committed 26456K, reserved 1048576K
Event: 5542.635 GC heap after
Heap after GC invocations=166 (full 35):
 PSYoungGen      total 1542144K, used 348160K [0x0000000740000000, 0x00000007c0000000, 0x00000007c0000000)
  eden space 1026560K, 0% used [0x0000000740000000,0x0000000740000000,0x000000077ea80000)
  from space 515584K, 67% used [0x000000077ea80000,0x0000000793e80000,0x000000079e200000)
  to   space 546304K, 0% used [0x000000079ea80000,0x000000079ea80000,0x00000007c0000000)
 ParOldGen       total 2485248K, used 716591K [0x0000000640000000, 0x00000006d7b00000, 0x0000000740000000)
  object space 2485248K, 28% used [0x0000000640000000,0x000000066bbcbe90,0x00000006d7b00000)
 Metaspace       used 165430K, capacity 174521K, committed 175448K, reserved 1198080K
  class space    used 25542K, capacity 26247K, committed 26456K, reserved 1048576K
}
Event: 5555.684 GC heap before
{Heap before GC invocations=167 (full 35):
 PSYoungGen      total 1542144K, used 1374720K [0x0000000740000000, 0x00000007c0000000, 0x00000007c0000000)
  eden space 1026560K, 100% used [0x0000000740000000,0x000000077ea80000,0x000000077ea80000)
  from space 515584K, 67% used [0x000000077ea80000,0x0000000793e80000,0x000000079e200000)
  to   space 546304K, 0% used [0x000000079ea80000,0x000000079ea80000,0x00000007c0000000)
 ParOldGen       total 2485248K, used 716591K [0x0000000640000000, 0x00000006d7b00000, 0x0000000740000000)
  object space 2485248K, 28% used [0x0000000640000000,0x000000066bbcbe90,0x00000006d7b00000)
 Metaspace       used 165430K, capacity 174521K, committed 175448K, reserved 1198080K
  class space    used 25542K, capacity 26247K, committed 26456K, reserved 1048576K
Event: 5556.396 GC heap after
Heap after GC invocations=167 (full 35):
 PSYoungGen      total 1552896K, used 281152K [0x0000000740000000, 0x00000007c0000000, 0x00000007c0000000)
  eden space 1006592K, 0% used [0x0000000740000000,0x0000000740000000,0x000000077d700000)
  from space 546304K, 51% used [0x000000079ea80000,0x00000007afd10000,0x00000007c0000000)
  to   space 544256K, 0% used [0x000000077d700000,0x000000077d700000,0x000000079ea80000)
 ParOldGen       total 2485248K, used 1068871K [0x0000000640000000, 0x00000006d7b00000, 0x0000000740000000)
  object space 2485248K, 43% used [0x0000000640000000,0x00000006813d1e90,0x00000006d7b00000)
 Metaspace       used 165430K, capacity 174521K, committed 175448K, reserved 1198080K
  class space    used 25542K, capacity 26247K, committed 26456K, reserved 1048576K
}

