# JRE version: Java(TM) SE Runtime Environment (8.0_144-b01) (build 1.8.0_144-b01)
# Java VM: Java HotSpot(TM) 64-Bit Server VM (25.144-b01 mixed mode bsd-amd64 compressed oops)
Heap:
 PSYoungGen      total 120320K, used 93055K [0x00000007aab00000, 0x00000007bfb00000, 0x00000007c0000000)
  eden space 116736K, 76% used [0x00000007aab00000,0x00000007b027fce0,0x00000007b1d00000)
  from space 3584K, 96% used [0x00000007b1d00000,0x00000007b2060000,0x00000007b2080000)
  to   space 113664K, 0% used [0x00000007b8c00000,0x00000007b8c00000,0x00000007bfb00000)
 ParOldGen       total 653312K, used 109532K [0x0000000780000000, 0x00000007a7e00000, 0x00000007aab00000)
  object space 653312K, 16% used [0x0000000780000000,0x0000000786af72e8,0x00000007a7e00000)
 Metaspace       used 102058K, capacity 106062K, committed 106456K, reserved 1138688K
  class space    used 16808K, capacity 17283K, committed 17368K, reserved 1048576K
GC Heap History (10 events):
Event: 337.683 GC heap before
{Heap before GC invocations=136 (full 18):
 PSYoungGen      total 232960K, used 116736K [0x00000007aab00000, 0x00000007c0000000, 0x00000007c0000000)
  eden space 116736K, 100% used [0x00000007aab00000,0x00000007b1d00000,0x00000007b1d00000)
  from space 116224K, 0% used [0x00000007b8e80000,0x00000007b8e80000,0x00000007c0000000)
  to   space 116224K, 0% used [0x00000007b1d00000,0x00000007b1d00000,0x00000007b8e80000)
 ParOldGen       total 699392K, used 636720K [0x0000000780000000, 0x00000007aab00000, 0x00000007aab00000)
  object space 699392K, 91% used [0x0000000780000000,0x00000007a6dcc230,0x00000007aab00000)
 Metaspace       used 102084K, capacity 106142K, committed 106456K, reserved 1138688K
  class space    used 16813K, capacity 17288K, committed 17368K, reserved 1048576K
Event: 338.586 GC heap after
Heap after GC invocations=136 (full 18):
 PSYoungGen      total 232960K, used 0K [0x00000007aab00000, 0x00000007c0000000, 0x00000007c0000000)
  eden space 116736K, 0% used [0x00000007aab00000,0x00000007aab00000,0x00000007b1d00000)
  from space 116224K, 0% used [0x00000007b8e80000,0x00000007b8e80000,0x00000007c0000000)
  to   space 116224K, 0% used [0x00000007b1d00000,0x00000007b1d00000,0x00000007b8e80000)
 ParOldGen       total 699392K, used 639522K [0x0000000780000000, 0x00000007aab00000, 0x00000007aab00000)
  object space 699392K, 91% used [0x0000000780000000,0x00000007a7088a70,0x00000007aab00000)
 Metaspace       used 102084K, capacity 106142K, committed 106456K, reserved 1138688K
  class space    used 16813K, capacity 17288K, committed 17368K, reserved 1048576K
}
Event: 350.967 GC heap before
{Heap before GC invocations=137 (full 19):
 PSYoungGen      total 232960K, used 116736K [0x00000007aab00000, 0x00000007c0000000, 0x00000007c0000000)
  eden space 116736K, 100% used [0x00000007aab00000,0x00000007b1d00000,0x00000007b1d00000)
  from space 116224K, 0% used [0x00000007b8e80000,0x00000007b8e80000,0x00000007c0000000)
  to   space 116224K, 0% used [0x00000007b1d00000,0x00000007b1d00000,0x00000007b8e80000)
 ParOldGen       total 699392K, used 639522K [0x0000000780000000, 0x00000007aab00000, 0x00000007aab00000)
  object space 699392K, 91% used [0x0000000780000000,0x00000007a7088a70,0x00000007aab00000)
 Metaspace       used 102100K, capacity 106148K, committed 106456K, reserved 1138688K
  class space    used 16814K, capacity 17289K, committed 17368K, reserved 1048576K
Event: 351.069 GC heap after
Heap after GC invocations=137 (full 19):
 PSYoungGen      total 232960K, used 0K [0x00000007aab00000, 0x00000007c0000000, 0x00000007c0000000)
  eden space 116736K, 0% used [0x00000007aab00000,0x00000007aab00000,0x00000007b1d00000)
  from space 116224K, 0% used [0x00000007b8e80000,0x00000007b8e80000,0x00000007c0000000)
  to   space 116224K, 0% used [0x00000007b1d00000,0x00000007b1d00000,0x00000007b8e80000)
 ParOldGen       total 653312K, used 103956K [0x0000000780000000, 0x00000007a7e00000, 0x00000007aab00000)
  object space 653312K, 15% used [0x0000000780000000,0x00000007865852d8,0x00000007a7e00000)
 Metaspace       used 102058K, capacity 106062K, committed 106456K, reserved 1138688K
  class space    used 16808K, capacity 17283K, committed 17368K, reserved 1048576K
}
Event: 429.571 GC heap before
{Heap before GC invocations=138 (full 19):
 PSYoungGen      total 232960K, used 116736K [0x00000007aab00000, 0x00000007c0000000, 0x00000007c0000000)
  eden space 116736K, 100% used [0x00000007aab00000,0x00000007b1d00000,0x00000007b1d00000)
  from space 116224K, 0% used [0x00000007b8e80000,0x00000007b8e80000,0x00000007c0000000)
  to   space 116224K, 0% used [0x00000007b1d00000,0x00000007b1d00000,0x00000007b8e80000)
 ParOldGen       total 653312K, used 103956K [0x0000000780000000, 0x00000007a7e00000, 0x00000007aab00000)
  object space 653312K, 15% used [0x0000000780000000,0x00000007865852d8,0x00000007a7e00000)
 Metaspace       used 102058K, capacity 106062K, committed 106456K, reserved 1138688K
  class space    used 16808K, capacity 17283K, committed 17368K, reserved 1048576K
Event: 429.576 GC heap after
Heap after GC invocations=138 (full 19):
 PSYoungGen      total 232960K, used 4512K [0x00000007aab00000, 0x00000007c0000000, 0x00000007c0000000)
  eden space 116736K, 0% used [0x00000007aab00000,0x00000007aab00000,0x00000007b1d00000)
  from space 116224K, 3% used [0x00000007b1d00000,0x00000007b2168010,0x00000007b8e80000)
  to   space 116224K, 0% used [0x00000007b8e80000,0x00000007b8e80000,0x00000007c0000000)
 ParOldGen       total 653312K, used 103956K [0x0000000780000000, 0x00000007a7e00000, 0x00000007aab00000)
  object space 653312K, 15% used [0x0000000780000000,0x00000007865852d8,0x00000007a7e00000)
 Metaspace       used 102058K, capacity 106062K, committed 106456K, reserved 1138688K
  class space    used 16808K, capacity 17283K, committed 17368K, reserved 1048576K
}
Event: 489.574 GC heap before
{Heap before GC invocations=139 (full 19):
 PSYoungGen      total 232960K, used 121248K [0x00000007aab00000, 0x00000007c0000000, 0x00000007c0000000)
  eden space 116736K, 100% used [0x00000007aab00000,0x00000007b1d00000,0x00000007b1d00000)
  from space 116224K, 3% used [0x00000007b1d00000,0x00000007b2168010,0x00000007b8e80000)
  to   space 116224K, 0% used [0x00000007b8e80000,0x00000007b8e80000,0x00000007c0000000)
 ParOldGen       total 653312K, used 103956K [0x0000000780000000, 0x00000007a7e00000, 0x00000007aab00000)
  object space 653312K, 15% used [0x0000000780000000,0x00000007865852d8,0x00000007a7e00000)
 Metaspace       used 102058K, capacity 106062K, committed 106456K, reserved 1138688K
  class space    used 16808K, capacity 17283K, committed 17368K, reserved 1048576K
Event: 489.580 GC heap after
Heap after GC invocations=139 (full 19):
 PSYoungGen      total 232960K, used 1696K [0x00000007aab00000, 0x00000007c0000000, 0x00000007c0000000)
  eden space 116736K, 0% used [0x00000007aab00000,0x00000007aab00000,0x00000007b1d00000)
  from space 116224K, 1% used [0x00000007b8e80000,0x00000007b9028000,0x00000007c0000000)
  to   space 116224K, 0% used [0x00000007b1d00000,0x00000007b1d00000,0x00000007b8e80000)
 ParOldGen       total 653312K, used 108292K [0x0000000780000000, 0x00000007a7e00000, 0x00000007aab00000)
  object space 653312K, 16% used [0x0000000780000000,0x00000007869c12e8,0x00000007a7e00000)
 Metaspace       used 102058K, capacity 106062K, committed 106456K, reserved 1138688K
  class space    used 16808K, capacity 17283K, committed 17368K, reserved 1048576K
}
Event: 511.882 GC heap before
{Heap before GC invocations=140 (full 19):
 PSYoungGen      total 232960K, used 118432K [0x00000007aab00000, 0x00000007c0000000, 0x00000007c0000000)
  eden space 116736K, 100% used [0x00000007aab00000,0x00000007b1d00000,0x00000007b1d00000)
  from space 116224K, 1% used [0x00000007b8e80000,0x00000007b9028000,0x00000007c0000000)
  to   space 116224K, 0% used [0x00000007b1d00000,0x00000007b1d00000,0x00000007b8e80000)
 ParOldGen       total 653312K, used 108292K [0x0000000780000000, 0x00000007a7e00000, 0x00000007aab00000)
  object space 653312K, 16% used [0x0000000780000000,0x00000007869c12e8,0x00000007a7e00000)
 Metaspace       used 102058K, capacity 106062K, committed 106456K, reserved 1138688K
  class space    used 16808K, capacity 17283K, committed 17368K, reserved 1048576K
Event: 511.886 GC heap after
Heap after GC invocations=140 (full 19):
 PSYoungGen      total 120320K, used 3456K [0x00000007aab00000, 0x00000007bfb00000, 0x00000007c0000000)
  eden space 116736K, 0% used [0x00000007aab00000,0x00000007aab00000,0x00000007b1d00000)
  from space 3584K, 96% used [0x00000007b1d00000,0x00000007b2060000,0x00000007b2080000)
  to   space 113664K, 0% used [0x00000007b8c00000,0x00000007b8c00000,0x00000007bfb00000)
 ParOldGen       total 653312K, used 109532K [0x0000000780000000, 0x00000007a7e00000, 0x00000007aab00000)
  object space 653312K, 16% used [0x0000000780000000,0x0000000786af72e8,0x00000007a7e00000)
 Metaspace       used 102058K, capacity 106062K, committed 106456K, reserved 1138688K
  class space    used 16808K, capacity 17283K, committed 17368K, reserved 1048576K
}

