# JRE version: Java(TM) SE Runtime Environment (8.0_144-b01) (build 1.8.0_144-b01)
# Java VM: Java HotSpot(TM) 64-Bit Server VM (25.144-b01 mixed mode bsd-amd64 compressed oops)
Heap:
 PSYoungGen      total 219136K, used 15632K [0x00000007aab00000, 0x00000007bea80000, 0x00000007c0000000)
  eden space 122368K, 4% used [0x00000007aab00000,0x00000007ab08c120,0x00000007b2280000)
  from space 96768K, 10% used [0x00000007b8c00000,0x00000007b95b8040,0x00000007bea80000)
  to   space 102400K, 0% used [0x00000007b2280000,0x00000007b2280000,0x00000007b8680000)
 ParOldGen       total 699392K, used 253587K [0x0000000780000000, 0x00000007aab00000, 0x00000007aab00000)
  object space 699392K, 36% used [0x0000000780000000,0x000000078f7a4c80,0x00000007aab00000)
 Metaspace       used 119475K, capacity 124392K, committed 124504K, reserved 1153024K
  class space    used 19414K, capacity 19959K, committed 20056K, reserved 1048576K
GC Heap History (10 events):
Event: 433.830 GC heap before
{Heap before GC invocations=199 (full 33):
 PSYoungGen      total 232960K, used 121130K [0x00000007aab00000, 0x00000007c0000000, 0x00000007c0000000)
  eden space 116736K, 100% used [0x00000007aab00000,0x00000007b1d00000,0x00000007b1d00000)
  from space 116224K, 3% used [0x00000007b1d00000,0x00000007b214a908,0x00000007b8e80000)
  to   space 116224K, 0% used [0x00000007b8e80000,0x00000007b8e80000,0x00000007c0000000)
 ParOldGen       total 699392K, used 246420K [0x0000000780000000, 0x00000007aab00000, 0x00000007aab00000)
  object space 699392K, 35% used [0x0000000780000000,0x000000078f0a5378,0x00000007aab00000)
 Metaspace       used 110416K, capacity 115018K, committed 115288K, reserved 1146880K
  class space    used 18117K, capacity 18662K, committed 18776K, reserved 1048576K
Event: 433.838 GC heap after
Heap after GC invocations=199 (full 33):
 PSYoungGen      total 232960K, used 9378K [0x00000007aab00000, 0x00000007c0000000, 0x00000007c0000000)
  eden space 116736K, 0% used [0x00000007aab00000,0x00000007aab00000,0x00000007b1d00000)
  from space 116224K, 8% used [0x00000007b8e80000,0x00000007b97a88f8,0x00000007c0000000)
  to   space 116224K, 0% used [0x00000007b1d00000,0x00000007b1d00000,0x00000007b8e80000)
 ParOldGen       total 699392K, used 250116K [0x0000000780000000, 0x00000007aab00000, 0x00000007aab00000)
  object space 699392K, 35% used [0x0000000780000000,0x000000078f441388,0x00000007aab00000)
 Metaspace       used 110416K, capacity 115018K, committed 115288K, reserved 1146880K
  class space    used 18117K, capacity 18662K, committed 18776K, reserved 1048576K
}
Event: 440.488 GC heap before
{Heap before GC invocations=200 (full 33):
 PSYoungGen      total 232960K, used 126114K [0x00000007aab00000, 0x00000007c0000000, 0x00000007c0000000)
  eden space 116736K, 100% used [0x00000007aab00000,0x00000007b1d00000,0x00000007b1d00000)
  from space 116224K, 8% used [0x00000007b8e80000,0x00000007b97a88f8,0x00000007c0000000)
  to   space 116224K, 0% used [0x00000007b1d00000,0x00000007b1d00000,0x00000007b8e80000)
 ParOldGen       total 699392K, used 250116K [0x0000000780000000, 0x00000007aab00000, 0x00000007aab00000)
  object space 699392K, 35% used [0x0000000780000000,0x000000078f441388,0x00000007aab00000)
 Metaspace       used 118558K, capacity 123294K, committed 123608K, reserved 1153024K
  class space    used 19264K, capacity 19803K, committed 19928K, reserved 1048576K
Event: 440.499 GC heap after
Heap after GC invocations=200 (full 33):
 PSYoungGen      total 126976K, used 10146K [0x00000007aab00000, 0x00000007bfc00000, 0x00000007c0000000)
  eden space 116736K, 0% used [0x00000007aab00000,0x00000007aab00000,0x00000007b1d00000)
  from space 10240K, 99% used [0x00000007b1d00000,0x00000007b26e8bd0,0x00000007b2700000)
  to   space 114176K, 0% used [0x00000007b8c80000,0x00000007b8c80000,0x00000007bfc00000)
 ParOldGen       total 699392K, used 253571K [0x0000000780000000, 0x00000007aab00000, 0x00000007aab00000)
  object space 699392K, 36% used [0x0000000780000000,0x000000078f7a0c80,0x00000007aab00000)
 Metaspace       used 118558K, capacity 123294K, committed 123608K, reserved 1153024K
  class space    used 19264K, capacity 19803K, committed 19928K, reserved 1048576K
}
Event: 513.159 GC heap before
{Heap before GC invocations=201 (full 33):
 PSYoungGen      total 126976K, used 126882K [0x00000007aab00000, 0x00000007bfc00000, 0x00000007c0000000)
  eden space 116736K, 100% used [0x00000007aab00000,0x00000007b1d00000,0x00000007b1d00000)
  from space 10240K, 99% used [0x00000007b1d00000,0x00000007b26e8bd0,0x00000007b2700000)
  to   space 114176K, 0% used [0x00000007b8c80000,0x00000007b8c80000,0x00000007bfc00000)
 ParOldGen       total 699392K, used 253571K [0x0000000780000000, 0x00000007aab00000, 0x00000007aab00000)
  object space 699392K, 36% used [0x0000000780000000,0x000000078f7a0c80,0x00000007aab00000)
 Metaspace       used 119475K, capacity 124392K, committed 124504K, reserved 1153024K
  class space    used 19414K, capacity 19959K, committed 20056K, reserved 1048576K
Event: 513.169 GC heap after
Heap after GC invocations=201 (full 33):
 PSYoungGen      total 231936K, used 4740K [0x00000007aab00000, 0x00000007bfa00000, 0x00000007c0000000)
  eden space 119808K, 0% used [0x00000007aab00000,0x00000007aab00000,0x00000007b2000000)
  from space 112128K, 4% used [0x00000007b8c80000,0x00000007b9121080,0x00000007bfa00000)
  to   space 111104K, 0% used [0x00000007b2000000,0x00000007b2000000,0x00000007b8c80000)
 ParOldGen       total 699392K, used 253579K [0x0000000780000000, 0x00000007aab00000, 0x00000007aab00000)
  object space 699392K, 36% used [0x0000000780000000,0x000000078f7a2c80,0x00000007aab00000)
 Metaspace       used 119475K, capacity 124392K, committed 124504K, reserved 1153024K
  class space    used 19414K, capacity 19959K, committed 20056K, reserved 1048576K
}
Event: 551.197 GC heap before
{Heap before GC invocations=202 (full 33):
 PSYoungGen      total 231936K, used 124548K [0x00000007aab00000, 0x00000007bfa00000, 0x00000007c0000000)
  eden space 119808K, 100% used [0x00000007aab00000,0x00000007b2000000,0x00000007b2000000)
  from space 112128K, 4% used [0x00000007b8c80000,0x00000007b9121080,0x00000007bfa00000)
  to   space 111104K, 0% used [0x00000007b2000000,0x00000007b2000000,0x00000007b8c80000)
 ParOldGen       total 699392K, used 253579K [0x0000000780000000, 0x00000007aab00000, 0x00000007aab00000)
  object space 699392K, 36% used [0x0000000780000000,0x000000078f7a2c80,0x00000007aab00000)
 Metaspace       used 119475K, capacity 124392K, committed 124504K, reserved 1153024K
  class space    used 19414K, capacity 19959K, committed 20056K, reserved 1048576K
Event: 551.205 GC heap after
Heap after GC invocations=202 (full 33):
 PSYoungGen      total 124928K, used 4832K [0x00000007aab00000, 0x00000007bf500000, 0x00000007c0000000)
  eden space 119808K, 0% used [0x00000007aab00000,0x00000007aab00000,0x00000007b2000000)
  from space 5120K, 94% used [0x00000007b2000000,0x00000007b24b8030,0x00000007b2500000)
  to   space 107520K, 0% used [0x00000007b8c00000,0x00000007b8c00000,0x00000007bf500000)
 ParOldGen       total 699392K, used 253587K [0x0000000780000000, 0x00000007aab00000, 0x00000007aab00000)
  object space 699392K, 36% used [0x0000000780000000,0x000000078f7a4c80,0x00000007aab00000)
 Metaspace       used 119475K, capacity 124392K, committed 124504K, reserved 1153024K
  class space    used 19414K, capacity 19959K, committed 20056K, reserved 1048576K
}
Event: 553.439 GC heap before
{Heap before GC invocations=203 (full 33):
 PSYoungGen      total 124928K, used 124640K [0x00000007aab00000, 0x00000007bf500000, 0x00000007c0000000)
  eden space 119808K, 100% used [0x00000007aab00000,0x00000007b2000000,0x00000007b2000000)
  from space 5120K, 94% used [0x00000007b2000000,0x00000007b24b8030,0x00000007b2500000)
  to   space 107520K, 0% used [0x00000007b8c00000,0x00000007b8c00000,0x00000007bf500000)
 ParOldGen       total 699392K, used 253587K [0x0000000780000000, 0x00000007aab00000, 0x00000007aab00000)
  object space 699392K, 36% used [0x0000000780000000,0x000000078f7a4c80,0x00000007aab00000)
 Metaspace       used 119475K, capacity 124392K, committed 124504K, reserved 1153024K
  class space    used 19414K, capacity 19959K, committed 20056K, reserved 1048576K
Event: 553.465 GC heap after
Heap after GC invocations=203 (full 33):
 PSYoungGen      total 219136K, used 9952K [0x00000007aab00000, 0x00000007bea80000, 0x00000007c0000000)
  eden space 122368K, 0% used [0x00000007aab00000,0x00000007aab00000,0x00000007b2280000)
  from space 96768K, 10% used [0x00000007b8c00000,0x00000007b95b8040,0x00000007bea80000)
  to   space 102400K, 0% used [0x00000007b2280000,0x00000007b2280000,0x00000007b8680000)
 ParOldGen       total 699392K, used 253587K [0x0000000780000000, 0x00000007aab00000, 0x00000007aab00000)
  object space 699392K, 36% used [0x0000000780000000,0x000000078f7a4c80,0x00000007aab00000)
 Metaspace       used 119475K, capacity 124392K, committed 124504K, reserved 1153024K
  class space    used 19414K, capacity 19959K, committed 20056K, reserved 1048576K
}

